ARM GAS  C:\Users\THOMPS~1\AppData\Local\Temp\cc4ErjRD.s 			page 1


   1              		.syntax unified
   2              		.cpu cortex-m3
   3              		.fpu softvfp
   4              		.eabi_attribute 20, 1
   5              		.eabi_attribute 21, 1
   6              		.eabi_attribute 23, 3
   7              		.eabi_attribute 24, 1
   8              		.eabi_attribute 25, 1
   9              		.eabi_attribute 26, 1
  10              		.eabi_attribute 30, 1
  11              		.eabi_attribute 34, 1
  12              		.eabi_attribute 18, 4
  13              		.thumb
  14              		.syntax unified
  15              		.file	"calibrate.c"
  16              		.text
  17              	.Ltext0:
  18              		.cfi_sections	.debug_frame
  19              		.section	.text.chatxxx,"ax",%progbits
  20              		.align	2
  21              		.global	chatxxx
  22              		.thumb
  23              		.thumb_func
  24              		.type	chatxxx, %function
  25              	chatxxx:
  26              	.LFB64:
  27              		.file 1 "calibrate.c"
   1:calibrate.c   **** #include "project.h"
   2:calibrate.c   **** #include "cytypes.h"
   3:calibrate.c   **** #include <stdbool.h>
   4:calibrate.c   **** #include <stdio.h>
   5:calibrate.c   **** 
   6:calibrate.c   **** void chatxxx(const char8 string[]) {
  28              		.loc 1 6 0
  29              		.cfi_startproc
  30              		@ args = 0, pretend = 0, frame = 0
  31              		@ frame_needed = 0, uses_anonymous_args = 0
  32              	.LVL0:
  33 0000 08B5     		push	{r3, lr}
  34              		.cfi_def_cfa_offset 8
  35              		.cfi_offset 3, -8
  36              		.cfi_offset 14, -4
   7:calibrate.c   ****   SW_Tx_UART_1_PutString(string);
  37              		.loc 1 7 0
  38 0002 FFF7FEFF 		bl	SW_Tx_UART_1_PutString
  39              	.LVL1:
   8:calibrate.c   ****   SW_Tx_UART_1_PutCRLF();
  40              		.loc 1 8 0
  41 0006 FFF7FEFF 		bl	SW_Tx_UART_1_PutCRLF
  42              	.LVL2:
  43 000a 08BD     		pop	{r3, pc}
  44              		.cfi_endproc
  45              	.LFE64:
  46              		.size	chatxxx, .-chatxxx
  47              		.text
  48              	.Letext0:
  49              		.file 2 "c:\\program files (x86)\\cypress\\psoc creator\\4.2\\psoc creator\\import\\gnu\\arm\\5.4.
ARM GAS  C:\Users\THOMPS~1\AppData\Local\Temp\cc4ErjRD.s 			page 2


  50              		.file 3 "c:\\program files (x86)\\cypress\\psoc creator\\4.2\\psoc creator\\import\\gnu\\arm\\5.4.
  51              		.file 4 "Generated_Source\\PSoC5/cytypes.h"
  52              		.file 5 "Generated_Source\\PSoC5/SW_Tx_UART_1.h"
  53              		.file 6 "Generated_Source\\PSoC5/core_cm3.h"
  54              		.section	.debug_info,"",%progbits
  55              	.Ldebug_info0:
  56 0000 22010000 		.4byte	0x122
  57 0004 0400     		.2byte	0x4
  58 0006 00000000 		.4byte	.Ldebug_abbrev0
  59 000a 04       		.byte	0x4
  60 000b 01       		.uleb128 0x1
  61 000c C0000000 		.4byte	.LASF19
  62 0010 0C       		.byte	0xc
  63 0011 C8010000 		.4byte	.LASF20
  64 0015 2E000000 		.4byte	.LASF21
  65 0019 00000000 		.4byte	.Ldebug_ranges0+0
  66 001d 00000000 		.4byte	0
  67 0021 00000000 		.4byte	.Ldebug_line0
  68 0025 02       		.uleb128 0x2
  69 0026 01       		.byte	0x1
  70 0027 06       		.byte	0x6
  71 0028 E1010000 		.4byte	.LASF0
  72 002c 02       		.uleb128 0x2
  73 002d 01       		.byte	0x1
  74 002e 08       		.byte	0x8
  75 002f 94010000 		.4byte	.LASF1
  76 0033 02       		.uleb128 0x2
  77 0034 02       		.byte	0x2
  78 0035 05       		.byte	0x5
  79 0036 B7010000 		.4byte	.LASF2
  80 003a 02       		.uleb128 0x2
  81 003b 02       		.byte	0x2
  82 003c 07       		.byte	0x7
  83 003d 0E000000 		.4byte	.LASF3
  84 0041 03       		.uleb128 0x3
  85 0042 F9010000 		.4byte	.LASF9
  86 0046 02       		.byte	0x2
  87 0047 3F       		.byte	0x3f
  88 0048 4C000000 		.4byte	0x4c
  89 004c 02       		.uleb128 0x2
  90 004d 04       		.byte	0x4
  91 004e 05       		.byte	0x5
  92 004f AE010000 		.4byte	.LASF4
  93 0053 02       		.uleb128 0x2
  94 0054 04       		.byte	0x4
  95 0055 07       		.byte	0x7
  96 0056 4E010000 		.4byte	.LASF5
  97 005a 02       		.uleb128 0x2
  98 005b 08       		.byte	0x8
  99 005c 05       		.byte	0x5
 100 005d 00000000 		.4byte	.LASF6
 101 0061 02       		.uleb128 0x2
 102 0062 08       		.byte	0x8
 103 0063 07       		.byte	0x7
 104 0064 60010000 		.4byte	.LASF7
 105 0068 04       		.uleb128 0x4
 106 0069 04       		.byte	0x4
ARM GAS  C:\Users\THOMPS~1\AppData\Local\Temp\cc4ErjRD.s 			page 3


 107 006a 05       		.byte	0x5
 108 006b 696E7400 		.ascii	"int\000"
 109 006f 02       		.uleb128 0x2
 110 0070 04       		.byte	0x4
 111 0071 07       		.byte	0x7
 112 0072 21000000 		.4byte	.LASF8
 113 0076 03       		.uleb128 0x3
 114 0077 11020000 		.4byte	.LASF10
 115 007b 03       		.byte	0x3
 116 007c 2C       		.byte	0x2c
 117 007d 41000000 		.4byte	0x41
 118 0081 02       		.uleb128 0x2
 119 0082 04       		.byte	0x4
 120 0083 04       		.byte	0x4
 121 0084 03020000 		.4byte	.LASF11
 122 0088 02       		.uleb128 0x2
 123 0089 08       		.byte	0x8
 124 008a 04       		.byte	0x4
 125 008b C1010000 		.4byte	.LASF12
 126 008f 05       		.uleb128 0x5
 127 0090 77010000 		.4byte	.LASF13
 128 0094 04       		.byte	0x4
 129 0095 F501     		.2byte	0x1f5
 130 0097 9B000000 		.4byte	0x9b
 131 009b 02       		.uleb128 0x2
 132 009c 01       		.byte	0x1
 133 009d 08       		.byte	0x8
 134 009e A2010000 		.4byte	.LASF14
 135 00a2 02       		.uleb128 0x2
 136 00a3 08       		.byte	0x8
 137 00a4 04       		.byte	0x4
 138 00a5 ED010000 		.4byte	.LASF15
 139 00a9 02       		.uleb128 0x2
 140 00aa 04       		.byte	0x4
 141 00ab 07       		.byte	0x7
 142 00ac 2E020000 		.4byte	.LASF16
 143 00b0 06       		.uleb128 0x6
 144 00b1 09020000 		.4byte	.LASF22
 145 00b5 01       		.byte	0x1
 146 00b6 06       		.byte	0x6
 147 00b7 00000000 		.4byte	.LFB64
 148 00bb 0C000000 		.4byte	.LFE64-.LFB64
 149 00bf 01       		.uleb128 0x1
 150 00c0 9C       		.byte	0x9c
 151 00c1 F3000000 		.4byte	0xf3
 152 00c5 07       		.uleb128 0x7
 153 00c6 A7010000 		.4byte	.LASF23
 154 00ca 01       		.byte	0x1
 155 00cb 06       		.byte	0x6
 156 00cc F3000000 		.4byte	0xf3
 157 00d0 00000000 		.4byte	.LLST0
 158 00d4 08       		.uleb128 0x8
 159 00d5 06000000 		.4byte	.LVL1
 160 00d9 0F010000 		.4byte	0x10f
 161 00dd E9000000 		.4byte	0xe9
 162 00e1 09       		.uleb128 0x9
 163 00e2 01       		.uleb128 0x1
ARM GAS  C:\Users\THOMPS~1\AppData\Local\Temp\cc4ErjRD.s 			page 4


 164 00e3 50       		.byte	0x50
 165 00e4 03       		.uleb128 0x3
 166 00e5 F3       		.byte	0xf3
 167 00e6 01       		.uleb128 0x1
 168 00e7 50       		.byte	0x50
 169 00e8 00       		.byte	0
 170 00e9 0A       		.uleb128 0xa
 171 00ea 0A000000 		.4byte	.LVL2
 172 00ee 1A010000 		.4byte	0x11a
 173 00f2 00       		.byte	0
 174 00f3 0B       		.uleb128 0xb
 175 00f4 04       		.byte	0x4
 176 00f5 F9000000 		.4byte	0xf9
 177 00f9 0C       		.uleb128 0xc
 178 00fa 8F000000 		.4byte	0x8f
 179 00fe 0D       		.uleb128 0xd
 180 00ff D4010000 		.4byte	.LASF24
 181 0103 06       		.byte	0x6
 182 0104 1207     		.2byte	0x712
 183 0106 0A010000 		.4byte	0x10a
 184 010a 0E       		.uleb128 0xe
 185 010b 76000000 		.4byte	0x76
 186 010f 0F       		.uleb128 0xf
 187 0110 7D010000 		.4byte	.LASF17
 188 0114 7D010000 		.4byte	.LASF17
 189 0118 05       		.byte	0x5
 190 0119 26       		.byte	0x26
 191 011a 0F       		.uleb128 0xf
 192 011b 19020000 		.4byte	.LASF18
 193 011f 19020000 		.4byte	.LASF18
 194 0123 05       		.byte	0x5
 195 0124 2A       		.byte	0x2a
 196 0125 00       		.byte	0
 197              		.section	.debug_abbrev,"",%progbits
 198              	.Ldebug_abbrev0:
 199 0000 01       		.uleb128 0x1
 200 0001 11       		.uleb128 0x11
 201 0002 01       		.byte	0x1
 202 0003 25       		.uleb128 0x25
 203 0004 0E       		.uleb128 0xe
 204 0005 13       		.uleb128 0x13
 205 0006 0B       		.uleb128 0xb
 206 0007 03       		.uleb128 0x3
 207 0008 0E       		.uleb128 0xe
 208 0009 1B       		.uleb128 0x1b
 209 000a 0E       		.uleb128 0xe
 210 000b 55       		.uleb128 0x55
 211 000c 17       		.uleb128 0x17
 212 000d 11       		.uleb128 0x11
 213 000e 01       		.uleb128 0x1
 214 000f 10       		.uleb128 0x10
 215 0010 17       		.uleb128 0x17
 216 0011 00       		.byte	0
 217 0012 00       		.byte	0
 218 0013 02       		.uleb128 0x2
 219 0014 24       		.uleb128 0x24
 220 0015 00       		.byte	0
ARM GAS  C:\Users\THOMPS~1\AppData\Local\Temp\cc4ErjRD.s 			page 5


 221 0016 0B       		.uleb128 0xb
 222 0017 0B       		.uleb128 0xb
 223 0018 3E       		.uleb128 0x3e
 224 0019 0B       		.uleb128 0xb
 225 001a 03       		.uleb128 0x3
 226 001b 0E       		.uleb128 0xe
 227 001c 00       		.byte	0
 228 001d 00       		.byte	0
 229 001e 03       		.uleb128 0x3
 230 001f 16       		.uleb128 0x16
 231 0020 00       		.byte	0
 232 0021 03       		.uleb128 0x3
 233 0022 0E       		.uleb128 0xe
 234 0023 3A       		.uleb128 0x3a
 235 0024 0B       		.uleb128 0xb
 236 0025 3B       		.uleb128 0x3b
 237 0026 0B       		.uleb128 0xb
 238 0027 49       		.uleb128 0x49
 239 0028 13       		.uleb128 0x13
 240 0029 00       		.byte	0
 241 002a 00       		.byte	0
 242 002b 04       		.uleb128 0x4
 243 002c 24       		.uleb128 0x24
 244 002d 00       		.byte	0
 245 002e 0B       		.uleb128 0xb
 246 002f 0B       		.uleb128 0xb
 247 0030 3E       		.uleb128 0x3e
 248 0031 0B       		.uleb128 0xb
 249 0032 03       		.uleb128 0x3
 250 0033 08       		.uleb128 0x8
 251 0034 00       		.byte	0
 252 0035 00       		.byte	0
 253 0036 05       		.uleb128 0x5
 254 0037 16       		.uleb128 0x16
 255 0038 00       		.byte	0
 256 0039 03       		.uleb128 0x3
 257 003a 0E       		.uleb128 0xe
 258 003b 3A       		.uleb128 0x3a
 259 003c 0B       		.uleb128 0xb
 260 003d 3B       		.uleb128 0x3b
 261 003e 05       		.uleb128 0x5
 262 003f 49       		.uleb128 0x49
 263 0040 13       		.uleb128 0x13
 264 0041 00       		.byte	0
 265 0042 00       		.byte	0
 266 0043 06       		.uleb128 0x6
 267 0044 2E       		.uleb128 0x2e
 268 0045 01       		.byte	0x1
 269 0046 3F       		.uleb128 0x3f
 270 0047 19       		.uleb128 0x19
 271 0048 03       		.uleb128 0x3
 272 0049 0E       		.uleb128 0xe
 273 004a 3A       		.uleb128 0x3a
 274 004b 0B       		.uleb128 0xb
 275 004c 3B       		.uleb128 0x3b
 276 004d 0B       		.uleb128 0xb
 277 004e 27       		.uleb128 0x27
ARM GAS  C:\Users\THOMPS~1\AppData\Local\Temp\cc4ErjRD.s 			page 6


 278 004f 19       		.uleb128 0x19
 279 0050 11       		.uleb128 0x11
 280 0051 01       		.uleb128 0x1
 281 0052 12       		.uleb128 0x12
 282 0053 06       		.uleb128 0x6
 283 0054 40       		.uleb128 0x40
 284 0055 18       		.uleb128 0x18
 285 0056 9742     		.uleb128 0x2117
 286 0058 19       		.uleb128 0x19
 287 0059 01       		.uleb128 0x1
 288 005a 13       		.uleb128 0x13
 289 005b 00       		.byte	0
 290 005c 00       		.byte	0
 291 005d 07       		.uleb128 0x7
 292 005e 05       		.uleb128 0x5
 293 005f 00       		.byte	0
 294 0060 03       		.uleb128 0x3
 295 0061 0E       		.uleb128 0xe
 296 0062 3A       		.uleb128 0x3a
 297 0063 0B       		.uleb128 0xb
 298 0064 3B       		.uleb128 0x3b
 299 0065 0B       		.uleb128 0xb
 300 0066 49       		.uleb128 0x49
 301 0067 13       		.uleb128 0x13
 302 0068 02       		.uleb128 0x2
 303 0069 17       		.uleb128 0x17
 304 006a 00       		.byte	0
 305 006b 00       		.byte	0
 306 006c 08       		.uleb128 0x8
 307 006d 898201   		.uleb128 0x4109
 308 0070 01       		.byte	0x1
 309 0071 11       		.uleb128 0x11
 310 0072 01       		.uleb128 0x1
 311 0073 31       		.uleb128 0x31
 312 0074 13       		.uleb128 0x13
 313 0075 01       		.uleb128 0x1
 314 0076 13       		.uleb128 0x13
 315 0077 00       		.byte	0
 316 0078 00       		.byte	0
 317 0079 09       		.uleb128 0x9
 318 007a 8A8201   		.uleb128 0x410a
 319 007d 00       		.byte	0
 320 007e 02       		.uleb128 0x2
 321 007f 18       		.uleb128 0x18
 322 0080 9142     		.uleb128 0x2111
 323 0082 18       		.uleb128 0x18
 324 0083 00       		.byte	0
 325 0084 00       		.byte	0
 326 0085 0A       		.uleb128 0xa
 327 0086 898201   		.uleb128 0x4109
 328 0089 00       		.byte	0
 329 008a 11       		.uleb128 0x11
 330 008b 01       		.uleb128 0x1
 331 008c 31       		.uleb128 0x31
 332 008d 13       		.uleb128 0x13
 333 008e 00       		.byte	0
 334 008f 00       		.byte	0
ARM GAS  C:\Users\THOMPS~1\AppData\Local\Temp\cc4ErjRD.s 			page 7


 335 0090 0B       		.uleb128 0xb
 336 0091 0F       		.uleb128 0xf
 337 0092 00       		.byte	0
 338 0093 0B       		.uleb128 0xb
 339 0094 0B       		.uleb128 0xb
 340 0095 49       		.uleb128 0x49
 341 0096 13       		.uleb128 0x13
 342 0097 00       		.byte	0
 343 0098 00       		.byte	0
 344 0099 0C       		.uleb128 0xc
 345 009a 26       		.uleb128 0x26
 346 009b 00       		.byte	0
 347 009c 49       		.uleb128 0x49
 348 009d 13       		.uleb128 0x13
 349 009e 00       		.byte	0
 350 009f 00       		.byte	0
 351 00a0 0D       		.uleb128 0xd
 352 00a1 34       		.uleb128 0x34
 353 00a2 00       		.byte	0
 354 00a3 03       		.uleb128 0x3
 355 00a4 0E       		.uleb128 0xe
 356 00a5 3A       		.uleb128 0x3a
 357 00a6 0B       		.uleb128 0xb
 358 00a7 3B       		.uleb128 0x3b
 359 00a8 05       		.uleb128 0x5
 360 00a9 49       		.uleb128 0x49
 361 00aa 13       		.uleb128 0x13
 362 00ab 3F       		.uleb128 0x3f
 363 00ac 19       		.uleb128 0x19
 364 00ad 3C       		.uleb128 0x3c
 365 00ae 19       		.uleb128 0x19
 366 00af 00       		.byte	0
 367 00b0 00       		.byte	0
 368 00b1 0E       		.uleb128 0xe
 369 00b2 35       		.uleb128 0x35
 370 00b3 00       		.byte	0
 371 00b4 49       		.uleb128 0x49
 372 00b5 13       		.uleb128 0x13
 373 00b6 00       		.byte	0
 374 00b7 00       		.byte	0
 375 00b8 0F       		.uleb128 0xf
 376 00b9 2E       		.uleb128 0x2e
 377 00ba 00       		.byte	0
 378 00bb 3F       		.uleb128 0x3f
 379 00bc 19       		.uleb128 0x19
 380 00bd 3C       		.uleb128 0x3c
 381 00be 19       		.uleb128 0x19
 382 00bf 6E       		.uleb128 0x6e
 383 00c0 0E       		.uleb128 0xe
 384 00c1 03       		.uleb128 0x3
 385 00c2 0E       		.uleb128 0xe
 386 00c3 3A       		.uleb128 0x3a
 387 00c4 0B       		.uleb128 0xb
 388 00c5 3B       		.uleb128 0x3b
 389 00c6 0B       		.uleb128 0xb
 390 00c7 00       		.byte	0
 391 00c8 00       		.byte	0
ARM GAS  C:\Users\THOMPS~1\AppData\Local\Temp\cc4ErjRD.s 			page 8


 392 00c9 00       		.byte	0
 393              		.section	.debug_loc,"",%progbits
 394              	.Ldebug_loc0:
 395              	.LLST0:
 396 0000 00000000 		.4byte	.LVL0
 397 0004 05000000 		.4byte	.LVL1-1
 398 0008 0100     		.2byte	0x1
 399 000a 50       		.byte	0x50
 400 000b 05000000 		.4byte	.LVL1-1
 401 000f 0C000000 		.4byte	.LFE64
 402 0013 0400     		.2byte	0x4
 403 0015 F3       		.byte	0xf3
 404 0016 01       		.uleb128 0x1
 405 0017 50       		.byte	0x50
 406 0018 9F       		.byte	0x9f
 407 0019 00000000 		.4byte	0
 408 001d 00000000 		.4byte	0
 409              		.section	.debug_aranges,"",%progbits
 410 0000 1C000000 		.4byte	0x1c
 411 0004 0200     		.2byte	0x2
 412 0006 00000000 		.4byte	.Ldebug_info0
 413 000a 04       		.byte	0x4
 414 000b 00       		.byte	0
 415 000c 0000     		.2byte	0
 416 000e 0000     		.2byte	0
 417 0010 00000000 		.4byte	.LFB64
 418 0014 0C000000 		.4byte	.LFE64-.LFB64
 419 0018 00000000 		.4byte	0
 420 001c 00000000 		.4byte	0
 421              		.section	.debug_ranges,"",%progbits
 422              	.Ldebug_ranges0:
 423 0000 00000000 		.4byte	.LFB64
 424 0004 0C000000 		.4byte	.LFE64
 425 0008 00000000 		.4byte	0
 426 000c 00000000 		.4byte	0
 427              		.section	.debug_line,"",%progbits
 428              	.Ldebug_line0:
 429 0000 78010000 		.section	.debug_str,"MS",%progbits,1
 429      02006301 
 429      00000201 
 429      FB0E0D00 
 429      01010101 
 430              	.LASF6:
 431 0000 6C6F6E67 		.ascii	"long long int\000"
 431      206C6F6E 
 431      6720696E 
 431      7400
 432              	.LASF3:
 433 000e 73686F72 		.ascii	"short unsigned int\000"
 433      7420756E 
 433      7369676E 
 433      65642069 
 433      6E7400
 434              	.LASF8:
 435 0021 756E7369 		.ascii	"unsigned int\000"
 435      676E6564 
 435      20696E74 
ARM GAS  C:\Users\THOMPS~1\AppData\Local\Temp\cc4ErjRD.s 			page 9


 435      00
 436              	.LASF21:
 437 002e 5C5C766C 		.ascii	"\\\\vladan\\Thompson Lab Documents\\Graham\\Arduino"
 437      6164616E 
 437      5C54686F 
 437      6D70736F 
 437      6E204C61 
 438 005c 5C547269 		.ascii	"\\Triggered Relocker\\src\\Adjustable Automated Rel"
 438      67676572 
 438      65642052 
 438      656C6F63 
 438      6B65725C 
 439 008c 6F636B65 		.ascii	"ocker Code\\Adjustable Automated Relocker Code.cyds"
 439      7220436F 
 439      64655C41 
 439      646A7573 
 439      7461626C 
 440 00be 6E00     		.ascii	"n\000"
 441              	.LASF19:
 442 00c0 474E5520 		.ascii	"GNU C11 5.4.1 20160609 (release) [ARM/embedded-5-br"
 442      43313120 
 442      352E342E 
 442      31203230 
 442      31363036 
 443 00f3 616E6368 		.ascii	"anch revision 237715] -mcpu=cortex-m3 -mthumb -g -O"
 443      20726576 
 443      6973696F 
 443      6E203233 
 443      37373135 
 444 0126 67202D66 		.ascii	"g -ffunction-sections -ffat-lto-objects\000"
 444      66756E63 
 444      74696F6E 
 444      2D736563 
 444      74696F6E 
 445              	.LASF5:
 446 014e 6C6F6E67 		.ascii	"long unsigned int\000"
 446      20756E73 
 446      69676E65 
 446      6420696E 
 446      7400
 447              	.LASF7:
 448 0160 6C6F6E67 		.ascii	"long long unsigned int\000"
 448      206C6F6E 
 448      6720756E 
 448      7369676E 
 448      65642069 
 449              	.LASF13:
 450 0177 63686172 		.ascii	"char8\000"
 450      3800
 451              	.LASF17:
 452 017d 53575F54 		.ascii	"SW_Tx_UART_1_PutString\000"
 452      785F5541 
 452      52545F31 
 452      5F507574 
 452      53747269 
 453              	.LASF1:
 454 0194 756E7369 		.ascii	"unsigned char\000"
ARM GAS  C:\Users\THOMPS~1\AppData\Local\Temp\cc4ErjRD.s 			page 10


 454      676E6564 
 454      20636861 
 454      7200
 455              	.LASF14:
 456 01a2 63686172 		.ascii	"char\000"
 456      00
 457              	.LASF23:
 458 01a7 73747269 		.ascii	"string\000"
 458      6E6700
 459              	.LASF4:
 460 01ae 6C6F6E67 		.ascii	"long int\000"
 460      20696E74 
 460      00
 461              	.LASF2:
 462 01b7 73686F72 		.ascii	"short int\000"
 462      7420696E 
 462      7400
 463              	.LASF12:
 464 01c1 646F7562 		.ascii	"double\000"
 464      6C6500
 465              	.LASF20:
 466 01c8 63616C69 		.ascii	"calibrate.c\000"
 466      62726174 
 466      652E6300 
 467              	.LASF24:
 468 01d4 49544D5F 		.ascii	"ITM_RxBuffer\000"
 468      52784275 
 468      66666572 
 468      00
 469              	.LASF0:
 470 01e1 7369676E 		.ascii	"signed char\000"
 470      65642063 
 470      68617200 
 471              	.LASF15:
 472 01ed 6C6F6E67 		.ascii	"long double\000"
 472      20646F75 
 472      626C6500 
 473              	.LASF9:
 474 01f9 5F5F696E 		.ascii	"__int32_t\000"
 474      7433325F 
 474      7400
 475              	.LASF11:
 476 0203 666C6F61 		.ascii	"float\000"
 476      7400
 477              	.LASF22:
 478 0209 63686174 		.ascii	"chatxxx\000"
 478      78787800 
 479              	.LASF10:
 480 0211 696E7433 		.ascii	"int32_t\000"
 480      325F7400 
 481              	.LASF18:
 482 0219 53575F54 		.ascii	"SW_Tx_UART_1_PutCRLF\000"
 482      785F5541 
 482      52545F31 
 482      5F507574 
 482      43524C46 
 483              	.LASF16:
ARM GAS  C:\Users\THOMPS~1\AppData\Local\Temp\cc4ErjRD.s 			page 11


 484 022e 73697A65 		.ascii	"sizetype\000"
 484      74797065 
 484      00
 485              		.ident	"GCC: (GNU Tools for ARM Embedded Processors) 5.4.1 20160609 (release) [ARM/embedded-5-bran
