ARM GAS  C:\Users\THOMPS~1\AppData\Local\Temp\ccxBBgpb.s 			page 1


   1              		.syntax unified
   2              		.cpu cortex-m3
   3              		.fpu softvfp
   4              		.eabi_attribute 20, 1
   5              		.eabi_attribute 21, 1
   6              		.eabi_attribute 23, 3
   7              		.eabi_attribute 24, 1
   8              		.eabi_attribute 25, 1
   9              		.eabi_attribute 26, 1
  10              		.eabi_attribute 30, 4
  11              		.eabi_attribute 34, 1
  12              		.eabi_attribute 18, 4
  13              		.thumb
  14              		.syntax unified
  15              		.file	"cymetadata.c"
  16              		.text
  17              	.Ltext0:
  18              		.cfi_sections	.debug_frame
  19              		.global	cy_metadata
  20              		.global	cy_meta_flashprotect
  21              		.global	cy_meta_wonvl
  22              		.global	cy_meta_custnvl
  23              		.global	cy_meta_configecc
  24              		.section	.cyconfigecc,"a",%progbits
  25              		.type	cy_meta_configecc, %object
  26              		.size	cy_meta_configecc, 228
  27              	cy_meta_configecc:
  28 0000 01       		.byte	1
  29 0001 52       		.byte	82
  30 0002 00       		.byte	0
  31 0003 40       		.byte	64
  32 0004 05       		.byte	5
  33 0005 02       		.byte	2
  34 0006 01       		.byte	1
  35 0007 40       		.byte	64
  36 0008 03       		.byte	3
  37 0009 03       		.byte	3
  38 000a 01       		.byte	1
  39 000b 40       		.byte	64
  40 000c 01       		.byte	1
  41 000d 05       		.byte	5
  42 000e 01       		.byte	1
  43 000f 40       		.byte	64
  44 0010 01       		.byte	1
  45 0011 07       		.byte	7
  46 0012 01       		.byte	1
  47 0013 40       		.byte	64
  48 0014 01       		.byte	1
  49 0015 09       		.byte	9
  50 0016 01       		.byte	1
  51 0017 40       		.byte	64
  52 0018 01       		.byte	1
  53 0019 0B       		.byte	11
  54 001a 01       		.byte	1
  55 001b 40       		.byte	64
  56 001c 01       		.byte	1
  57 001d 15       		.byte	21
ARM GAS  C:\Users\THOMPS~1\AppData\Local\Temp\ccxBBgpb.s 			page 2


  58 001e 01       		.byte	1
  59 001f 40       		.byte	64
  60 0020 01       		.byte	1
  61 0021 1B       		.byte	27
  62 0022 01       		.byte	1
  63 0023 40       		.byte	64
  64 0024 02       		.byte	2
  65 0025 40       		.byte	64
  66 0026 01       		.byte	1
  67 0027 40       		.byte	64
  68 0028 05       		.byte	5
  69 0029 41       		.byte	65
  70 002a 01       		.byte	1
  71 002b 40       		.byte	64
  72 002c 01       		.byte	1
  73 002d 42       		.byte	66
  74 002e 01       		.byte	1
  75 002f 40       		.byte	64
  76 0030 02       		.byte	2
  77 0031 43       		.byte	67
  78 0032 01       		.byte	1
  79 0033 40       		.byte	64
  80 0034 02       		.byte	2
  81 0035 44       		.byte	68
  82 0036 01       		.byte	1
  83 0037 40       		.byte	64
  84 0038 01       		.byte	1
  85 0039 45       		.byte	69
  86 003a 01       		.byte	1
  87 003b 40       		.byte	64
  88 003c 06       		.byte	6
  89 003d 46       		.byte	70
  90 003e 01       		.byte	1
  91 003f 40       		.byte	64
  92 0040 02       		.byte	2
  93 0041 47       		.byte	71
  94 0042 01       		.byte	1
  95 0043 40       		.byte	64
  96 0044 02       		.byte	2
  97 0045 48       		.byte	72
  98 0046 01       		.byte	1
  99 0047 40       		.byte	64
 100 0048 01       		.byte	1
 101 0049 49       		.byte	73
 102 004a 01       		.byte	1
 103 004b 40       		.byte	64
 104 004c 01       		.byte	1
 105 004d 4C       		.byte	76
 106 004e 01       		.byte	1
 107 004f 40       		.byte	64
 108 0050 02       		.byte	2
 109 0051 4D       		.byte	77
 110 0052 01       		.byte	1
 111 0053 40       		.byte	64
 112 0054 01       		.byte	1
 113 0055 51       		.byte	81
 114 0056 01       		.byte	1
ARM GAS  C:\Users\THOMPS~1\AppData\Local\Temp\ccxBBgpb.s 			page 3


 115 0057 40       		.byte	64
 116 0058 01       		.byte	1
 117 0059 A0       		.byte	-96
 118 005a 38       		.byte	56
 119 005b 08       		.byte	8
 120 005c 3E       		.byte	62
 121 005d 04       		.byte	4
 122 005e 58       		.byte	88
 123 005f 04       		.byte	4
 124 0060 5B       		.byte	91
 125 0061 04       		.byte	4
 126 0062 5F       		.byte	95
 127 0063 01       		.byte	1
 128 0064 1E       		.byte	30
 129 0065 20       		.byte	32
 130 0066 6F       		.byte	111
 131 0067 01       		.byte	1
 132 0068 87       		.byte	-121
 133 0069 01       		.byte	1
 134 006a B2       		.byte	-78
 135 006b 10       		.byte	16
 136 006c EE       		.byte	-18
 137 006d 04       		.byte	4
 138 006e EE       		.byte	-18
 139 006f 04       		.byte	4
 140 0070 E8       		.byte	-24
 141 0071 80       		.byte	-128
 142 0072 EC       		.byte	-20
 143 0073 10       		.byte	16
 144 0074 EC       		.byte	-20
 145 0075 10       		.byte	16
 146 0076 33       		.byte	51
 147 0077 20       		.byte	32
 148 0078 CC       		.byte	-52
 149 0079 10       		.byte	16
 150 007a 63       		.byte	99
 151 007b 04       		.byte	4
 152 007c 87       		.byte	-121
 153 007d 04       		.byte	4
 154 007e A7       		.byte	-89
 155 007f 20       		.byte	32
 156 0080 D8       		.byte	-40
 157 0081 40       		.byte	64
 158 0082 E2       		.byte	-30
 159 0083 40       		.byte	64
 160 0084 A7       		.byte	-89
 161 0085 20       		.byte	32
 162 0086 AB       		.byte	-85
 163 0087 20       		.byte	32
 164 0088 EE       		.byte	-18
 165 0089 20       		.byte	32
 166 008a 7C       		.byte	124
 167 008b 20       		.byte	32
 168 008c DE       		.byte	-34
 169 008d 01       		.byte	1
 170 008e 9C       		.byte	-100
 171 008f 20       		.byte	32
ARM GAS  C:\Users\THOMPS~1\AppData\Local\Temp\ccxBBgpb.s 			page 4


 172 0090 1B       		.byte	27
 173 0091 04       		.byte	4
 174 0092 45       		.byte	69
 175 0093 08       		.byte	8
 176 0094 B0       		.byte	-80
 177 0095 20       		.byte	32
 178 0096 C6       		.byte	-58
 179 0097 08       		.byte	8
 180 0098 D0       		.byte	-48
 181 0099 01       		.byte	1
 182 009a E8       		.byte	-24
 183 009b 01       		.byte	1
 184 009c A5       		.byte	-91
 185 009d 08       		.byte	8
 186 009e AB       		.byte	-85
 187 009f 04       		.byte	4
 188 00a0 25       		.byte	37
 189 00a1 10       		.byte	16
 190 00a2 C8       		.byte	-56
 191 00a3 20       		.byte	32
 192 00a4 B5       		.byte	-75
 193 00a5 10       		.byte	16
 194 00a6 A5       		.byte	-91
 195 00a7 08       		.byte	8
 196 00a8 B5       		.byte	-75
 197 00a9 08       		.byte	8
 198 00aa EC       		.byte	-20
 199 00ab 08       		.byte	8
 200 00ac 00       		.byte	0
 201 00ad 03       		.byte	3
 202 00ae 00       		.byte	0
 203 00af 00       		.byte	0
 204 00b0 15       		.byte	21
 205 00b1 A0       		.byte	-96
 206 00b2 A0       		.byte	-96
 207 00b3 00       		.byte	0
 208 00b4 A0       		.byte	-96
 209 00b5 00       		.byte	0
 210 00b6 4A       		.byte	74
 211 00b7 00       		.byte	0
 212 00b8 00       		.byte	0
 213 00b9 0B       		.byte	11
 214 00ba 0B       		.byte	11
 215 00bb 00       		.byte	0
 216 00bc 00       		.byte	0
 217 00bd 00       		.byte	0
 218 00be 00       		.byte	0
 219 00bf 00       		.byte	0
 220 00c0 02       		.byte	2
 221 00c1 00       		.byte	0
 222 00c2 00       		.byte	0
 223 00c3 02       		.byte	2
 224 00c4 02       		.byte	2
 225 00c5 00       		.byte	0
 226 00c6 00       		.byte	0
 227 00c7 00       		.byte	0
 228 00c8 00       		.byte	0
ARM GAS  C:\Users\THOMPS~1\AppData\Local\Temp\ccxBBgpb.s 			page 5


 229 00c9 00       		.byte	0
 230 00ca 00       		.byte	0
 231 00cb 00       		.byte	0
 232 00cc 01       		.byte	1
 233 00cd 00       		.byte	0
 234 00ce 00       		.byte	0
 235 00cf 00       		.byte	0
 236 00d0 00       		.byte	0
 237 00d1 00       		.byte	0
 238 00d2 02       		.byte	2
 239 00d3 00       		.byte	0
 240 00d4 15       		.byte	21
 241 00d5 AA       		.byte	-86
 242 00d6 AA       		.byte	-86
 243 00d7 00       		.byte	0
 244 00d8 00       		.byte	0
 245 00d9 00       		.byte	0
 246 00da 00       		.byte	0
 247 00db 00       		.byte	0
 248 00dc 0E       		.byte	14
 249 00dd 00       		.byte	0
 250 00de 18       		.byte	24
 251 00df 01       		.byte	1
 252 00e0 86       		.byte	-122
 253 00e1 00       		.byte	0
 254 00e2 18       		.byte	24
 255 00e3 01       		.byte	1
 256              		.section	.cywolatch,"a",%progbits
 257              		.type	cy_meta_wonvl, %object
 258              		.size	cy_meta_wonvl, 4
 259              	cy_meta_wonvl:
 260 0000 BC       		.byte	-68
 261 0001 90       		.byte	-112
 262 0002 AC       		.byte	-84
 263 0003 AF       		.byte	-81
 264              		.section	.cycustnvl,"a",%progbits
 265              		.type	cy_meta_custnvl, %object
 266              		.size	cy_meta_custnvl, 4
 267              	cy_meta_custnvl:
 268 0000 00       		.byte	0
 269 0001 00       		.byte	0
 270 0002 40       		.byte	64
 271 0003 05       		.byte	5
 272              		.section	.cymeta,"a",%progbits
 273              		.type	cy_metadata, %object
 274              		.size	cy_metadata, 12
 275              	cy_metadata:
 276 0000 00       		.byte	0
 277 0001 01       		.byte	1
 278 0002 2E       		.byte	46
 279 0003 12       		.byte	18
 280 0004 30       		.byte	48
 281 0005 69       		.byte	105
 282 0006 00       		.byte	0
 283 0007 01       		.byte	1
 284 0008 00       		.byte	0
 285 0009 00       		.byte	0
ARM GAS  C:\Users\THOMPS~1\AppData\Local\Temp\ccxBBgpb.s 			page 6


 286 000a 00       		.byte	0
 287 000b 00       		.byte	0
 288              		.section	.cyflashprotect,"a",%progbits
 289              		.type	cy_meta_flashprotect, %object
 290              		.size	cy_meta_flashprotect, 256
 291              	cy_meta_flashprotect:
 292 0000 00000000 		.space	256
 292      00000000 
 292      00000000 
 292      00000000 
 292      00000000 
 293              		.text
 294              	.Letext0:
 295              		.file 1 "c:\\program files (x86)\\cypress\\psoc creator\\4.2\\psoc creator\\import\\gnu\\arm\\5.4.
 296              		.file 2 "c:\\program files (x86)\\cypress\\psoc creator\\4.2\\psoc creator\\import\\gnu\\arm\\5.4.
 297              		.file 3 "Generated_Source\\PSoC5\\cymetadata.c"
 298              		.section	.debug_info,"",%progbits
 299              	.Ldebug_info0:
 300 0000 30010000 		.4byte	0x130
 301 0004 0400     		.2byte	0x4
 302 0006 00000000 		.4byte	.Ldebug_abbrev0
 303 000a 04       		.byte	0x4
 304 000b 01       		.uleb128 0x1
 305 000c 8F000000 		.4byte	.LASF17
 306 0010 0C       		.byte	0xc
 307 0011 10020000 		.4byte	.LASF18
 308 0015 7E010000 		.4byte	.LASF19
 309 0019 00000000 		.4byte	.Ldebug_line0
 310 001d 02       		.uleb128 0x2
 311 001e 01       		.byte	0x1
 312 001f 06       		.byte	0x6
 313 0020 72010000 		.4byte	.LASF0
 314 0024 03       		.uleb128 0x3
 315 0025 00000000 		.4byte	.LASF9
 316 0029 01       		.byte	0x1
 317 002a 1D       		.byte	0x1d
 318 002b 2F000000 		.4byte	0x2f
 319 002f 02       		.uleb128 0x2
 320 0030 01       		.byte	0x1
 321 0031 08       		.byte	0x8
 322 0032 2D000000 		.4byte	.LASF1
 323 0036 02       		.uleb128 0x2
 324 0037 02       		.byte	0x2
 325 0038 05       		.byte	0x5
 326 0039 5F010000 		.4byte	.LASF2
 327 003d 02       		.uleb128 0x2
 328 003e 02       		.byte	0x2
 329 003f 07       		.byte	0x7
 330 0040 4D000000 		.4byte	.LASF3
 331 0044 02       		.uleb128 0x2
 332 0045 04       		.byte	0x4
 333 0046 05       		.byte	0x5
 334 0047 69010000 		.4byte	.LASF4
 335 004b 02       		.uleb128 0x2
 336 004c 04       		.byte	0x4
 337 004d 07       		.byte	0x7
 338 004e 3B000000 		.4byte	.LASF5
ARM GAS  C:\Users\THOMPS~1\AppData\Local\Temp\ccxBBgpb.s 			page 7


 339 0052 02       		.uleb128 0x2
 340 0053 08       		.byte	0x8
 341 0054 05       		.byte	0x5
 342 0055 51010000 		.4byte	.LASF6
 343 0059 02       		.uleb128 0x2
 344 005a 08       		.byte	0x8
 345 005b 07       		.byte	0x7
 346 005c 16000000 		.4byte	.LASF7
 347 0060 04       		.uleb128 0x4
 348 0061 04       		.byte	0x4
 349 0062 05       		.byte	0x5
 350 0063 696E7400 		.ascii	"int\000"
 351 0067 02       		.uleb128 0x2
 352 0068 04       		.byte	0x4
 353 0069 07       		.byte	0x7
 354 006a 82000000 		.4byte	.LASF8
 355 006e 03       		.uleb128 0x3
 356 006f 1D010000 		.4byte	.LASF10
 357 0073 02       		.byte	0x2
 358 0074 18       		.byte	0x18
 359 0075 24000000 		.4byte	0x24
 360 0079 05       		.uleb128 0x5
 361 007a 90000000 		.4byte	0x90
 362 007e 89000000 		.4byte	0x89
 363 0082 06       		.uleb128 0x6
 364 0083 89000000 		.4byte	0x89
 365 0087 E3       		.byte	0xe3
 366 0088 00       		.byte	0
 367 0089 02       		.uleb128 0x2
 368 008a 04       		.byte	0x4
 369 008b 07       		.byte	0x7
 370 008c 48010000 		.4byte	.LASF11
 371 0090 07       		.uleb128 0x7
 372 0091 6E000000 		.4byte	0x6e
 373 0095 08       		.uleb128 0x8
 374 0096 70000000 		.4byte	.LASF12
 375 009a 03       		.byte	0x3
 376 009b 1F       		.byte	0x1f
 377 009c A6000000 		.4byte	0xa6
 378 00a0 05       		.uleb128 0x5
 379 00a1 03       		.byte	0x3
 380 00a2 00000000 		.4byte	cy_meta_configecc
 381 00a6 07       		.uleb128 0x7
 382 00a7 79000000 		.4byte	0x79
 383 00ab 05       		.uleb128 0x5
 384 00ac 90000000 		.4byte	0x90
 385 00b0 BB000000 		.4byte	0xbb
 386 00b4 06       		.uleb128 0x6
 387 00b5 89000000 		.4byte	0x89
 388 00b9 03       		.byte	0x3
 389 00ba 00       		.byte	0
 390 00bb 08       		.uleb128 0x8
 391 00bc 60000000 		.4byte	.LASF13
 392 00c0 03       		.byte	0x3
 393 00c1 49       		.byte	0x49
 394 00c2 CC000000 		.4byte	0xcc
 395 00c6 05       		.uleb128 0x5
ARM GAS  C:\Users\THOMPS~1\AppData\Local\Temp\ccxBBgpb.s 			page 8


 396 00c7 03       		.byte	0x3
 397 00c8 00000000 		.4byte	cy_meta_custnvl
 398 00cc 07       		.uleb128 0x7
 399 00cd AB000000 		.4byte	0xab
 400 00d1 08       		.uleb128 0x8
 401 00d2 3A010000 		.4byte	.LASF14
 402 00d6 03       		.byte	0x3
 403 00d7 57       		.byte	0x57
 404 00d8 E2000000 		.4byte	0xe2
 405 00dc 05       		.uleb128 0x5
 406 00dd 03       		.byte	0x3
 407 00de 00000000 		.4byte	cy_meta_wonvl
 408 00e2 07       		.uleb128 0x7
 409 00e3 AB000000 		.4byte	0xab
 410 00e7 05       		.uleb128 0x5
 411 00e8 90000000 		.4byte	0x90
 412 00ec F7000000 		.4byte	0xf7
 413 00f0 06       		.uleb128 0x6
 414 00f1 89000000 		.4byte	0x89
 415 00f5 FF       		.byte	0xff
 416 00f6 00       		.byte	0
 417 00f7 08       		.uleb128 0x8
 418 00f8 25010000 		.4byte	.LASF15
 419 00fc 03       		.byte	0x3
 420 00fd 65       		.byte	0x65
 421 00fe 08010000 		.4byte	0x108
 422 0102 05       		.uleb128 0x5
 423 0103 03       		.byte	0x3
 424 0104 00000000 		.4byte	cy_meta_flashprotect
 425 0108 07       		.uleb128 0x7
 426 0109 E7000000 		.4byte	0xe7
 427 010d 05       		.uleb128 0x5
 428 010e 90000000 		.4byte	0x90
 429 0112 1D010000 		.4byte	0x11d
 430 0116 06       		.uleb128 0x6
 431 0117 89000000 		.4byte	0x89
 432 011b 0B       		.byte	0xb
 433 011c 00       		.byte	0
 434 011d 08       		.uleb128 0x8
 435 011e 0A000000 		.4byte	.LASF16
 436 0122 03       		.byte	0x3
 437 0123 92       		.byte	0x92
 438 0124 2E010000 		.4byte	0x12e
 439 0128 05       		.uleb128 0x5
 440 0129 03       		.byte	0x3
 441 012a 00000000 		.4byte	cy_metadata
 442 012e 07       		.uleb128 0x7
 443 012f 0D010000 		.4byte	0x10d
 444 0133 00       		.byte	0
 445              		.section	.debug_abbrev,"",%progbits
 446              	.Ldebug_abbrev0:
 447 0000 01       		.uleb128 0x1
 448 0001 11       		.uleb128 0x11
 449 0002 01       		.byte	0x1
 450 0003 25       		.uleb128 0x25
 451 0004 0E       		.uleb128 0xe
 452 0005 13       		.uleb128 0x13
ARM GAS  C:\Users\THOMPS~1\AppData\Local\Temp\ccxBBgpb.s 			page 9


 453 0006 0B       		.uleb128 0xb
 454 0007 03       		.uleb128 0x3
 455 0008 0E       		.uleb128 0xe
 456 0009 1B       		.uleb128 0x1b
 457 000a 0E       		.uleb128 0xe
 458 000b 10       		.uleb128 0x10
 459 000c 17       		.uleb128 0x17
 460 000d 00       		.byte	0
 461 000e 00       		.byte	0
 462 000f 02       		.uleb128 0x2
 463 0010 24       		.uleb128 0x24
 464 0011 00       		.byte	0
 465 0012 0B       		.uleb128 0xb
 466 0013 0B       		.uleb128 0xb
 467 0014 3E       		.uleb128 0x3e
 468 0015 0B       		.uleb128 0xb
 469 0016 03       		.uleb128 0x3
 470 0017 0E       		.uleb128 0xe
 471 0018 00       		.byte	0
 472 0019 00       		.byte	0
 473 001a 03       		.uleb128 0x3
 474 001b 16       		.uleb128 0x16
 475 001c 00       		.byte	0
 476 001d 03       		.uleb128 0x3
 477 001e 0E       		.uleb128 0xe
 478 001f 3A       		.uleb128 0x3a
 479 0020 0B       		.uleb128 0xb
 480 0021 3B       		.uleb128 0x3b
 481 0022 0B       		.uleb128 0xb
 482 0023 49       		.uleb128 0x49
 483 0024 13       		.uleb128 0x13
 484 0025 00       		.byte	0
 485 0026 00       		.byte	0
 486 0027 04       		.uleb128 0x4
 487 0028 24       		.uleb128 0x24
 488 0029 00       		.byte	0
 489 002a 0B       		.uleb128 0xb
 490 002b 0B       		.uleb128 0xb
 491 002c 3E       		.uleb128 0x3e
 492 002d 0B       		.uleb128 0xb
 493 002e 03       		.uleb128 0x3
 494 002f 08       		.uleb128 0x8
 495 0030 00       		.byte	0
 496 0031 00       		.byte	0
 497 0032 05       		.uleb128 0x5
 498 0033 01       		.uleb128 0x1
 499 0034 01       		.byte	0x1
 500 0035 49       		.uleb128 0x49
 501 0036 13       		.uleb128 0x13
 502 0037 01       		.uleb128 0x1
 503 0038 13       		.uleb128 0x13
 504 0039 00       		.byte	0
 505 003a 00       		.byte	0
 506 003b 06       		.uleb128 0x6
 507 003c 21       		.uleb128 0x21
 508 003d 00       		.byte	0
 509 003e 49       		.uleb128 0x49
ARM GAS  C:\Users\THOMPS~1\AppData\Local\Temp\ccxBBgpb.s 			page 10


 510 003f 13       		.uleb128 0x13
 511 0040 2F       		.uleb128 0x2f
 512 0041 0B       		.uleb128 0xb
 513 0042 00       		.byte	0
 514 0043 00       		.byte	0
 515 0044 07       		.uleb128 0x7
 516 0045 26       		.uleb128 0x26
 517 0046 00       		.byte	0
 518 0047 49       		.uleb128 0x49
 519 0048 13       		.uleb128 0x13
 520 0049 00       		.byte	0
 521 004a 00       		.byte	0
 522 004b 08       		.uleb128 0x8
 523 004c 34       		.uleb128 0x34
 524 004d 00       		.byte	0
 525 004e 03       		.uleb128 0x3
 526 004f 0E       		.uleb128 0xe
 527 0050 3A       		.uleb128 0x3a
 528 0051 0B       		.uleb128 0xb
 529 0052 3B       		.uleb128 0x3b
 530 0053 0B       		.uleb128 0xb
 531 0054 49       		.uleb128 0x49
 532 0055 13       		.uleb128 0x13
 533 0056 3F       		.uleb128 0x3f
 534 0057 19       		.uleb128 0x19
 535 0058 02       		.uleb128 0x2
 536 0059 18       		.uleb128 0x18
 537 005a 00       		.byte	0
 538 005b 00       		.byte	0
 539 005c 00       		.byte	0
 540              		.section	.debug_aranges,"",%progbits
 541 0000 14000000 		.4byte	0x14
 542 0004 0200     		.2byte	0x2
 543 0006 00000000 		.4byte	.Ldebug_info0
 544 000a 04       		.byte	0x4
 545 000b 00       		.byte	0
 546 000c 0000     		.2byte	0
 547 000e 0000     		.2byte	0
 548 0010 00000000 		.4byte	0
 549 0014 00000000 		.4byte	0
 550              		.section	.debug_line,"",%progbits
 551              	.Ldebug_line0:
 552 0000 3D010000 		.section	.debug_str,"MS",%progbits,1
 552      02003701 
 552      00000201 
 552      FB0E0D00 
 552      01010101 
 553              	.LASF9:
 554 0000 5F5F7569 		.ascii	"__uint8_t\000"
 554      6E74385F 
 554      7400
 555              	.LASF16:
 556 000a 63795F6D 		.ascii	"cy_metadata\000"
 556      65746164 
 556      61746100 
 557              	.LASF7:
 558 0016 6C6F6E67 		.ascii	"long long unsigned int\000"
ARM GAS  C:\Users\THOMPS~1\AppData\Local\Temp\ccxBBgpb.s 			page 11


 558      206C6F6E 
 558      6720756E 
 558      7369676E 
 558      65642069 
 559              	.LASF1:
 560 002d 756E7369 		.ascii	"unsigned char\000"
 560      676E6564 
 560      20636861 
 560      7200
 561              	.LASF5:
 562 003b 6C6F6E67 		.ascii	"long unsigned int\000"
 562      20756E73 
 562      69676E65 
 562      6420696E 
 562      7400
 563              	.LASF3:
 564 004d 73686F72 		.ascii	"short unsigned int\000"
 564      7420756E 
 564      7369676E 
 564      65642069 
 564      6E7400
 565              	.LASF13:
 566 0060 63795F6D 		.ascii	"cy_meta_custnvl\000"
 566      6574615F 
 566      63757374 
 566      6E766C00 
 567              	.LASF12:
 568 0070 63795F6D 		.ascii	"cy_meta_configecc\000"
 568      6574615F 
 568      636F6E66 
 568      69676563 
 568      6300
 569              	.LASF8:
 570 0082 756E7369 		.ascii	"unsigned int\000"
 570      676E6564 
 570      20696E74 
 570      00
 571              	.LASF17:
 572 008f 474E5520 		.ascii	"GNU C11 5.4.1 20160609 (release) [ARM/embedded-5-br"
 572      43313120 
 572      352E342E 
 572      31203230 
 572      31363036 
 573 00c2 616E6368 		.ascii	"anch revision 237715] -mcpu=cortex-m3 -mthumb -g -O"
 573      20726576 
 573      6973696F 
 573      6E203233 
 573      37373135 
 574 00f5 73202D66 		.ascii	"s -ffunction-sections -ffat-lto-objects\000"
 574      66756E63 
 574      74696F6E 
 574      2D736563 
 574      74696F6E 
 575              	.LASF10:
 576 011d 75696E74 		.ascii	"uint8_t\000"
 576      385F7400 
 577              	.LASF15:
ARM GAS  C:\Users\THOMPS~1\AppData\Local\Temp\ccxBBgpb.s 			page 12


 578 0125 63795F6D 		.ascii	"cy_meta_flashprotect\000"
 578      6574615F 
 578      666C6173 
 578      6870726F 
 578      74656374 
 579              	.LASF14:
 580 013a 63795F6D 		.ascii	"cy_meta_wonvl\000"
 580      6574615F 
 580      776F6E76 
 580      6C00
 581              	.LASF11:
 582 0148 73697A65 		.ascii	"sizetype\000"
 582      74797065 
 582      00
 583              	.LASF6:
 584 0151 6C6F6E67 		.ascii	"long long int\000"
 584      206C6F6E 
 584      6720696E 
 584      7400
 585              	.LASF2:
 586 015f 73686F72 		.ascii	"short int\000"
 586      7420696E 
 586      7400
 587              	.LASF4:
 588 0169 6C6F6E67 		.ascii	"long int\000"
 588      20696E74 
 588      00
 589              	.LASF0:
 590 0172 7369676E 		.ascii	"signed char\000"
 590      65642063 
 590      68617200 
 591              	.LASF19:
 592 017e 5C5C766C 		.ascii	"\\\\vladan\\Thompson Lab Documents\\Graham\\Arduino"
 592      6164616E 
 592      5C54686F 
 592      6D70736F 
 592      6E204C61 
 593 01ac 5C547269 		.ascii	"\\Triggered Relocker\\src\\Adjustable Automated Rel"
 593      67676572 
 593      65642052 
 593      656C6F63 
 593      6B65725C 
 594 01dc 6F636B65 		.ascii	"ocker Code\\Adjustable Automated Relocker Code.cyds"
 594      7220436F 
 594      64655C41 
 594      646A7573 
 594      7461626C 
 595 020e 6E00     		.ascii	"n\000"
 596              	.LASF18:
 597 0210 47656E65 		.ascii	"Generated_Source\\PSoC5\\cymetadata.c\000"
 597      72617465 
 597      645F536F 
 597      75726365 
 597      5C50536F 
 598              		.ident	"GCC: (GNU Tools for ARM Embedded Processors) 5.4.1 20160609 (release) [ARM/embedded-5-bran
