ARM GAS  C:\Users\THOMPS~1\AppData\Local\Temp\ccdIlxtD.s 			page 1


   1              		.syntax unified
   2              		.cpu cortex-m3
   3              		.fpu softvfp
   4              		.eabi_attribute 20, 1
   5              		.eabi_attribute 21, 1
   6              		.eabi_attribute 23, 3
   7              		.eabi_attribute 24, 1
   8              		.eabi_attribute 25, 1
   9              		.eabi_attribute 26, 1
  10              		.eabi_attribute 30, 4
  11              		.eabi_attribute 34, 1
  12              		.eabi_attribute 18, 4
  13              		.thumb
  14              		.syntax unified
  15              		.file	"LFOutADC_IRQ.c"
  16              		.text
  17              	.Ltext0:
  18              		.cfi_sections	.debug_frame
  19              		.section	.text.LFOutADC_IRQ_Interrupt,"ax",%progbits
  20              		.align	1
  21              		.global	LFOutADC_IRQ_Interrupt
  22              		.thumb
  23              		.thumb_func
  24              		.type	LFOutADC_IRQ_Interrupt, %function
  25              	LFOutADC_IRQ_Interrupt:
  26              	.LFB3:
  27              		.file 1 "Generated_Source\\PSoC5\\LFOutADC_IRQ.c"
   1:Generated_Source\PSoC5/LFOutADC_IRQ.c **** /*******************************************************************************
   2:Generated_Source\PSoC5/LFOutADC_IRQ.c **** * File Name: LFOutADC_IRQ.c  
   3:Generated_Source\PSoC5/LFOutADC_IRQ.c **** * Version 1.70
   4:Generated_Source\PSoC5/LFOutADC_IRQ.c **** *
   5:Generated_Source\PSoC5/LFOutADC_IRQ.c **** *  Description:
   6:Generated_Source\PSoC5/LFOutADC_IRQ.c **** *   API for controlling the state of an interrupt.
   7:Generated_Source\PSoC5/LFOutADC_IRQ.c **** *
   8:Generated_Source\PSoC5/LFOutADC_IRQ.c **** *
   9:Generated_Source\PSoC5/LFOutADC_IRQ.c **** *  Note:
  10:Generated_Source\PSoC5/LFOutADC_IRQ.c **** *
  11:Generated_Source\PSoC5/LFOutADC_IRQ.c **** ********************************************************************************
  12:Generated_Source\PSoC5/LFOutADC_IRQ.c **** * Copyright 2008-2015, Cypress Semiconductor Corporation.  All rights reserved.
  13:Generated_Source\PSoC5/LFOutADC_IRQ.c **** * You may use this file only in accordance with the license, terms, conditions, 
  14:Generated_Source\PSoC5/LFOutADC_IRQ.c **** * disclaimers, and limitations in the end user license agreement accompanying 
  15:Generated_Source\PSoC5/LFOutADC_IRQ.c **** * the software package with which this file was provided.
  16:Generated_Source\PSoC5/LFOutADC_IRQ.c **** *******************************************************************************/
  17:Generated_Source\PSoC5/LFOutADC_IRQ.c **** 
  18:Generated_Source\PSoC5/LFOutADC_IRQ.c **** 
  19:Generated_Source\PSoC5/LFOutADC_IRQ.c **** #include <cydevice_trm.h>
  20:Generated_Source\PSoC5/LFOutADC_IRQ.c **** #include <CyLib.h>
  21:Generated_Source\PSoC5/LFOutADC_IRQ.c **** #include <LFOutADC_IRQ.h>
  22:Generated_Source\PSoC5/LFOutADC_IRQ.c **** #include "cyapicallbacks.h"
  23:Generated_Source\PSoC5/LFOutADC_IRQ.c **** 
  24:Generated_Source\PSoC5/LFOutADC_IRQ.c **** #if !defined(LFOutADC_IRQ__REMOVED) /* Check for removal by optimization */
  25:Generated_Source\PSoC5/LFOutADC_IRQ.c **** 
  26:Generated_Source\PSoC5/LFOutADC_IRQ.c **** /*******************************************************************************
  27:Generated_Source\PSoC5/LFOutADC_IRQ.c **** *  Place your includes, defines and code here 
  28:Generated_Source\PSoC5/LFOutADC_IRQ.c **** ********************************************************************************/
  29:Generated_Source\PSoC5/LFOutADC_IRQ.c **** /* `#START LFOutADC_IRQ_intc` */
  30:Generated_Source\PSoC5/LFOutADC_IRQ.c **** 
ARM GAS  C:\Users\THOMPS~1\AppData\Local\Temp\ccdIlxtD.s 			page 2


  31:Generated_Source\PSoC5/LFOutADC_IRQ.c **** /* `#END` */
  32:Generated_Source\PSoC5/LFOutADC_IRQ.c **** 
  33:Generated_Source\PSoC5/LFOutADC_IRQ.c **** #ifndef CYINT_IRQ_BASE
  34:Generated_Source\PSoC5/LFOutADC_IRQ.c **** #define CYINT_IRQ_BASE      16
  35:Generated_Source\PSoC5/LFOutADC_IRQ.c **** #endif /* CYINT_IRQ_BASE */
  36:Generated_Source\PSoC5/LFOutADC_IRQ.c **** #ifndef CYINT_VECT_TABLE
  37:Generated_Source\PSoC5/LFOutADC_IRQ.c **** #define CYINT_VECT_TABLE    ((cyisraddress **) CYREG_NVIC_VECT_OFFSET)
  38:Generated_Source\PSoC5/LFOutADC_IRQ.c **** #endif /* CYINT_VECT_TABLE */
  39:Generated_Source\PSoC5/LFOutADC_IRQ.c **** 
  40:Generated_Source\PSoC5/LFOutADC_IRQ.c **** /* Declared in startup, used to set unused interrupts to. */
  41:Generated_Source\PSoC5/LFOutADC_IRQ.c **** CY_ISR_PROTO(IntDefaultHandler);
  42:Generated_Source\PSoC5/LFOutADC_IRQ.c **** 
  43:Generated_Source\PSoC5/LFOutADC_IRQ.c **** 
  44:Generated_Source\PSoC5/LFOutADC_IRQ.c **** /*******************************************************************************
  45:Generated_Source\PSoC5/LFOutADC_IRQ.c **** * Function Name: LFOutADC_IRQ_Start
  46:Generated_Source\PSoC5/LFOutADC_IRQ.c **** ********************************************************************************
  47:Generated_Source\PSoC5/LFOutADC_IRQ.c **** *
  48:Generated_Source\PSoC5/LFOutADC_IRQ.c **** * Summary:
  49:Generated_Source\PSoC5/LFOutADC_IRQ.c **** *  Set up the interrupt and enable it. This function disables the interrupt, 
  50:Generated_Source\PSoC5/LFOutADC_IRQ.c **** *  sets the default interrupt vector, sets the priority from the value in the
  51:Generated_Source\PSoC5/LFOutADC_IRQ.c **** *  Design Wide Resources Interrupt Editor, then enables the interrupt to the 
  52:Generated_Source\PSoC5/LFOutADC_IRQ.c **** *  interrupt controller.
  53:Generated_Source\PSoC5/LFOutADC_IRQ.c **** *
  54:Generated_Source\PSoC5/LFOutADC_IRQ.c **** * Parameters:  
  55:Generated_Source\PSoC5/LFOutADC_IRQ.c **** *   None
  56:Generated_Source\PSoC5/LFOutADC_IRQ.c **** *
  57:Generated_Source\PSoC5/LFOutADC_IRQ.c **** * Return:
  58:Generated_Source\PSoC5/LFOutADC_IRQ.c **** *   None
  59:Generated_Source\PSoC5/LFOutADC_IRQ.c **** *
  60:Generated_Source\PSoC5/LFOutADC_IRQ.c **** *******************************************************************************/
  61:Generated_Source\PSoC5/LFOutADC_IRQ.c **** void LFOutADC_IRQ_Start(void)
  62:Generated_Source\PSoC5/LFOutADC_IRQ.c **** {
  63:Generated_Source\PSoC5/LFOutADC_IRQ.c ****     /* For all we know the interrupt is active. */
  64:Generated_Source\PSoC5/LFOutADC_IRQ.c ****     LFOutADC_IRQ_Disable();
  65:Generated_Source\PSoC5/LFOutADC_IRQ.c **** 
  66:Generated_Source\PSoC5/LFOutADC_IRQ.c ****     /* Set the ISR to point to the LFOutADC_IRQ Interrupt. */
  67:Generated_Source\PSoC5/LFOutADC_IRQ.c ****     LFOutADC_IRQ_SetVector(&LFOutADC_IRQ_Interrupt);
  68:Generated_Source\PSoC5/LFOutADC_IRQ.c **** 
  69:Generated_Source\PSoC5/LFOutADC_IRQ.c ****     /* Set the priority. */
  70:Generated_Source\PSoC5/LFOutADC_IRQ.c ****     LFOutADC_IRQ_SetPriority((uint8)LFOutADC_IRQ_INTC_PRIOR_NUMBER);
  71:Generated_Source\PSoC5/LFOutADC_IRQ.c **** 
  72:Generated_Source\PSoC5/LFOutADC_IRQ.c ****     /* Enable it. */
  73:Generated_Source\PSoC5/LFOutADC_IRQ.c ****     LFOutADC_IRQ_Enable();
  74:Generated_Source\PSoC5/LFOutADC_IRQ.c **** }
  75:Generated_Source\PSoC5/LFOutADC_IRQ.c **** 
  76:Generated_Source\PSoC5/LFOutADC_IRQ.c **** 
  77:Generated_Source\PSoC5/LFOutADC_IRQ.c **** /*******************************************************************************
  78:Generated_Source\PSoC5/LFOutADC_IRQ.c **** * Function Name: LFOutADC_IRQ_StartEx
  79:Generated_Source\PSoC5/LFOutADC_IRQ.c **** ********************************************************************************
  80:Generated_Source\PSoC5/LFOutADC_IRQ.c **** *
  81:Generated_Source\PSoC5/LFOutADC_IRQ.c **** * Summary:
  82:Generated_Source\PSoC5/LFOutADC_IRQ.c **** *  Sets up the interrupt and enables it. This function disables the interrupt,
  83:Generated_Source\PSoC5/LFOutADC_IRQ.c **** *  sets the interrupt vector based on the address passed in, sets the priority 
  84:Generated_Source\PSoC5/LFOutADC_IRQ.c **** *  from the value in the Design Wide Resources Interrupt Editor, then enables 
  85:Generated_Source\PSoC5/LFOutADC_IRQ.c **** *  the interrupt to the interrupt controller.
  86:Generated_Source\PSoC5/LFOutADC_IRQ.c **** *  
  87:Generated_Source\PSoC5/LFOutADC_IRQ.c **** *  When defining ISR functions, the CY_ISR and CY_ISR_PROTO macros should be 
ARM GAS  C:\Users\THOMPS~1\AppData\Local\Temp\ccdIlxtD.s 			page 3


  88:Generated_Source\PSoC5/LFOutADC_IRQ.c **** *  used to provide consistent definition across compilers:
  89:Generated_Source\PSoC5/LFOutADC_IRQ.c **** *  
  90:Generated_Source\PSoC5/LFOutADC_IRQ.c **** *  Function definition example:
  91:Generated_Source\PSoC5/LFOutADC_IRQ.c **** *   CY_ISR(MyISR)
  92:Generated_Source\PSoC5/LFOutADC_IRQ.c **** *   {
  93:Generated_Source\PSoC5/LFOutADC_IRQ.c **** *   }
  94:Generated_Source\PSoC5/LFOutADC_IRQ.c **** *   Function prototype example:
  95:Generated_Source\PSoC5/LFOutADC_IRQ.c **** *   CY_ISR_PROTO(MyISR);
  96:Generated_Source\PSoC5/LFOutADC_IRQ.c **** *
  97:Generated_Source\PSoC5/LFOutADC_IRQ.c **** * Parameters:  
  98:Generated_Source\PSoC5/LFOutADC_IRQ.c **** *   address: Address of the ISR to set in the interrupt vector table.
  99:Generated_Source\PSoC5/LFOutADC_IRQ.c **** *
 100:Generated_Source\PSoC5/LFOutADC_IRQ.c **** * Return:
 101:Generated_Source\PSoC5/LFOutADC_IRQ.c **** *   None
 102:Generated_Source\PSoC5/LFOutADC_IRQ.c **** *
 103:Generated_Source\PSoC5/LFOutADC_IRQ.c **** *******************************************************************************/
 104:Generated_Source\PSoC5/LFOutADC_IRQ.c **** void LFOutADC_IRQ_StartEx(cyisraddress address)
 105:Generated_Source\PSoC5/LFOutADC_IRQ.c **** {
 106:Generated_Source\PSoC5/LFOutADC_IRQ.c ****     /* For all we know the interrupt is active. */
 107:Generated_Source\PSoC5/LFOutADC_IRQ.c ****     LFOutADC_IRQ_Disable();
 108:Generated_Source\PSoC5/LFOutADC_IRQ.c **** 
 109:Generated_Source\PSoC5/LFOutADC_IRQ.c ****     /* Set the ISR to point to the LFOutADC_IRQ Interrupt. */
 110:Generated_Source\PSoC5/LFOutADC_IRQ.c ****     LFOutADC_IRQ_SetVector(address);
 111:Generated_Source\PSoC5/LFOutADC_IRQ.c **** 
 112:Generated_Source\PSoC5/LFOutADC_IRQ.c ****     /* Set the priority. */
 113:Generated_Source\PSoC5/LFOutADC_IRQ.c ****     LFOutADC_IRQ_SetPriority((uint8)LFOutADC_IRQ_INTC_PRIOR_NUMBER);
 114:Generated_Source\PSoC5/LFOutADC_IRQ.c **** 
 115:Generated_Source\PSoC5/LFOutADC_IRQ.c ****     /* Enable it. */
 116:Generated_Source\PSoC5/LFOutADC_IRQ.c ****     LFOutADC_IRQ_Enable();
 117:Generated_Source\PSoC5/LFOutADC_IRQ.c **** }
 118:Generated_Source\PSoC5/LFOutADC_IRQ.c **** 
 119:Generated_Source\PSoC5/LFOutADC_IRQ.c **** 
 120:Generated_Source\PSoC5/LFOutADC_IRQ.c **** /*******************************************************************************
 121:Generated_Source\PSoC5/LFOutADC_IRQ.c **** * Function Name: LFOutADC_IRQ_Stop
 122:Generated_Source\PSoC5/LFOutADC_IRQ.c **** ********************************************************************************
 123:Generated_Source\PSoC5/LFOutADC_IRQ.c **** *
 124:Generated_Source\PSoC5/LFOutADC_IRQ.c **** * Summary:
 125:Generated_Source\PSoC5/LFOutADC_IRQ.c **** *   Disables and removes the interrupt.
 126:Generated_Source\PSoC5/LFOutADC_IRQ.c **** *
 127:Generated_Source\PSoC5/LFOutADC_IRQ.c **** * Parameters:  
 128:Generated_Source\PSoC5/LFOutADC_IRQ.c **** *   None
 129:Generated_Source\PSoC5/LFOutADC_IRQ.c **** *
 130:Generated_Source\PSoC5/LFOutADC_IRQ.c **** * Return:
 131:Generated_Source\PSoC5/LFOutADC_IRQ.c **** *   None
 132:Generated_Source\PSoC5/LFOutADC_IRQ.c **** *
 133:Generated_Source\PSoC5/LFOutADC_IRQ.c **** *******************************************************************************/
 134:Generated_Source\PSoC5/LFOutADC_IRQ.c **** void LFOutADC_IRQ_Stop(void)
 135:Generated_Source\PSoC5/LFOutADC_IRQ.c **** {
 136:Generated_Source\PSoC5/LFOutADC_IRQ.c ****     /* Disable this interrupt. */
 137:Generated_Source\PSoC5/LFOutADC_IRQ.c ****     LFOutADC_IRQ_Disable();
 138:Generated_Source\PSoC5/LFOutADC_IRQ.c **** 
 139:Generated_Source\PSoC5/LFOutADC_IRQ.c ****     /* Set the ISR to point to the passive one. */
 140:Generated_Source\PSoC5/LFOutADC_IRQ.c ****     LFOutADC_IRQ_SetVector(&IntDefaultHandler);
 141:Generated_Source\PSoC5/LFOutADC_IRQ.c **** }
 142:Generated_Source\PSoC5/LFOutADC_IRQ.c **** 
 143:Generated_Source\PSoC5/LFOutADC_IRQ.c **** 
 144:Generated_Source\PSoC5/LFOutADC_IRQ.c **** /*******************************************************************************
ARM GAS  C:\Users\THOMPS~1\AppData\Local\Temp\ccdIlxtD.s 			page 4


 145:Generated_Source\PSoC5/LFOutADC_IRQ.c **** * Function Name: LFOutADC_IRQ_Interrupt
 146:Generated_Source\PSoC5/LFOutADC_IRQ.c **** ********************************************************************************
 147:Generated_Source\PSoC5/LFOutADC_IRQ.c **** *
 148:Generated_Source\PSoC5/LFOutADC_IRQ.c **** * Summary:
 149:Generated_Source\PSoC5/LFOutADC_IRQ.c **** *   The default Interrupt Service Routine for LFOutADC_IRQ.
 150:Generated_Source\PSoC5/LFOutADC_IRQ.c **** *
 151:Generated_Source\PSoC5/LFOutADC_IRQ.c **** *   Add custom code between the coments to keep the next version of this file
 152:Generated_Source\PSoC5/LFOutADC_IRQ.c **** *   from over writting your code.
 153:Generated_Source\PSoC5/LFOutADC_IRQ.c **** *
 154:Generated_Source\PSoC5/LFOutADC_IRQ.c **** * Parameters:  
 155:Generated_Source\PSoC5/LFOutADC_IRQ.c **** *
 156:Generated_Source\PSoC5/LFOutADC_IRQ.c **** * Return:
 157:Generated_Source\PSoC5/LFOutADC_IRQ.c **** *   None
 158:Generated_Source\PSoC5/LFOutADC_IRQ.c **** *
 159:Generated_Source\PSoC5/LFOutADC_IRQ.c **** *******************************************************************************/
 160:Generated_Source\PSoC5/LFOutADC_IRQ.c **** CY_ISR(LFOutADC_IRQ_Interrupt)
 161:Generated_Source\PSoC5/LFOutADC_IRQ.c **** {
  28              		.loc 1 161 0
  29              		.cfi_startproc
  30              		@ args = 0, pretend = 0, frame = 0
  31              		@ frame_needed = 0, uses_anonymous_args = 0
  32              		@ link register save eliminated.
  33 0000 7047     		bx	lr
  34              		.cfi_endproc
  35              	.LFE3:
  36              		.size	LFOutADC_IRQ_Interrupt, .-LFOutADC_IRQ_Interrupt
  37              		.section	.text.LFOutADC_IRQ_Start,"ax",%progbits
  38              		.align	1
  39              		.global	LFOutADC_IRQ_Start
  40              		.thumb
  41              		.thumb_func
  42              		.type	LFOutADC_IRQ_Start, %function
  43              	LFOutADC_IRQ_Start:
  44              	.LFB0:
  62:Generated_Source\PSoC5/LFOutADC_IRQ.c ****     /* For all we know the interrupt is active. */
  45              		.loc 1 62 0
  46              		.cfi_startproc
  47              		@ args = 0, pretend = 0, frame = 0
  48              		@ frame_needed = 0, uses_anonymous_args = 0
  49              		@ link register save eliminated.
  50              	.LBB22:
  51              	.LBB23:
 162:Generated_Source\PSoC5/LFOutADC_IRQ.c ****     #ifdef LFOutADC_IRQ_INTERRUPT_INTERRUPT_CALLBACK
 163:Generated_Source\PSoC5/LFOutADC_IRQ.c ****         LFOutADC_IRQ_Interrupt_InterruptCallback();
 164:Generated_Source\PSoC5/LFOutADC_IRQ.c ****     #endif /* LFOutADC_IRQ_INTERRUPT_INTERRUPT_CALLBACK */ 
 165:Generated_Source\PSoC5/LFOutADC_IRQ.c **** 
 166:Generated_Source\PSoC5/LFOutADC_IRQ.c ****     /*  Place your Interrupt code here. */
 167:Generated_Source\PSoC5/LFOutADC_IRQ.c ****     /* `#START LFOutADC_IRQ_Interrupt` */
 168:Generated_Source\PSoC5/LFOutADC_IRQ.c **** 
 169:Generated_Source\PSoC5/LFOutADC_IRQ.c ****     /* `#END` */
 170:Generated_Source\PSoC5/LFOutADC_IRQ.c **** }
 171:Generated_Source\PSoC5/LFOutADC_IRQ.c **** 
 172:Generated_Source\PSoC5/LFOutADC_IRQ.c **** 
 173:Generated_Source\PSoC5/LFOutADC_IRQ.c **** /*******************************************************************************
 174:Generated_Source\PSoC5/LFOutADC_IRQ.c **** * Function Name: LFOutADC_IRQ_SetVector
 175:Generated_Source\PSoC5/LFOutADC_IRQ.c **** ********************************************************************************
 176:Generated_Source\PSoC5/LFOutADC_IRQ.c **** *
ARM GAS  C:\Users\THOMPS~1\AppData\Local\Temp\ccdIlxtD.s 			page 5


 177:Generated_Source\PSoC5/LFOutADC_IRQ.c **** * Summary:
 178:Generated_Source\PSoC5/LFOutADC_IRQ.c **** *   Change the ISR vector for the Interrupt. Note calling LFOutADC_IRQ_Start
 179:Generated_Source\PSoC5/LFOutADC_IRQ.c **** *   will override any effect this method would have had. To set the vector 
 180:Generated_Source\PSoC5/LFOutADC_IRQ.c **** *   before the component has been started use LFOutADC_IRQ_StartEx instead.
 181:Generated_Source\PSoC5/LFOutADC_IRQ.c **** * 
 182:Generated_Source\PSoC5/LFOutADC_IRQ.c **** *   When defining ISR functions, the CY_ISR and CY_ISR_PROTO macros should be 
 183:Generated_Source\PSoC5/LFOutADC_IRQ.c **** *   used to provide consistent definition across compilers:
 184:Generated_Source\PSoC5/LFOutADC_IRQ.c **** *
 185:Generated_Source\PSoC5/LFOutADC_IRQ.c **** *   Function definition example:
 186:Generated_Source\PSoC5/LFOutADC_IRQ.c **** *   CY_ISR(MyISR)
 187:Generated_Source\PSoC5/LFOutADC_IRQ.c **** *   {
 188:Generated_Source\PSoC5/LFOutADC_IRQ.c **** *   }
 189:Generated_Source\PSoC5/LFOutADC_IRQ.c **** *
 190:Generated_Source\PSoC5/LFOutADC_IRQ.c **** *   Function prototype example:
 191:Generated_Source\PSoC5/LFOutADC_IRQ.c **** *     CY_ISR_PROTO(MyISR);
 192:Generated_Source\PSoC5/LFOutADC_IRQ.c **** *
 193:Generated_Source\PSoC5/LFOutADC_IRQ.c **** * Parameters:
 194:Generated_Source\PSoC5/LFOutADC_IRQ.c **** *   address: Address of the ISR to set in the interrupt vector table.
 195:Generated_Source\PSoC5/LFOutADC_IRQ.c **** *
 196:Generated_Source\PSoC5/LFOutADC_IRQ.c **** * Return:
 197:Generated_Source\PSoC5/LFOutADC_IRQ.c **** *   None
 198:Generated_Source\PSoC5/LFOutADC_IRQ.c **** *
 199:Generated_Source\PSoC5/LFOutADC_IRQ.c **** *******************************************************************************/
 200:Generated_Source\PSoC5/LFOutADC_IRQ.c **** void LFOutADC_IRQ_SetVector(cyisraddress address)
 201:Generated_Source\PSoC5/LFOutADC_IRQ.c **** {
 202:Generated_Source\PSoC5/LFOutADC_IRQ.c ****     cyisraddress * ramVectorTable;
 203:Generated_Source\PSoC5/LFOutADC_IRQ.c **** 
 204:Generated_Source\PSoC5/LFOutADC_IRQ.c ****     ramVectorTable = (cyisraddress *) *CYINT_VECT_TABLE;
 205:Generated_Source\PSoC5/LFOutADC_IRQ.c **** 
 206:Generated_Source\PSoC5/LFOutADC_IRQ.c ****     ramVectorTable[CYINT_IRQ_BASE + (uint32)LFOutADC_IRQ__INTC_NUMBER] = address;
 207:Generated_Source\PSoC5/LFOutADC_IRQ.c **** }
 208:Generated_Source\PSoC5/LFOutADC_IRQ.c **** 
 209:Generated_Source\PSoC5/LFOutADC_IRQ.c **** 
 210:Generated_Source\PSoC5/LFOutADC_IRQ.c **** /*******************************************************************************
 211:Generated_Source\PSoC5/LFOutADC_IRQ.c **** * Function Name: LFOutADC_IRQ_GetVector
 212:Generated_Source\PSoC5/LFOutADC_IRQ.c **** ********************************************************************************
 213:Generated_Source\PSoC5/LFOutADC_IRQ.c **** *
 214:Generated_Source\PSoC5/LFOutADC_IRQ.c **** * Summary:
 215:Generated_Source\PSoC5/LFOutADC_IRQ.c **** *   Gets the "address" of the current ISR vector for the Interrupt.
 216:Generated_Source\PSoC5/LFOutADC_IRQ.c **** *
 217:Generated_Source\PSoC5/LFOutADC_IRQ.c **** * Parameters:
 218:Generated_Source\PSoC5/LFOutADC_IRQ.c **** *   None
 219:Generated_Source\PSoC5/LFOutADC_IRQ.c **** *
 220:Generated_Source\PSoC5/LFOutADC_IRQ.c **** * Return:
 221:Generated_Source\PSoC5/LFOutADC_IRQ.c **** *   Address of the ISR in the interrupt vector table.
 222:Generated_Source\PSoC5/LFOutADC_IRQ.c **** *
 223:Generated_Source\PSoC5/LFOutADC_IRQ.c **** *******************************************************************************/
 224:Generated_Source\PSoC5/LFOutADC_IRQ.c **** cyisraddress LFOutADC_IRQ_GetVector(void)
 225:Generated_Source\PSoC5/LFOutADC_IRQ.c **** {
 226:Generated_Source\PSoC5/LFOutADC_IRQ.c ****     cyisraddress * ramVectorTable;
 227:Generated_Source\PSoC5/LFOutADC_IRQ.c **** 
 228:Generated_Source\PSoC5/LFOutADC_IRQ.c ****     ramVectorTable = (cyisraddress *) *CYINT_VECT_TABLE;
 229:Generated_Source\PSoC5/LFOutADC_IRQ.c **** 
 230:Generated_Source\PSoC5/LFOutADC_IRQ.c ****     return ramVectorTable[CYINT_IRQ_BASE + (uint32)LFOutADC_IRQ__INTC_NUMBER];
 231:Generated_Source\PSoC5/LFOutADC_IRQ.c **** }
 232:Generated_Source\PSoC5/LFOutADC_IRQ.c **** 
 233:Generated_Source\PSoC5/LFOutADC_IRQ.c **** 
ARM GAS  C:\Users\THOMPS~1\AppData\Local\Temp\ccdIlxtD.s 			page 6


 234:Generated_Source\PSoC5/LFOutADC_IRQ.c **** /*******************************************************************************
 235:Generated_Source\PSoC5/LFOutADC_IRQ.c **** * Function Name: LFOutADC_IRQ_SetPriority
 236:Generated_Source\PSoC5/LFOutADC_IRQ.c **** ********************************************************************************
 237:Generated_Source\PSoC5/LFOutADC_IRQ.c **** *
 238:Generated_Source\PSoC5/LFOutADC_IRQ.c **** * Summary:
 239:Generated_Source\PSoC5/LFOutADC_IRQ.c **** *   Sets the Priority of the Interrupt. 
 240:Generated_Source\PSoC5/LFOutADC_IRQ.c **** *
 241:Generated_Source\PSoC5/LFOutADC_IRQ.c **** *   Note calling LFOutADC_IRQ_Start or LFOutADC_IRQ_StartEx will 
 242:Generated_Source\PSoC5/LFOutADC_IRQ.c **** *   override any effect this API would have had. This API should only be called
 243:Generated_Source\PSoC5/LFOutADC_IRQ.c **** *   after LFOutADC_IRQ_Start or LFOutADC_IRQ_StartEx has been called. 
 244:Generated_Source\PSoC5/LFOutADC_IRQ.c **** *   To set the initial priority for the component, use the Design-Wide Resources
 245:Generated_Source\PSoC5/LFOutADC_IRQ.c **** *   Interrupt Editor.
 246:Generated_Source\PSoC5/LFOutADC_IRQ.c **** *
 247:Generated_Source\PSoC5/LFOutADC_IRQ.c **** *   Note This API has no effect on Non-maskable interrupt NMI).
 248:Generated_Source\PSoC5/LFOutADC_IRQ.c **** *
 249:Generated_Source\PSoC5/LFOutADC_IRQ.c **** * Parameters:
 250:Generated_Source\PSoC5/LFOutADC_IRQ.c **** *   priority: Priority of the interrupt, 0 being the highest priority
 251:Generated_Source\PSoC5/LFOutADC_IRQ.c **** *             PSoC 3 and PSoC 5LP: Priority is from 0 to 7.
 252:Generated_Source\PSoC5/LFOutADC_IRQ.c **** *             PSoC 4: Priority is from 0 to 3.
 253:Generated_Source\PSoC5/LFOutADC_IRQ.c **** *
 254:Generated_Source\PSoC5/LFOutADC_IRQ.c **** * Return:
 255:Generated_Source\PSoC5/LFOutADC_IRQ.c **** *   None
 256:Generated_Source\PSoC5/LFOutADC_IRQ.c **** *
 257:Generated_Source\PSoC5/LFOutADC_IRQ.c **** *******************************************************************************/
 258:Generated_Source\PSoC5/LFOutADC_IRQ.c **** void LFOutADC_IRQ_SetPriority(uint8 priority)
 259:Generated_Source\PSoC5/LFOutADC_IRQ.c **** {
 260:Generated_Source\PSoC5/LFOutADC_IRQ.c ****     *LFOutADC_IRQ_INTC_PRIOR = priority << 5;
 261:Generated_Source\PSoC5/LFOutADC_IRQ.c **** }
 262:Generated_Source\PSoC5/LFOutADC_IRQ.c **** 
 263:Generated_Source\PSoC5/LFOutADC_IRQ.c **** 
 264:Generated_Source\PSoC5/LFOutADC_IRQ.c **** /*******************************************************************************
 265:Generated_Source\PSoC5/LFOutADC_IRQ.c **** * Function Name: LFOutADC_IRQ_GetPriority
 266:Generated_Source\PSoC5/LFOutADC_IRQ.c **** ********************************************************************************
 267:Generated_Source\PSoC5/LFOutADC_IRQ.c **** *
 268:Generated_Source\PSoC5/LFOutADC_IRQ.c **** * Summary:
 269:Generated_Source\PSoC5/LFOutADC_IRQ.c **** *   Gets the Priority of the Interrupt.
 270:Generated_Source\PSoC5/LFOutADC_IRQ.c **** *
 271:Generated_Source\PSoC5/LFOutADC_IRQ.c **** * Parameters:
 272:Generated_Source\PSoC5/LFOutADC_IRQ.c **** *   None
 273:Generated_Source\PSoC5/LFOutADC_IRQ.c **** *
 274:Generated_Source\PSoC5/LFOutADC_IRQ.c **** * Return:
 275:Generated_Source\PSoC5/LFOutADC_IRQ.c **** *   Priority of the interrupt, 0 being the highest priority
 276:Generated_Source\PSoC5/LFOutADC_IRQ.c **** *    PSoC 3 and PSoC 5LP: Priority is from 0 to 7.
 277:Generated_Source\PSoC5/LFOutADC_IRQ.c **** *    PSoC 4: Priority is from 0 to 3.
 278:Generated_Source\PSoC5/LFOutADC_IRQ.c **** *
 279:Generated_Source\PSoC5/LFOutADC_IRQ.c **** *******************************************************************************/
 280:Generated_Source\PSoC5/LFOutADC_IRQ.c **** uint8 LFOutADC_IRQ_GetPriority(void)
 281:Generated_Source\PSoC5/LFOutADC_IRQ.c **** {
 282:Generated_Source\PSoC5/LFOutADC_IRQ.c ****     uint8 priority;
 283:Generated_Source\PSoC5/LFOutADC_IRQ.c **** 
 284:Generated_Source\PSoC5/LFOutADC_IRQ.c **** 
 285:Generated_Source\PSoC5/LFOutADC_IRQ.c ****     priority = *LFOutADC_IRQ_INTC_PRIOR >> 5;
 286:Generated_Source\PSoC5/LFOutADC_IRQ.c **** 
 287:Generated_Source\PSoC5/LFOutADC_IRQ.c ****     return priority;
 288:Generated_Source\PSoC5/LFOutADC_IRQ.c **** }
 289:Generated_Source\PSoC5/LFOutADC_IRQ.c **** 
 290:Generated_Source\PSoC5/LFOutADC_IRQ.c **** 
ARM GAS  C:\Users\THOMPS~1\AppData\Local\Temp\ccdIlxtD.s 			page 7


 291:Generated_Source\PSoC5/LFOutADC_IRQ.c **** /*******************************************************************************
 292:Generated_Source\PSoC5/LFOutADC_IRQ.c **** * Function Name: LFOutADC_IRQ_Enable
 293:Generated_Source\PSoC5/LFOutADC_IRQ.c **** ********************************************************************************
 294:Generated_Source\PSoC5/LFOutADC_IRQ.c **** *
 295:Generated_Source\PSoC5/LFOutADC_IRQ.c **** * Summary:
 296:Generated_Source\PSoC5/LFOutADC_IRQ.c **** *   Enables the interrupt to the interrupt controller. Do not call this function
 297:Generated_Source\PSoC5/LFOutADC_IRQ.c **** *   unless ISR_Start() has been called or the functionality of the ISR_Start() 
 298:Generated_Source\PSoC5/LFOutADC_IRQ.c **** *   function, which sets the vector and the priority, has been called.
 299:Generated_Source\PSoC5/LFOutADC_IRQ.c **** *
 300:Generated_Source\PSoC5/LFOutADC_IRQ.c **** * Parameters:
 301:Generated_Source\PSoC5/LFOutADC_IRQ.c **** *   None
 302:Generated_Source\PSoC5/LFOutADC_IRQ.c **** *
 303:Generated_Source\PSoC5/LFOutADC_IRQ.c **** * Return:
 304:Generated_Source\PSoC5/LFOutADC_IRQ.c **** *   None
 305:Generated_Source\PSoC5/LFOutADC_IRQ.c **** *
 306:Generated_Source\PSoC5/LFOutADC_IRQ.c **** *******************************************************************************/
 307:Generated_Source\PSoC5/LFOutADC_IRQ.c **** void LFOutADC_IRQ_Enable(void)
 308:Generated_Source\PSoC5/LFOutADC_IRQ.c **** {
 309:Generated_Source\PSoC5/LFOutADC_IRQ.c ****     /* Enable the general interrupt. */
 310:Generated_Source\PSoC5/LFOutADC_IRQ.c ****     *LFOutADC_IRQ_INTC_SET_EN = LFOutADC_IRQ__INTC_MASK;
 311:Generated_Source\PSoC5/LFOutADC_IRQ.c **** }
 312:Generated_Source\PSoC5/LFOutADC_IRQ.c **** 
 313:Generated_Source\PSoC5/LFOutADC_IRQ.c **** 
 314:Generated_Source\PSoC5/LFOutADC_IRQ.c **** /*******************************************************************************
 315:Generated_Source\PSoC5/LFOutADC_IRQ.c **** * Function Name: LFOutADC_IRQ_GetState
 316:Generated_Source\PSoC5/LFOutADC_IRQ.c **** ********************************************************************************
 317:Generated_Source\PSoC5/LFOutADC_IRQ.c **** *
 318:Generated_Source\PSoC5/LFOutADC_IRQ.c **** * Summary:
 319:Generated_Source\PSoC5/LFOutADC_IRQ.c **** *   Gets the state (enabled, disabled) of the Interrupt.
 320:Generated_Source\PSoC5/LFOutADC_IRQ.c **** *
 321:Generated_Source\PSoC5/LFOutADC_IRQ.c **** * Parameters:
 322:Generated_Source\PSoC5/LFOutADC_IRQ.c **** *   None
 323:Generated_Source\PSoC5/LFOutADC_IRQ.c **** *
 324:Generated_Source\PSoC5/LFOutADC_IRQ.c **** * Return:
 325:Generated_Source\PSoC5/LFOutADC_IRQ.c **** *   1 if enabled, 0 if disabled.
 326:Generated_Source\PSoC5/LFOutADC_IRQ.c **** *
 327:Generated_Source\PSoC5/LFOutADC_IRQ.c **** *******************************************************************************/
 328:Generated_Source\PSoC5/LFOutADC_IRQ.c **** uint8 LFOutADC_IRQ_GetState(void)
 329:Generated_Source\PSoC5/LFOutADC_IRQ.c **** {
 330:Generated_Source\PSoC5/LFOutADC_IRQ.c ****     /* Get the state of the general interrupt. */
 331:Generated_Source\PSoC5/LFOutADC_IRQ.c ****     return ((*LFOutADC_IRQ_INTC_SET_EN & (uint32)LFOutADC_IRQ__INTC_MASK) != 0u) ? 1u:0u;
 332:Generated_Source\PSoC5/LFOutADC_IRQ.c **** }
 333:Generated_Source\PSoC5/LFOutADC_IRQ.c **** 
 334:Generated_Source\PSoC5/LFOutADC_IRQ.c **** 
 335:Generated_Source\PSoC5/LFOutADC_IRQ.c **** /*******************************************************************************
 336:Generated_Source\PSoC5/LFOutADC_IRQ.c **** * Function Name: LFOutADC_IRQ_Disable
 337:Generated_Source\PSoC5/LFOutADC_IRQ.c **** ********************************************************************************
 338:Generated_Source\PSoC5/LFOutADC_IRQ.c **** *
 339:Generated_Source\PSoC5/LFOutADC_IRQ.c **** * Summary:
 340:Generated_Source\PSoC5/LFOutADC_IRQ.c **** *   Disables the Interrupt in the interrupt controller.
 341:Generated_Source\PSoC5/LFOutADC_IRQ.c **** *
 342:Generated_Source\PSoC5/LFOutADC_IRQ.c **** * Parameters:
 343:Generated_Source\PSoC5/LFOutADC_IRQ.c **** *   None
 344:Generated_Source\PSoC5/LFOutADC_IRQ.c **** *
 345:Generated_Source\PSoC5/LFOutADC_IRQ.c **** * Return:
 346:Generated_Source\PSoC5/LFOutADC_IRQ.c **** *   None
 347:Generated_Source\PSoC5/LFOutADC_IRQ.c **** *
ARM GAS  C:\Users\THOMPS~1\AppData\Local\Temp\ccdIlxtD.s 			page 8


 348:Generated_Source\PSoC5/LFOutADC_IRQ.c **** *******************************************************************************/
 349:Generated_Source\PSoC5/LFOutADC_IRQ.c **** void LFOutADC_IRQ_Disable(void)
 350:Generated_Source\PSoC5/LFOutADC_IRQ.c **** {
 351:Generated_Source\PSoC5/LFOutADC_IRQ.c ****     /* Disable the general interrupt. */
 352:Generated_Source\PSoC5/LFOutADC_IRQ.c ****     *LFOutADC_IRQ_INTC_CLR_EN = LFOutADC_IRQ__INTC_MASK;
  52              		.loc 1 352 0
  53 0000 084A     		ldr	r2, .L3
  54 0002 4FF00053 		mov	r3, #536870912
  55 0006 1360     		str	r3, [r2]
  56              	.LVL0:
  57              	.LBE23:
  58              	.LBE22:
  59              	.LBB24:
  60              	.LBB25:
 204:Generated_Source\PSoC5/LFOutADC_IRQ.c **** 
  61              		.loc 1 204 0
  62 0008 02F68832 		addw	r2, r2, #2952
  63 000c 1268     		ldr	r2, [r2]
  64              	.LVL1:
 206:Generated_Source\PSoC5/LFOutADC_IRQ.c **** }
  65              		.loc 1 206 0
  66 000e 0649     		ldr	r1, .L3+4
  67 0010 C2F8B410 		str	r1, [r2, #180]
  68              	.LVL2:
  69              	.LBE25:
  70              	.LBE24:
  71              	.LBB26:
  72              	.LBB27:
 260:Generated_Source\PSoC5/LFOutADC_IRQ.c **** }
  73              		.loc 1 260 0
  74 0014 054A     		ldr	r2, .L3+8
  75 0016 E021     		movs	r1, #224
  76 0018 1170     		strb	r1, [r2]
  77              	.LVL3:
  78              	.LBE27:
  79              	.LBE26:
  80              	.LBB28:
  81              	.LBB29:
 310:Generated_Source\PSoC5/LFOutADC_IRQ.c **** }
  82              		.loc 1 310 0
  83 001a 6FF44771 		mvn	r1, #796
  84 001e 0A44     		add	r2, r2, r1
  85 0020 1360     		str	r3, [r2]
  86 0022 7047     		bx	lr
  87              	.L4:
  88              		.align	2
  89              	.L3:
  90 0024 80E100E0 		.word	-536813184
  91 0028 00000000 		.word	LFOutADC_IRQ_Interrupt
  92 002c 1DE400E0 		.word	-536812515
  93              	.LBE29:
  94              	.LBE28:
  95              		.cfi_endproc
  96              	.LFE0:
  97              		.size	LFOutADC_IRQ_Start, .-LFOutADC_IRQ_Start
  98              		.section	.text.LFOutADC_IRQ_StartEx,"ax",%progbits
  99              		.align	1
ARM GAS  C:\Users\THOMPS~1\AppData\Local\Temp\ccdIlxtD.s 			page 9


 100              		.global	LFOutADC_IRQ_StartEx
 101              		.thumb
 102              		.thumb_func
 103              		.type	LFOutADC_IRQ_StartEx, %function
 104              	LFOutADC_IRQ_StartEx:
 105              	.LFB1:
 105:Generated_Source\PSoC5/LFOutADC_IRQ.c ****     /* For all we know the interrupt is active. */
 106              		.loc 1 105 0
 107              		.cfi_startproc
 108              		@ args = 0, pretend = 0, frame = 0
 109              		@ frame_needed = 0, uses_anonymous_args = 0
 110              		@ link register save eliminated.
 111              	.LVL4:
 112              	.LBB30:
 113              	.LBB31:
 114              		.loc 1 352 0
 115 0000 084A     		ldr	r2, .L6
 116 0002 4FF00053 		mov	r3, #536870912
 117 0006 1360     		str	r3, [r2]
 118              	.LVL5:
 119              	.LBE31:
 120              	.LBE30:
 121              	.LBB32:
 122              	.LBB33:
 204:Generated_Source\PSoC5/LFOutADC_IRQ.c **** 
 123              		.loc 1 204 0
 124 0008 02F68832 		addw	r2, r2, #2952
 125 000c 1268     		ldr	r2, [r2]
 126              	.LVL6:
 127              	.LBE33:
 128              	.LBE32:
 129              	.LBB35:
 130              	.LBB36:
 260:Generated_Source\PSoC5/LFOutADC_IRQ.c **** }
 131              		.loc 1 260 0
 132 000e E021     		movs	r1, #224
 133              	.LBE36:
 134              	.LBE35:
 135              	.LBB38:
 136              	.LBB34:
 206:Generated_Source\PSoC5/LFOutADC_IRQ.c **** }
 137              		.loc 1 206 0
 138 0010 C2F8B400 		str	r0, [r2, #180]
 139              	.LVL7:
 140              	.LBE34:
 141              	.LBE38:
 142              	.LBB39:
 143              	.LBB37:
 260:Generated_Source\PSoC5/LFOutADC_IRQ.c **** }
 144              		.loc 1 260 0
 145 0014 044A     		ldr	r2, .L6+4
 146 0016 1170     		strb	r1, [r2]
 147              	.LVL8:
 148              	.LBE37:
 149              	.LBE39:
 150              	.LBB40:
 151              	.LBB41:
ARM GAS  C:\Users\THOMPS~1\AppData\Local\Temp\ccdIlxtD.s 			page 10


 310:Generated_Source\PSoC5/LFOutADC_IRQ.c **** }
 152              		.loc 1 310 0
 153 0018 6FF44771 		mvn	r1, #796
 154 001c 0A44     		add	r2, r2, r1
 155 001e 1360     		str	r3, [r2]
 156 0020 7047     		bx	lr
 157              	.L7:
 158 0022 00BF     		.align	2
 159              	.L6:
 160 0024 80E100E0 		.word	-536813184
 161 0028 1DE400E0 		.word	-536812515
 162              	.LBE41:
 163              	.LBE40:
 164              		.cfi_endproc
 165              	.LFE1:
 166              		.size	LFOutADC_IRQ_StartEx, .-LFOutADC_IRQ_StartEx
 167              		.section	.text.LFOutADC_IRQ_Stop,"ax",%progbits
 168              		.align	1
 169              		.global	LFOutADC_IRQ_Stop
 170              		.thumb
 171              		.thumb_func
 172              		.type	LFOutADC_IRQ_Stop, %function
 173              	LFOutADC_IRQ_Stop:
 174              	.LFB2:
 135:Generated_Source\PSoC5/LFOutADC_IRQ.c ****     /* Disable this interrupt. */
 175              		.loc 1 135 0
 176              		.cfi_startproc
 177              		@ args = 0, pretend = 0, frame = 0
 178              		@ frame_needed = 0, uses_anonymous_args = 0
 179              		@ link register save eliminated.
 180              	.LBB42:
 181              	.LBB43:
 182              		.loc 1 352 0
 183 0000 054B     		ldr	r3, .L9
 184 0002 4FF00052 		mov	r2, #536870912
 185 0006 1A60     		str	r2, [r3]
 186              	.LVL9:
 187              	.LBE43:
 188              	.LBE42:
 189              	.LBB44:
 190              	.LBB45:
 204:Generated_Source\PSoC5/LFOutADC_IRQ.c **** 
 191              		.loc 1 204 0
 192 0008 03F68833 		addw	r3, r3, #2952
 193 000c 1B68     		ldr	r3, [r3]
 194              	.LVL10:
 206:Generated_Source\PSoC5/LFOutADC_IRQ.c **** }
 195              		.loc 1 206 0
 196 000e 034A     		ldr	r2, .L9+4
 197 0010 C3F8B420 		str	r2, [r3, #180]
 198              	.LVL11:
 199 0014 7047     		bx	lr
 200              	.L10:
 201 0016 00BF     		.align	2
 202              	.L9:
 203 0018 80E100E0 		.word	-536813184
 204 001c 00000000 		.word	IntDefaultHandler
ARM GAS  C:\Users\THOMPS~1\AppData\Local\Temp\ccdIlxtD.s 			page 11


 205              	.LBE45:
 206              	.LBE44:
 207              		.cfi_endproc
 208              	.LFE2:
 209              		.size	LFOutADC_IRQ_Stop, .-LFOutADC_IRQ_Stop
 210              		.section	.text.LFOutADC_IRQ_SetVector,"ax",%progbits
 211              		.align	1
 212              		.global	LFOutADC_IRQ_SetVector
 213              		.thumb
 214              		.thumb_func
 215              		.type	LFOutADC_IRQ_SetVector, %function
 216              	LFOutADC_IRQ_SetVector:
 217              	.LFB4:
 201:Generated_Source\PSoC5/LFOutADC_IRQ.c ****     cyisraddress * ramVectorTable;
 218              		.loc 1 201 0
 219              		.cfi_startproc
 220              		@ args = 0, pretend = 0, frame = 0
 221              		@ frame_needed = 0, uses_anonymous_args = 0
 222              		@ link register save eliminated.
 223              	.LVL12:
 204:Generated_Source\PSoC5/LFOutADC_IRQ.c **** 
 224              		.loc 1 204 0
 225 0000 024B     		ldr	r3, .L12
 226 0002 1B68     		ldr	r3, [r3]
 227              	.LVL13:
 206:Generated_Source\PSoC5/LFOutADC_IRQ.c **** }
 228              		.loc 1 206 0
 229 0004 C3F8B400 		str	r0, [r3, #180]
 230 0008 7047     		bx	lr
 231              	.L13:
 232 000a 00BF     		.align	2
 233              	.L12:
 234 000c 08ED00E0 		.word	-536810232
 235              		.cfi_endproc
 236              	.LFE4:
 237              		.size	LFOutADC_IRQ_SetVector, .-LFOutADC_IRQ_SetVector
 238              		.section	.text.LFOutADC_IRQ_GetVector,"ax",%progbits
 239              		.align	1
 240              		.global	LFOutADC_IRQ_GetVector
 241              		.thumb
 242              		.thumb_func
 243              		.type	LFOutADC_IRQ_GetVector, %function
 244              	LFOutADC_IRQ_GetVector:
 245              	.LFB5:
 225:Generated_Source\PSoC5/LFOutADC_IRQ.c ****     cyisraddress * ramVectorTable;
 246              		.loc 1 225 0
 247              		.cfi_startproc
 248              		@ args = 0, pretend = 0, frame = 0
 249              		@ frame_needed = 0, uses_anonymous_args = 0
 250              		@ link register save eliminated.
 251              	.LVL14:
 228:Generated_Source\PSoC5/LFOutADC_IRQ.c **** 
 252              		.loc 1 228 0
 253 0000 024B     		ldr	r3, .L15
 254              	.LVL15:
 230:Generated_Source\PSoC5/LFOutADC_IRQ.c **** }
 255              		.loc 1 230 0
ARM GAS  C:\Users\THOMPS~1\AppData\Local\Temp\ccdIlxtD.s 			page 12


 256 0002 1B68     		ldr	r3, [r3]
 257              	.LVL16:
 231:Generated_Source\PSoC5/LFOutADC_IRQ.c **** 
 258              		.loc 1 231 0
 259 0004 D3F8B400 		ldr	r0, [r3, #180]
 260 0008 7047     		bx	lr
 261              	.L16:
 262 000a 00BF     		.align	2
 263              	.L15:
 264 000c 08ED00E0 		.word	-536810232
 265              		.cfi_endproc
 266              	.LFE5:
 267              		.size	LFOutADC_IRQ_GetVector, .-LFOutADC_IRQ_GetVector
 268              		.section	.text.LFOutADC_IRQ_SetPriority,"ax",%progbits
 269              		.align	1
 270              		.global	LFOutADC_IRQ_SetPriority
 271              		.thumb
 272              		.thumb_func
 273              		.type	LFOutADC_IRQ_SetPriority, %function
 274              	LFOutADC_IRQ_SetPriority:
 275              	.LFB6:
 259:Generated_Source\PSoC5/LFOutADC_IRQ.c ****     *LFOutADC_IRQ_INTC_PRIOR = priority << 5;
 276              		.loc 1 259 0
 277              		.cfi_startproc
 278              		@ args = 0, pretend = 0, frame = 0
 279              		@ frame_needed = 0, uses_anonymous_args = 0
 280              		@ link register save eliminated.
 281              	.LVL17:
 260:Generated_Source\PSoC5/LFOutADC_IRQ.c **** }
 282              		.loc 1 260 0
 283 0000 4001     		lsls	r0, r0, #5
 284              	.LVL18:
 285 0002 024B     		ldr	r3, .L18
 286 0004 C0B2     		uxtb	r0, r0
 287 0006 1870     		strb	r0, [r3]
 288 0008 7047     		bx	lr
 289              	.L19:
 290 000a 00BF     		.align	2
 291              	.L18:
 292 000c 1DE400E0 		.word	-536812515
 293              		.cfi_endproc
 294              	.LFE6:
 295              		.size	LFOutADC_IRQ_SetPriority, .-LFOutADC_IRQ_SetPriority
 296              		.section	.text.LFOutADC_IRQ_GetPriority,"ax",%progbits
 297              		.align	1
 298              		.global	LFOutADC_IRQ_GetPriority
 299              		.thumb
 300              		.thumb_func
 301              		.type	LFOutADC_IRQ_GetPriority, %function
 302              	LFOutADC_IRQ_GetPriority:
 303              	.LFB7:
 281:Generated_Source\PSoC5/LFOutADC_IRQ.c ****     uint8 priority;
 304              		.loc 1 281 0
 305              		.cfi_startproc
 306              		@ args = 0, pretend = 0, frame = 0
 307              		@ frame_needed = 0, uses_anonymous_args = 0
 308              		@ link register save eliminated.
ARM GAS  C:\Users\THOMPS~1\AppData\Local\Temp\ccdIlxtD.s 			page 13


 285:Generated_Source\PSoC5/LFOutADC_IRQ.c **** 
 309              		.loc 1 285 0
 310 0000 014B     		ldr	r3, .L21
 311 0002 1878     		ldrb	r0, [r3]	@ zero_extendqisi2
 312              	.LVL19:
 288:Generated_Source\PSoC5/LFOutADC_IRQ.c **** 
 313              		.loc 1 288 0
 314 0004 4009     		lsrs	r0, r0, #5
 315              	.LVL20:
 316 0006 7047     		bx	lr
 317              	.L22:
 318              		.align	2
 319              	.L21:
 320 0008 1DE400E0 		.word	-536812515
 321              		.cfi_endproc
 322              	.LFE7:
 323              		.size	LFOutADC_IRQ_GetPriority, .-LFOutADC_IRQ_GetPriority
 324              		.section	.text.LFOutADC_IRQ_Enable,"ax",%progbits
 325              		.align	1
 326              		.global	LFOutADC_IRQ_Enable
 327              		.thumb
 328              		.thumb_func
 329              		.type	LFOutADC_IRQ_Enable, %function
 330              	LFOutADC_IRQ_Enable:
 331              	.LFB8:
 308:Generated_Source\PSoC5/LFOutADC_IRQ.c ****     /* Enable the general interrupt. */
 332              		.loc 1 308 0
 333              		.cfi_startproc
 334              		@ args = 0, pretend = 0, frame = 0
 335              		@ frame_needed = 0, uses_anonymous_args = 0
 336              		@ link register save eliminated.
 310:Generated_Source\PSoC5/LFOutADC_IRQ.c **** }
 337              		.loc 1 310 0
 338 0000 024B     		ldr	r3, .L24
 339 0002 4FF00052 		mov	r2, #536870912
 340 0006 1A60     		str	r2, [r3]
 341 0008 7047     		bx	lr
 342              	.L25:
 343 000a 00BF     		.align	2
 344              	.L24:
 345 000c 00E100E0 		.word	-536813312
 346              		.cfi_endproc
 347              	.LFE8:
 348              		.size	LFOutADC_IRQ_Enable, .-LFOutADC_IRQ_Enable
 349              		.section	.text.LFOutADC_IRQ_GetState,"ax",%progbits
 350              		.align	1
 351              		.global	LFOutADC_IRQ_GetState
 352              		.thumb
 353              		.thumb_func
 354              		.type	LFOutADC_IRQ_GetState, %function
 355              	LFOutADC_IRQ_GetState:
 356              	.LFB9:
 329:Generated_Source\PSoC5/LFOutADC_IRQ.c ****     /* Get the state of the general interrupt. */
 357              		.loc 1 329 0
 358              		.cfi_startproc
 359              		@ args = 0, pretend = 0, frame = 0
 360              		@ frame_needed = 0, uses_anonymous_args = 0
ARM GAS  C:\Users\THOMPS~1\AppData\Local\Temp\ccdIlxtD.s 			page 14


 361              		@ link register save eliminated.
 331:Generated_Source\PSoC5/LFOutADC_IRQ.c **** }
 362              		.loc 1 331 0
 363 0000 024B     		ldr	r3, .L27
 364 0002 1868     		ldr	r0, [r3]
 332:Generated_Source\PSoC5/LFOutADC_IRQ.c **** 
 365              		.loc 1 332 0
 366 0004 C0F34070 		ubfx	r0, r0, #29, #1
 367 0008 7047     		bx	lr
 368              	.L28:
 369 000a 00BF     		.align	2
 370              	.L27:
 371 000c 00E100E0 		.word	-536813312
 372              		.cfi_endproc
 373              	.LFE9:
 374              		.size	LFOutADC_IRQ_GetState, .-LFOutADC_IRQ_GetState
 375              		.section	.text.LFOutADC_IRQ_Disable,"ax",%progbits
 376              		.align	1
 377              		.global	LFOutADC_IRQ_Disable
 378              		.thumb
 379              		.thumb_func
 380              		.type	LFOutADC_IRQ_Disable, %function
 381              	LFOutADC_IRQ_Disable:
 382              	.LFB10:
 350:Generated_Source\PSoC5/LFOutADC_IRQ.c ****     /* Disable the general interrupt. */
 383              		.loc 1 350 0
 384              		.cfi_startproc
 385              		@ args = 0, pretend = 0, frame = 0
 386              		@ frame_needed = 0, uses_anonymous_args = 0
 387              		@ link register save eliminated.
 388              		.loc 1 352 0
 389 0000 024B     		ldr	r3, .L30
 390 0002 4FF00052 		mov	r2, #536870912
 391 0006 1A60     		str	r2, [r3]
 392 0008 7047     		bx	lr
 393              	.L31:
 394 000a 00BF     		.align	2
 395              	.L30:
 396 000c 80E100E0 		.word	-536813184
 397              		.cfi_endproc
 398              	.LFE10:
 399              		.size	LFOutADC_IRQ_Disable, .-LFOutADC_IRQ_Disable
 400              		.section	.text.LFOutADC_IRQ_SetPending,"ax",%progbits
 401              		.align	1
 402              		.global	LFOutADC_IRQ_SetPending
 403              		.thumb
 404              		.thumb_func
 405              		.type	LFOutADC_IRQ_SetPending, %function
 406              	LFOutADC_IRQ_SetPending:
 407              	.LFB11:
 353:Generated_Source\PSoC5/LFOutADC_IRQ.c **** }
 354:Generated_Source\PSoC5/LFOutADC_IRQ.c **** 
 355:Generated_Source\PSoC5/LFOutADC_IRQ.c **** 
 356:Generated_Source\PSoC5/LFOutADC_IRQ.c **** /*******************************************************************************
 357:Generated_Source\PSoC5/LFOutADC_IRQ.c **** * Function Name: LFOutADC_IRQ_SetPending
 358:Generated_Source\PSoC5/LFOutADC_IRQ.c **** ********************************************************************************
 359:Generated_Source\PSoC5/LFOutADC_IRQ.c **** *
ARM GAS  C:\Users\THOMPS~1\AppData\Local\Temp\ccdIlxtD.s 			page 15


 360:Generated_Source\PSoC5/LFOutADC_IRQ.c **** * Summary:
 361:Generated_Source\PSoC5/LFOutADC_IRQ.c **** *   Causes the Interrupt to enter the pending state, a software method of
 362:Generated_Source\PSoC5/LFOutADC_IRQ.c **** *   generating the interrupt.
 363:Generated_Source\PSoC5/LFOutADC_IRQ.c **** *
 364:Generated_Source\PSoC5/LFOutADC_IRQ.c **** * Parameters:
 365:Generated_Source\PSoC5/LFOutADC_IRQ.c **** *   None
 366:Generated_Source\PSoC5/LFOutADC_IRQ.c **** *
 367:Generated_Source\PSoC5/LFOutADC_IRQ.c **** * Return:
 368:Generated_Source\PSoC5/LFOutADC_IRQ.c **** *   None
 369:Generated_Source\PSoC5/LFOutADC_IRQ.c **** *
 370:Generated_Source\PSoC5/LFOutADC_IRQ.c **** * Side Effects:
 371:Generated_Source\PSoC5/LFOutADC_IRQ.c **** *   If interrupts are enabled and the interrupt is set up properly, the ISR is
 372:Generated_Source\PSoC5/LFOutADC_IRQ.c **** *   entered (depending on the priority of this interrupt and other pending 
 373:Generated_Source\PSoC5/LFOutADC_IRQ.c **** *   interrupts).
 374:Generated_Source\PSoC5/LFOutADC_IRQ.c **** *
 375:Generated_Source\PSoC5/LFOutADC_IRQ.c **** *******************************************************************************/
 376:Generated_Source\PSoC5/LFOutADC_IRQ.c **** void LFOutADC_IRQ_SetPending(void)
 377:Generated_Source\PSoC5/LFOutADC_IRQ.c **** {
 408              		.loc 1 377 0
 409              		.cfi_startproc
 410              		@ args = 0, pretend = 0, frame = 0
 411              		@ frame_needed = 0, uses_anonymous_args = 0
 412              		@ link register save eliminated.
 378:Generated_Source\PSoC5/LFOutADC_IRQ.c ****     *LFOutADC_IRQ_INTC_SET_PD = LFOutADC_IRQ__INTC_MASK;
 413              		.loc 1 378 0
 414 0000 024B     		ldr	r3, .L33
 415 0002 4FF00052 		mov	r2, #536870912
 416 0006 1A60     		str	r2, [r3]
 417 0008 7047     		bx	lr
 418              	.L34:
 419 000a 00BF     		.align	2
 420              	.L33:
 421 000c 00E200E0 		.word	-536813056
 422              		.cfi_endproc
 423              	.LFE11:
 424              		.size	LFOutADC_IRQ_SetPending, .-LFOutADC_IRQ_SetPending
 425              		.section	.text.LFOutADC_IRQ_ClearPending,"ax",%progbits
 426              		.align	1
 427              		.global	LFOutADC_IRQ_ClearPending
 428              		.thumb
 429              		.thumb_func
 430              		.type	LFOutADC_IRQ_ClearPending, %function
 431              	LFOutADC_IRQ_ClearPending:
 432              	.LFB12:
 379:Generated_Source\PSoC5/LFOutADC_IRQ.c **** }
 380:Generated_Source\PSoC5/LFOutADC_IRQ.c **** 
 381:Generated_Source\PSoC5/LFOutADC_IRQ.c **** 
 382:Generated_Source\PSoC5/LFOutADC_IRQ.c **** /*******************************************************************************
 383:Generated_Source\PSoC5/LFOutADC_IRQ.c **** * Function Name: LFOutADC_IRQ_ClearPending
 384:Generated_Source\PSoC5/LFOutADC_IRQ.c **** ********************************************************************************
 385:Generated_Source\PSoC5/LFOutADC_IRQ.c **** *
 386:Generated_Source\PSoC5/LFOutADC_IRQ.c **** * Summary:
 387:Generated_Source\PSoC5/LFOutADC_IRQ.c **** *   Clears a pending interrupt in the interrupt controller.
 388:Generated_Source\PSoC5/LFOutADC_IRQ.c **** *
 389:Generated_Source\PSoC5/LFOutADC_IRQ.c **** *   Note Some interrupt sources are clear-on-read and require the block 
 390:Generated_Source\PSoC5/LFOutADC_IRQ.c **** *   interrupt/status register to be read/cleared with the appropriate block API 
 391:Generated_Source\PSoC5/LFOutADC_IRQ.c **** *   (GPIO, UART, and so on). Otherwise the ISR will continue to remain in 
ARM GAS  C:\Users\THOMPS~1\AppData\Local\Temp\ccdIlxtD.s 			page 16


 392:Generated_Source\PSoC5/LFOutADC_IRQ.c **** *   pending state even though the interrupt itself is cleared using this API.
 393:Generated_Source\PSoC5/LFOutADC_IRQ.c **** *
 394:Generated_Source\PSoC5/LFOutADC_IRQ.c **** * Parameters:
 395:Generated_Source\PSoC5/LFOutADC_IRQ.c **** *   None
 396:Generated_Source\PSoC5/LFOutADC_IRQ.c **** *
 397:Generated_Source\PSoC5/LFOutADC_IRQ.c **** * Return:
 398:Generated_Source\PSoC5/LFOutADC_IRQ.c **** *   None
 399:Generated_Source\PSoC5/LFOutADC_IRQ.c **** *
 400:Generated_Source\PSoC5/LFOutADC_IRQ.c **** *******************************************************************************/
 401:Generated_Source\PSoC5/LFOutADC_IRQ.c **** void LFOutADC_IRQ_ClearPending(void)
 402:Generated_Source\PSoC5/LFOutADC_IRQ.c **** {
 433              		.loc 1 402 0
 434              		.cfi_startproc
 435              		@ args = 0, pretend = 0, frame = 0
 436              		@ frame_needed = 0, uses_anonymous_args = 0
 437              		@ link register save eliminated.
 403:Generated_Source\PSoC5/LFOutADC_IRQ.c ****     *LFOutADC_IRQ_INTC_CLR_PD = LFOutADC_IRQ__INTC_MASK;
 438              		.loc 1 403 0
 439 0000 024B     		ldr	r3, .L36
 440 0002 4FF00052 		mov	r2, #536870912
 441 0006 1A60     		str	r2, [r3]
 442 0008 7047     		bx	lr
 443              	.L37:
 444 000a 00BF     		.align	2
 445              	.L36:
 446 000c 80E200E0 		.word	-536812928
 447              		.cfi_endproc
 448              	.LFE12:
 449              		.size	LFOutADC_IRQ_ClearPending, .-LFOutADC_IRQ_ClearPending
 450              		.text
 451              	.Letext0:
 452              		.file 2 "Generated_Source\\PSoC5/cytypes.h"
 453              		.section	.debug_info,"",%progbits
 454              	.Ldebug_info0:
 455 0000 81030000 		.4byte	0x381
 456 0004 0400     		.2byte	0x4
 457 0006 00000000 		.4byte	.Ldebug_abbrev0
 458 000a 04       		.byte	0x4
 459 000b 01       		.uleb128 0x1
 460 000c 5D000000 		.4byte	.LASF34
 461 0010 0C       		.byte	0xc
 462 0011 FF010000 		.4byte	.LASF35
 463 0015 96020000 		.4byte	.LASF36
 464 0019 30000000 		.4byte	.Ldebug_ranges0+0x30
 465 001d 00000000 		.4byte	0
 466 0021 00000000 		.4byte	.Ldebug_line0
 467 0025 02       		.uleb128 0x2
 468 0026 04       		.byte	0x4
 469 0027 05       		.byte	0x5
 470 0028 696E7400 		.ascii	"int\000"
 471 002c 03       		.uleb128 0x3
 472 002d 04       		.byte	0x4
 473 002e 07       		.byte	0x7
 474 002f 30010000 		.4byte	.LASF0
 475 0033 03       		.uleb128 0x3
 476 0034 08       		.byte	0x8
 477 0035 05       		.byte	0x5
ARM GAS  C:\Users\THOMPS~1\AppData\Local\Temp\ccdIlxtD.s 			page 17


 478 0036 D4010000 		.4byte	.LASF1
 479 003a 03       		.uleb128 0x3
 480 003b 08       		.byte	0x8
 481 003c 04       		.byte	0x4
 482 003d 67020000 		.4byte	.LASF2
 483 0041 03       		.uleb128 0x3
 484 0042 01       		.byte	0x1
 485 0043 06       		.byte	0x6
 486 0044 73020000 		.4byte	.LASF3
 487 0048 03       		.uleb128 0x3
 488 0049 01       		.byte	0x1
 489 004a 08       		.byte	0x8
 490 004b 37000000 		.4byte	.LASF4
 491 004f 03       		.uleb128 0x3
 492 0050 02       		.byte	0x2
 493 0051 05       		.byte	0x5
 494 0052 25020000 		.4byte	.LASF5
 495 0056 03       		.uleb128 0x3
 496 0057 02       		.byte	0x2
 497 0058 07       		.byte	0x7
 498 0059 1E000000 		.4byte	.LASF6
 499 005d 03       		.uleb128 0x3
 500 005e 04       		.byte	0x4
 501 005f 05       		.byte	0x5
 502 0060 5E020000 		.4byte	.LASF7
 503 0064 03       		.uleb128 0x3
 504 0065 04       		.byte	0x4
 505 0066 07       		.byte	0x7
 506 0067 1E010000 		.4byte	.LASF8
 507 006b 03       		.uleb128 0x3
 508 006c 08       		.byte	0x8
 509 006d 07       		.byte	0x7
 510 006e 57010000 		.4byte	.LASF9
 511 0072 03       		.uleb128 0x3
 512 0073 04       		.byte	0x4
 513 0074 07       		.byte	0x7
 514 0075 E2010000 		.4byte	.LASF10
 515 0079 03       		.uleb128 0x3
 516 007a 01       		.byte	0x1
 517 007b 08       		.byte	0x8
 518 007c EB010000 		.4byte	.LASF11
 519 0080 04       		.uleb128 0x4
 520 0081 04       		.byte	0x4
 521 0082 86000000 		.4byte	0x86
 522 0086 05       		.uleb128 0x5
 523 0087 06       		.uleb128 0x6
 524 0088 EB000000 		.4byte	.LASF12
 525 008c 02       		.byte	0x2
 526 008d E401     		.2byte	0x1e4
 527 008f 48000000 		.4byte	0x48
 528 0093 06       		.uleb128 0x6
 529 0094 17010000 		.4byte	.LASF13
 530 0098 02       		.byte	0x2
 531 0099 E601     		.2byte	0x1e6
 532 009b 64000000 		.4byte	0x64
 533 009f 03       		.uleb128 0x3
 534 00a0 04       		.byte	0x4
ARM GAS  C:\Users\THOMPS~1\AppData\Local\Temp\ccdIlxtD.s 			page 18


 535 00a1 04       		.byte	0x4
 536 00a2 31000000 		.4byte	.LASF14
 537 00a6 03       		.uleb128 0x3
 538 00a7 08       		.byte	0x8
 539 00a8 04       		.byte	0x4
 540 00a9 10010000 		.4byte	.LASF15
 541 00ad 06       		.uleb128 0x6
 542 00ae 58000000 		.4byte	.LASF16
 543 00b2 02       		.byte	0x2
 544 00b3 8E02     		.2byte	0x28e
 545 00b5 B9000000 		.4byte	0xb9
 546 00b9 07       		.uleb128 0x7
 547 00ba 87000000 		.4byte	0x87
 548 00be 06       		.uleb128 0x6
 549 00bf 18000000 		.4byte	.LASF17
 550 00c3 02       		.byte	0x2
 551 00c4 9002     		.2byte	0x290
 552 00c6 CA000000 		.4byte	0xca
 553 00ca 07       		.uleb128 0x7
 554 00cb 93000000 		.4byte	0x93
 555 00cf 06       		.uleb128 0x6
 556 00d0 6E010000 		.4byte	.LASF18
 557 00d4 02       		.byte	0x2
 558 00d5 A002     		.2byte	0x2a0
 559 00d7 80000000 		.4byte	0x80
 560 00db 08       		.uleb128 0x8
 561 00dc A7010000 		.4byte	.LASF23
 562 00e0 01       		.byte	0x1
 563 00e1 3301     		.2byte	0x133
 564 00e3 01       		.byte	0x1
 565 00e4 09       		.uleb128 0x9
 566 00e5 3F030000 		.4byte	.LASF19
 567 00e9 01       		.byte	0x1
 568 00ea 0201     		.2byte	0x102
 569 00ec 01       		.byte	0x1
 570 00ed FE000000 		.4byte	0xfe
 571 00f1 0A       		.uleb128 0xa
 572 00f2 F1000000 		.4byte	.LASF21
 573 00f6 01       		.byte	0x1
 574 00f7 0201     		.2byte	0x102
 575 00f9 87000000 		.4byte	0x87
 576 00fd 00       		.byte	0
 577 00fe 0B       		.uleb128 0xb
 578 00ff 7B010000 		.4byte	.LASF20
 579 0103 01       		.byte	0x1
 580 0104 C8       		.byte	0xc8
 581 0105 01       		.byte	0x1
 582 0106 21010000 		.4byte	0x121
 583 010a 0C       		.uleb128 0xc
 584 010b 4F010000 		.4byte	.LASF22
 585 010f 01       		.byte	0x1
 586 0110 C8       		.byte	0xc8
 587 0111 CF000000 		.4byte	0xcf
 588 0115 0D       		.uleb128 0xd
 589 0116 F0010000 		.4byte	.LASF30
 590 011a 01       		.byte	0x1
 591 011b CA       		.byte	0xca
ARM GAS  C:\Users\THOMPS~1\AppData\Local\Temp\ccdIlxtD.s 			page 19


 592 011c 21010000 		.4byte	0x121
 593 0120 00       		.byte	0
 594 0121 04       		.uleb128 0x4
 595 0122 04       		.byte	0x4
 596 0123 CF000000 		.4byte	0xcf
 597 0127 08       		.uleb128 0x8
 598 0128 49020000 		.4byte	.LASF24
 599 012c 01       		.byte	0x1
 600 012d 5D01     		.2byte	0x15d
 601 012f 01       		.byte	0x1
 602 0130 0E       		.uleb128 0xe
 603 0131 28030000 		.4byte	.LASF31
 604 0135 01       		.byte	0x1
 605 0136 A0       		.byte	0xa0
 606 0137 00000000 		.4byte	.LFB3
 607 013b 02000000 		.4byte	.LFE3-.LFB3
 608 013f 01       		.uleb128 0x1
 609 0140 9C       		.byte	0x9c
 610 0141 0F       		.uleb128 0xf
 611 0142 45000000 		.4byte	.LASF25
 612 0146 01       		.byte	0x1
 613 0147 3D       		.byte	0x3d
 614 0148 00000000 		.4byte	.LFB0
 615 014c 30000000 		.4byte	.LFE0-.LFB0
 616 0150 01       		.uleb128 0x1
 617 0151 9C       		.byte	0x9c
 618 0152 C2010000 		.4byte	0x1c2
 619 0156 10       		.uleb128 0x10
 620 0157 27010000 		.4byte	0x127
 621 015b 00000000 		.4byte	.LBB22
 622 015f 08000000 		.4byte	.LBE22-.LBB22
 623 0163 01       		.byte	0x1
 624 0164 40       		.byte	0x40
 625 0165 11       		.uleb128 0x11
 626 0166 FE000000 		.4byte	0xfe
 627 016a 08000000 		.4byte	.LBB24
 628 016e 0C000000 		.4byte	.LBE24-.LBB24
 629 0172 01       		.byte	0x1
 630 0173 43       		.byte	0x43
 631 0174 95010000 		.4byte	0x195
 632 0178 12       		.uleb128 0x12
 633 0179 0A010000 		.4byte	0x10a
 634 017d 00000000 		.4byte	.LLST0
 635 0181 13       		.uleb128 0x13
 636 0182 08000000 		.4byte	.LBB25
 637 0186 0C000000 		.4byte	.LBE25-.LBB25
 638 018a 14       		.uleb128 0x14
 639 018b 15010000 		.4byte	0x115
 640 018f 18000000 		.4byte	.LLST1
 641 0193 00       		.byte	0
 642 0194 00       		.byte	0
 643 0195 11       		.uleb128 0x11
 644 0196 E4000000 		.4byte	0xe4
 645 019a 14000000 		.4byte	.LBB26
 646 019e 06000000 		.4byte	.LBE26-.LBB26
 647 01a2 01       		.byte	0x1
 648 01a3 46       		.byte	0x46
ARM GAS  C:\Users\THOMPS~1\AppData\Local\Temp\ccdIlxtD.s 			page 20


 649 01a4 B2010000 		.4byte	0x1b2
 650 01a8 12       		.uleb128 0x12
 651 01a9 F1000000 		.4byte	0xf1
 652 01ad 2B000000 		.4byte	.LLST2
 653 01b1 00       		.byte	0
 654 01b2 10       		.uleb128 0x10
 655 01b3 DB000000 		.4byte	0xdb
 656 01b7 1A000000 		.4byte	.LBB28
 657 01bb 16000000 		.4byte	.LBE28-.LBB28
 658 01bf 01       		.byte	0x1
 659 01c0 49       		.byte	0x49
 660 01c1 00       		.byte	0
 661 01c2 0F       		.uleb128 0xf
 662 01c3 92010000 		.4byte	.LASF26
 663 01c7 01       		.byte	0x1
 664 01c8 68       		.byte	0x68
 665 01c9 00000000 		.4byte	.LFB1
 666 01cd 2C000000 		.4byte	.LFE1-.LFB1
 667 01d1 01       		.uleb128 0x1
 668 01d2 9C       		.byte	0x9c
 669 01d3 4C020000 		.4byte	0x24c
 670 01d7 15       		.uleb128 0x15
 671 01d8 4F010000 		.4byte	.LASF22
 672 01dc 01       		.byte	0x1
 673 01dd 68       		.byte	0x68
 674 01de CF000000 		.4byte	0xcf
 675 01e2 01       		.uleb128 0x1
 676 01e3 50       		.byte	0x50
 677 01e4 10       		.uleb128 0x10
 678 01e5 27010000 		.4byte	0x127
 679 01e9 00000000 		.4byte	.LBB30
 680 01ed 08000000 		.4byte	.LBE30-.LBB30
 681 01f1 01       		.byte	0x1
 682 01f2 6B       		.byte	0x6b
 683 01f3 16       		.uleb128 0x16
 684 01f4 FE000000 		.4byte	0xfe
 685 01f8 08000000 		.4byte	.LBB32
 686 01fc 00000000 		.4byte	.Ldebug_ranges0+0
 687 0200 01       		.byte	0x1
 688 0201 6E       		.byte	0x6e
 689 0202 1F020000 		.4byte	0x21f
 690 0206 12       		.uleb128 0x12
 691 0207 0A010000 		.4byte	0x10a
 692 020b 3F000000 		.4byte	.LLST3
 693 020f 17       		.uleb128 0x17
 694 0210 00000000 		.4byte	.Ldebug_ranges0+0
 695 0214 14       		.uleb128 0x14
 696 0215 15010000 		.4byte	0x115
 697 0219 52000000 		.4byte	.LLST4
 698 021d 00       		.byte	0
 699 021e 00       		.byte	0
 700 021f 16       		.uleb128 0x16
 701 0220 E4000000 		.4byte	0xe4
 702 0224 0E000000 		.4byte	.LBB35
 703 0228 18000000 		.4byte	.Ldebug_ranges0+0x18
 704 022c 01       		.byte	0x1
 705 022d 71       		.byte	0x71
ARM GAS  C:\Users\THOMPS~1\AppData\Local\Temp\ccdIlxtD.s 			page 21


 706 022e 3C020000 		.4byte	0x23c
 707 0232 12       		.uleb128 0x12
 708 0233 F1000000 		.4byte	0xf1
 709 0237 65000000 		.4byte	.LLST5
 710 023b 00       		.byte	0
 711 023c 10       		.uleb128 0x10
 712 023d DB000000 		.4byte	0xdb
 713 0241 18000000 		.4byte	.LBB40
 714 0245 14000000 		.4byte	.LBE40-.LBB40
 715 0249 01       		.byte	0x1
 716 024a 74       		.byte	0x74
 717 024b 00       		.byte	0
 718 024c 0F       		.uleb128 0xf
 719 024d 3D010000 		.4byte	.LASF27
 720 0251 01       		.byte	0x1
 721 0252 86       		.byte	0x86
 722 0253 00000000 		.4byte	.LFB2
 723 0257 20000000 		.4byte	.LFE2-.LFB2
 724 025b 01       		.uleb128 0x1
 725 025c 9C       		.byte	0x9c
 726 025d 99020000 		.4byte	0x299
 727 0261 10       		.uleb128 0x10
 728 0262 27010000 		.4byte	0x127
 729 0266 00000000 		.4byte	.LBB42
 730 026a 08000000 		.4byte	.LBE42-.LBB42
 731 026e 01       		.byte	0x1
 732 026f 89       		.byte	0x89
 733 0270 18       		.uleb128 0x18
 734 0271 FE000000 		.4byte	0xfe
 735 0275 08000000 		.4byte	.LBB44
 736 0279 18000000 		.4byte	.LBE44-.LBB44
 737 027d 01       		.byte	0x1
 738 027e 8C       		.byte	0x8c
 739 027f 19       		.uleb128 0x19
 740 0280 0A010000 		.4byte	0x10a
 741 0284 13       		.uleb128 0x13
 742 0285 08000000 		.4byte	.LBB45
 743 0289 18000000 		.4byte	.LBE45-.LBB45
 744 028d 14       		.uleb128 0x14
 745 028e 15010000 		.4byte	0x115
 746 0292 79000000 		.4byte	.LLST6
 747 0296 00       		.byte	0
 748 0297 00       		.byte	0
 749 0298 00       		.byte	0
 750 0299 1A       		.uleb128 0x1a
 751 029a FE000000 		.4byte	0xfe
 752 029e 00000000 		.4byte	.LFB4
 753 02a2 10000000 		.4byte	.LFE4-.LFB4
 754 02a6 01       		.uleb128 0x1
 755 02a7 9C       		.byte	0x9c
 756 02a8 BB020000 		.4byte	0x2bb
 757 02ac 1B       		.uleb128 0x1b
 758 02ad 0A010000 		.4byte	0x10a
 759 02b1 01       		.uleb128 0x1
 760 02b2 50       		.byte	0x50
 761 02b3 1C       		.uleb128 0x1c
 762 02b4 15010000 		.4byte	0x115
ARM GAS  C:\Users\THOMPS~1\AppData\Local\Temp\ccdIlxtD.s 			page 22


 763 02b8 01       		.uleb128 0x1
 764 02b9 53       		.byte	0x53
 765 02ba 00       		.byte	0
 766 02bb 1D       		.uleb128 0x1d
 767 02bc 7F020000 		.4byte	.LASF28
 768 02c0 01       		.byte	0x1
 769 02c1 E0       		.byte	0xe0
 770 02c2 CF000000 		.4byte	0xcf
 771 02c6 00000000 		.4byte	.LFB5
 772 02ca 10000000 		.4byte	.LFE5-.LFB5
 773 02ce 01       		.uleb128 0x1
 774 02cf 9C       		.byte	0x9c
 775 02d0 E4020000 		.4byte	0x2e4
 776 02d4 1E       		.uleb128 0x1e
 777 02d5 F0010000 		.4byte	.LASF30
 778 02d9 01       		.byte	0x1
 779 02da E2       		.byte	0xe2
 780 02db 21010000 		.4byte	0x121
 781 02df 8C000000 		.4byte	.LLST7
 782 02e3 00       		.byte	0
 783 02e4 1A       		.uleb128 0x1a
 784 02e5 E4000000 		.4byte	0xe4
 785 02e9 00000000 		.4byte	.LFB6
 786 02ed 10000000 		.4byte	.LFE6-.LFB6
 787 02f1 01       		.uleb128 0x1
 788 02f2 9C       		.byte	0x9c
 789 02f3 01030000 		.4byte	0x301
 790 02f7 12       		.uleb128 0x12
 791 02f8 F1000000 		.4byte	0xf1
 792 02fc BB000000 		.4byte	.LLST8
 793 0300 00       		.byte	0
 794 0301 1F       		.uleb128 0x1f
 795 0302 BB010000 		.4byte	.LASF29
 796 0306 01       		.byte	0x1
 797 0307 1801     		.2byte	0x118
 798 0309 87000000 		.4byte	0x87
 799 030d 00000000 		.4byte	.LFB7
 800 0311 0C000000 		.4byte	.LFE7-.LFB7
 801 0315 01       		.uleb128 0x1
 802 0316 9C       		.byte	0x9c
 803 0317 2C030000 		.4byte	0x32c
 804 031b 20       		.uleb128 0x20
 805 031c F1000000 		.4byte	.LASF21
 806 0320 01       		.byte	0x1
 807 0321 1A01     		.2byte	0x11a
 808 0323 87000000 		.4byte	0x87
 809 0327 DC000000 		.4byte	.LLST9
 810 032b 00       		.byte	0
 811 032c 21       		.uleb128 0x21
 812 032d DB000000 		.4byte	0xdb
 813 0331 00000000 		.4byte	.LFB8
 814 0335 10000000 		.4byte	.LFE8-.LFB8
 815 0339 01       		.uleb128 0x1
 816 033a 9C       		.byte	0x9c
 817 033b 22       		.uleb128 0x22
 818 033c FA000000 		.4byte	.LASF37
 819 0340 01       		.byte	0x1
ARM GAS  C:\Users\THOMPS~1\AppData\Local\Temp\ccdIlxtD.s 			page 23


 820 0341 4801     		.2byte	0x148
 821 0343 87000000 		.4byte	0x87
 822 0347 00000000 		.4byte	.LFB9
 823 034b 10000000 		.4byte	.LFE9-.LFB9
 824 034f 01       		.uleb128 0x1
 825 0350 9C       		.byte	0x9c
 826 0351 21       		.uleb128 0x21
 827 0352 27010000 		.4byte	0x127
 828 0356 00000000 		.4byte	.LFB10
 829 035a 10000000 		.4byte	.LFE10-.LFB10
 830 035e 01       		.uleb128 0x1
 831 035f 9C       		.byte	0x9c
 832 0360 23       		.uleb128 0x23
 833 0361 00000000 		.4byte	.LASF32
 834 0365 01       		.byte	0x1
 835 0366 7801     		.2byte	0x178
 836 0368 00000000 		.4byte	.LFB11
 837 036c 10000000 		.4byte	.LFE11-.LFB11
 838 0370 01       		.uleb128 0x1
 839 0371 9C       		.byte	0x9c
 840 0372 23       		.uleb128 0x23
 841 0373 2F020000 		.4byte	.LASF33
 842 0377 01       		.byte	0x1
 843 0378 9101     		.2byte	0x191
 844 037a 00000000 		.4byte	.LFB12
 845 037e 10000000 		.4byte	.LFE12-.LFB12
 846 0382 01       		.uleb128 0x1
 847 0383 9C       		.byte	0x9c
 848 0384 00       		.byte	0
 849              		.section	.debug_abbrev,"",%progbits
 850              	.Ldebug_abbrev0:
 851 0000 01       		.uleb128 0x1
 852 0001 11       		.uleb128 0x11
 853 0002 01       		.byte	0x1
 854 0003 25       		.uleb128 0x25
 855 0004 0E       		.uleb128 0xe
 856 0005 13       		.uleb128 0x13
 857 0006 0B       		.uleb128 0xb
 858 0007 03       		.uleb128 0x3
 859 0008 0E       		.uleb128 0xe
 860 0009 1B       		.uleb128 0x1b
 861 000a 0E       		.uleb128 0xe
 862 000b 55       		.uleb128 0x55
 863 000c 17       		.uleb128 0x17
 864 000d 11       		.uleb128 0x11
 865 000e 01       		.uleb128 0x1
 866 000f 10       		.uleb128 0x10
 867 0010 17       		.uleb128 0x17
 868 0011 00       		.byte	0
 869 0012 00       		.byte	0
 870 0013 02       		.uleb128 0x2
 871 0014 24       		.uleb128 0x24
 872 0015 00       		.byte	0
 873 0016 0B       		.uleb128 0xb
 874 0017 0B       		.uleb128 0xb
 875 0018 3E       		.uleb128 0x3e
 876 0019 0B       		.uleb128 0xb
ARM GAS  C:\Users\THOMPS~1\AppData\Local\Temp\ccdIlxtD.s 			page 24


 877 001a 03       		.uleb128 0x3
 878 001b 08       		.uleb128 0x8
 879 001c 00       		.byte	0
 880 001d 00       		.byte	0
 881 001e 03       		.uleb128 0x3
 882 001f 24       		.uleb128 0x24
 883 0020 00       		.byte	0
 884 0021 0B       		.uleb128 0xb
 885 0022 0B       		.uleb128 0xb
 886 0023 3E       		.uleb128 0x3e
 887 0024 0B       		.uleb128 0xb
 888 0025 03       		.uleb128 0x3
 889 0026 0E       		.uleb128 0xe
 890 0027 00       		.byte	0
 891 0028 00       		.byte	0
 892 0029 04       		.uleb128 0x4
 893 002a 0F       		.uleb128 0xf
 894 002b 00       		.byte	0
 895 002c 0B       		.uleb128 0xb
 896 002d 0B       		.uleb128 0xb
 897 002e 49       		.uleb128 0x49
 898 002f 13       		.uleb128 0x13
 899 0030 00       		.byte	0
 900 0031 00       		.byte	0
 901 0032 05       		.uleb128 0x5
 902 0033 15       		.uleb128 0x15
 903 0034 00       		.byte	0
 904 0035 27       		.uleb128 0x27
 905 0036 19       		.uleb128 0x19
 906 0037 00       		.byte	0
 907 0038 00       		.byte	0
 908 0039 06       		.uleb128 0x6
 909 003a 16       		.uleb128 0x16
 910 003b 00       		.byte	0
 911 003c 03       		.uleb128 0x3
 912 003d 0E       		.uleb128 0xe
 913 003e 3A       		.uleb128 0x3a
 914 003f 0B       		.uleb128 0xb
 915 0040 3B       		.uleb128 0x3b
 916 0041 05       		.uleb128 0x5
 917 0042 49       		.uleb128 0x49
 918 0043 13       		.uleb128 0x13
 919 0044 00       		.byte	0
 920 0045 00       		.byte	0
 921 0046 07       		.uleb128 0x7
 922 0047 35       		.uleb128 0x35
 923 0048 00       		.byte	0
 924 0049 49       		.uleb128 0x49
 925 004a 13       		.uleb128 0x13
 926 004b 00       		.byte	0
 927 004c 00       		.byte	0
 928 004d 08       		.uleb128 0x8
 929 004e 2E       		.uleb128 0x2e
 930 004f 00       		.byte	0
 931 0050 3F       		.uleb128 0x3f
 932 0051 19       		.uleb128 0x19
 933 0052 03       		.uleb128 0x3
ARM GAS  C:\Users\THOMPS~1\AppData\Local\Temp\ccdIlxtD.s 			page 25


 934 0053 0E       		.uleb128 0xe
 935 0054 3A       		.uleb128 0x3a
 936 0055 0B       		.uleb128 0xb
 937 0056 3B       		.uleb128 0x3b
 938 0057 05       		.uleb128 0x5
 939 0058 27       		.uleb128 0x27
 940 0059 19       		.uleb128 0x19
 941 005a 20       		.uleb128 0x20
 942 005b 0B       		.uleb128 0xb
 943 005c 00       		.byte	0
 944 005d 00       		.byte	0
 945 005e 09       		.uleb128 0x9
 946 005f 2E       		.uleb128 0x2e
 947 0060 01       		.byte	0x1
 948 0061 3F       		.uleb128 0x3f
 949 0062 19       		.uleb128 0x19
 950 0063 03       		.uleb128 0x3
 951 0064 0E       		.uleb128 0xe
 952 0065 3A       		.uleb128 0x3a
 953 0066 0B       		.uleb128 0xb
 954 0067 3B       		.uleb128 0x3b
 955 0068 05       		.uleb128 0x5
 956 0069 27       		.uleb128 0x27
 957 006a 19       		.uleb128 0x19
 958 006b 20       		.uleb128 0x20
 959 006c 0B       		.uleb128 0xb
 960 006d 01       		.uleb128 0x1
 961 006e 13       		.uleb128 0x13
 962 006f 00       		.byte	0
 963 0070 00       		.byte	0
 964 0071 0A       		.uleb128 0xa
 965 0072 05       		.uleb128 0x5
 966 0073 00       		.byte	0
 967 0074 03       		.uleb128 0x3
 968 0075 0E       		.uleb128 0xe
 969 0076 3A       		.uleb128 0x3a
 970 0077 0B       		.uleb128 0xb
 971 0078 3B       		.uleb128 0x3b
 972 0079 05       		.uleb128 0x5
 973 007a 49       		.uleb128 0x49
 974 007b 13       		.uleb128 0x13
 975 007c 00       		.byte	0
 976 007d 00       		.byte	0
 977 007e 0B       		.uleb128 0xb
 978 007f 2E       		.uleb128 0x2e
 979 0080 01       		.byte	0x1
 980 0081 3F       		.uleb128 0x3f
 981 0082 19       		.uleb128 0x19
 982 0083 03       		.uleb128 0x3
 983 0084 0E       		.uleb128 0xe
 984 0085 3A       		.uleb128 0x3a
 985 0086 0B       		.uleb128 0xb
 986 0087 3B       		.uleb128 0x3b
 987 0088 0B       		.uleb128 0xb
 988 0089 27       		.uleb128 0x27
 989 008a 19       		.uleb128 0x19
 990 008b 20       		.uleb128 0x20
ARM GAS  C:\Users\THOMPS~1\AppData\Local\Temp\ccdIlxtD.s 			page 26


 991 008c 0B       		.uleb128 0xb
 992 008d 01       		.uleb128 0x1
 993 008e 13       		.uleb128 0x13
 994 008f 00       		.byte	0
 995 0090 00       		.byte	0
 996 0091 0C       		.uleb128 0xc
 997 0092 05       		.uleb128 0x5
 998 0093 00       		.byte	0
 999 0094 03       		.uleb128 0x3
 1000 0095 0E       		.uleb128 0xe
 1001 0096 3A       		.uleb128 0x3a
 1002 0097 0B       		.uleb128 0xb
 1003 0098 3B       		.uleb128 0x3b
 1004 0099 0B       		.uleb128 0xb
 1005 009a 49       		.uleb128 0x49
 1006 009b 13       		.uleb128 0x13
 1007 009c 00       		.byte	0
 1008 009d 00       		.byte	0
 1009 009e 0D       		.uleb128 0xd
 1010 009f 34       		.uleb128 0x34
 1011 00a0 00       		.byte	0
 1012 00a1 03       		.uleb128 0x3
 1013 00a2 0E       		.uleb128 0xe
 1014 00a3 3A       		.uleb128 0x3a
 1015 00a4 0B       		.uleb128 0xb
 1016 00a5 3B       		.uleb128 0x3b
 1017 00a6 0B       		.uleb128 0xb
 1018 00a7 49       		.uleb128 0x49
 1019 00a8 13       		.uleb128 0x13
 1020 00a9 00       		.byte	0
 1021 00aa 00       		.byte	0
 1022 00ab 0E       		.uleb128 0xe
 1023 00ac 2E       		.uleb128 0x2e
 1024 00ad 00       		.byte	0
 1025 00ae 3F       		.uleb128 0x3f
 1026 00af 19       		.uleb128 0x19
 1027 00b0 03       		.uleb128 0x3
 1028 00b1 0E       		.uleb128 0xe
 1029 00b2 3A       		.uleb128 0x3a
 1030 00b3 0B       		.uleb128 0xb
 1031 00b4 3B       		.uleb128 0x3b
 1032 00b5 0B       		.uleb128 0xb
 1033 00b6 27       		.uleb128 0x27
 1034 00b7 19       		.uleb128 0x19
 1035 00b8 11       		.uleb128 0x11
 1036 00b9 01       		.uleb128 0x1
 1037 00ba 12       		.uleb128 0x12
 1038 00bb 06       		.uleb128 0x6
 1039 00bc 40       		.uleb128 0x40
 1040 00bd 18       		.uleb128 0x18
 1041 00be 9742     		.uleb128 0x2117
 1042 00c0 19       		.uleb128 0x19
 1043 00c1 00       		.byte	0
 1044 00c2 00       		.byte	0
 1045 00c3 0F       		.uleb128 0xf
 1046 00c4 2E       		.uleb128 0x2e
 1047 00c5 01       		.byte	0x1
ARM GAS  C:\Users\THOMPS~1\AppData\Local\Temp\ccdIlxtD.s 			page 27


 1048 00c6 3F       		.uleb128 0x3f
 1049 00c7 19       		.uleb128 0x19
 1050 00c8 03       		.uleb128 0x3
 1051 00c9 0E       		.uleb128 0xe
 1052 00ca 3A       		.uleb128 0x3a
 1053 00cb 0B       		.uleb128 0xb
 1054 00cc 3B       		.uleb128 0x3b
 1055 00cd 0B       		.uleb128 0xb
 1056 00ce 27       		.uleb128 0x27
 1057 00cf 19       		.uleb128 0x19
 1058 00d0 11       		.uleb128 0x11
 1059 00d1 01       		.uleb128 0x1
 1060 00d2 12       		.uleb128 0x12
 1061 00d3 06       		.uleb128 0x6
 1062 00d4 40       		.uleb128 0x40
 1063 00d5 18       		.uleb128 0x18
 1064 00d6 9742     		.uleb128 0x2117
 1065 00d8 19       		.uleb128 0x19
 1066 00d9 01       		.uleb128 0x1
 1067 00da 13       		.uleb128 0x13
 1068 00db 00       		.byte	0
 1069 00dc 00       		.byte	0
 1070 00dd 10       		.uleb128 0x10
 1071 00de 1D       		.uleb128 0x1d
 1072 00df 00       		.byte	0
 1073 00e0 31       		.uleb128 0x31
 1074 00e1 13       		.uleb128 0x13
 1075 00e2 11       		.uleb128 0x11
 1076 00e3 01       		.uleb128 0x1
 1077 00e4 12       		.uleb128 0x12
 1078 00e5 06       		.uleb128 0x6
 1079 00e6 58       		.uleb128 0x58
 1080 00e7 0B       		.uleb128 0xb
 1081 00e8 59       		.uleb128 0x59
 1082 00e9 0B       		.uleb128 0xb
 1083 00ea 00       		.byte	0
 1084 00eb 00       		.byte	0
 1085 00ec 11       		.uleb128 0x11
 1086 00ed 1D       		.uleb128 0x1d
 1087 00ee 01       		.byte	0x1
 1088 00ef 31       		.uleb128 0x31
 1089 00f0 13       		.uleb128 0x13
 1090 00f1 11       		.uleb128 0x11
 1091 00f2 01       		.uleb128 0x1
 1092 00f3 12       		.uleb128 0x12
 1093 00f4 06       		.uleb128 0x6
 1094 00f5 58       		.uleb128 0x58
 1095 00f6 0B       		.uleb128 0xb
 1096 00f7 59       		.uleb128 0x59
 1097 00f8 0B       		.uleb128 0xb
 1098 00f9 01       		.uleb128 0x1
 1099 00fa 13       		.uleb128 0x13
 1100 00fb 00       		.byte	0
 1101 00fc 00       		.byte	0
 1102 00fd 12       		.uleb128 0x12
 1103 00fe 05       		.uleb128 0x5
 1104 00ff 00       		.byte	0
ARM GAS  C:\Users\THOMPS~1\AppData\Local\Temp\ccdIlxtD.s 			page 28


 1105 0100 31       		.uleb128 0x31
 1106 0101 13       		.uleb128 0x13
 1107 0102 02       		.uleb128 0x2
 1108 0103 17       		.uleb128 0x17
 1109 0104 00       		.byte	0
 1110 0105 00       		.byte	0
 1111 0106 13       		.uleb128 0x13
 1112 0107 0B       		.uleb128 0xb
 1113 0108 01       		.byte	0x1
 1114 0109 11       		.uleb128 0x11
 1115 010a 01       		.uleb128 0x1
 1116 010b 12       		.uleb128 0x12
 1117 010c 06       		.uleb128 0x6
 1118 010d 00       		.byte	0
 1119 010e 00       		.byte	0
 1120 010f 14       		.uleb128 0x14
 1121 0110 34       		.uleb128 0x34
 1122 0111 00       		.byte	0
 1123 0112 31       		.uleb128 0x31
 1124 0113 13       		.uleb128 0x13
 1125 0114 02       		.uleb128 0x2
 1126 0115 17       		.uleb128 0x17
 1127 0116 00       		.byte	0
 1128 0117 00       		.byte	0
 1129 0118 15       		.uleb128 0x15
 1130 0119 05       		.uleb128 0x5
 1131 011a 00       		.byte	0
 1132 011b 03       		.uleb128 0x3
 1133 011c 0E       		.uleb128 0xe
 1134 011d 3A       		.uleb128 0x3a
 1135 011e 0B       		.uleb128 0xb
 1136 011f 3B       		.uleb128 0x3b
 1137 0120 0B       		.uleb128 0xb
 1138 0121 49       		.uleb128 0x49
 1139 0122 13       		.uleb128 0x13
 1140 0123 02       		.uleb128 0x2
 1141 0124 18       		.uleb128 0x18
 1142 0125 00       		.byte	0
 1143 0126 00       		.byte	0
 1144 0127 16       		.uleb128 0x16
 1145 0128 1D       		.uleb128 0x1d
 1146 0129 01       		.byte	0x1
 1147 012a 31       		.uleb128 0x31
 1148 012b 13       		.uleb128 0x13
 1149 012c 52       		.uleb128 0x52
 1150 012d 01       		.uleb128 0x1
 1151 012e 55       		.uleb128 0x55
 1152 012f 17       		.uleb128 0x17
 1153 0130 58       		.uleb128 0x58
 1154 0131 0B       		.uleb128 0xb
 1155 0132 59       		.uleb128 0x59
 1156 0133 0B       		.uleb128 0xb
 1157 0134 01       		.uleb128 0x1
 1158 0135 13       		.uleb128 0x13
 1159 0136 00       		.byte	0
 1160 0137 00       		.byte	0
 1161 0138 17       		.uleb128 0x17
ARM GAS  C:\Users\THOMPS~1\AppData\Local\Temp\ccdIlxtD.s 			page 29


 1162 0139 0B       		.uleb128 0xb
 1163 013a 01       		.byte	0x1
 1164 013b 55       		.uleb128 0x55
 1165 013c 17       		.uleb128 0x17
 1166 013d 00       		.byte	0
 1167 013e 00       		.byte	0
 1168 013f 18       		.uleb128 0x18
 1169 0140 1D       		.uleb128 0x1d
 1170 0141 01       		.byte	0x1
 1171 0142 31       		.uleb128 0x31
 1172 0143 13       		.uleb128 0x13
 1173 0144 11       		.uleb128 0x11
 1174 0145 01       		.uleb128 0x1
 1175 0146 12       		.uleb128 0x12
 1176 0147 06       		.uleb128 0x6
 1177 0148 58       		.uleb128 0x58
 1178 0149 0B       		.uleb128 0xb
 1179 014a 59       		.uleb128 0x59
 1180 014b 0B       		.uleb128 0xb
 1181 014c 00       		.byte	0
 1182 014d 00       		.byte	0
 1183 014e 19       		.uleb128 0x19
 1184 014f 05       		.uleb128 0x5
 1185 0150 00       		.byte	0
 1186 0151 31       		.uleb128 0x31
 1187 0152 13       		.uleb128 0x13
 1188 0153 00       		.byte	0
 1189 0154 00       		.byte	0
 1190 0155 1A       		.uleb128 0x1a
 1191 0156 2E       		.uleb128 0x2e
 1192 0157 01       		.byte	0x1
 1193 0158 31       		.uleb128 0x31
 1194 0159 13       		.uleb128 0x13
 1195 015a 11       		.uleb128 0x11
 1196 015b 01       		.uleb128 0x1
 1197 015c 12       		.uleb128 0x12
 1198 015d 06       		.uleb128 0x6
 1199 015e 40       		.uleb128 0x40
 1200 015f 18       		.uleb128 0x18
 1201 0160 9742     		.uleb128 0x2117
 1202 0162 19       		.uleb128 0x19
 1203 0163 01       		.uleb128 0x1
 1204 0164 13       		.uleb128 0x13
 1205 0165 00       		.byte	0
 1206 0166 00       		.byte	0
 1207 0167 1B       		.uleb128 0x1b
 1208 0168 05       		.uleb128 0x5
 1209 0169 00       		.byte	0
 1210 016a 31       		.uleb128 0x31
 1211 016b 13       		.uleb128 0x13
 1212 016c 02       		.uleb128 0x2
 1213 016d 18       		.uleb128 0x18
 1214 016e 00       		.byte	0
 1215 016f 00       		.byte	0
 1216 0170 1C       		.uleb128 0x1c
 1217 0171 34       		.uleb128 0x34
 1218 0172 00       		.byte	0
ARM GAS  C:\Users\THOMPS~1\AppData\Local\Temp\ccdIlxtD.s 			page 30


 1219 0173 31       		.uleb128 0x31
 1220 0174 13       		.uleb128 0x13
 1221 0175 02       		.uleb128 0x2
 1222 0176 18       		.uleb128 0x18
 1223 0177 00       		.byte	0
 1224 0178 00       		.byte	0
 1225 0179 1D       		.uleb128 0x1d
 1226 017a 2E       		.uleb128 0x2e
 1227 017b 01       		.byte	0x1
 1228 017c 3F       		.uleb128 0x3f
 1229 017d 19       		.uleb128 0x19
 1230 017e 03       		.uleb128 0x3
 1231 017f 0E       		.uleb128 0xe
 1232 0180 3A       		.uleb128 0x3a
 1233 0181 0B       		.uleb128 0xb
 1234 0182 3B       		.uleb128 0x3b
 1235 0183 0B       		.uleb128 0xb
 1236 0184 27       		.uleb128 0x27
 1237 0185 19       		.uleb128 0x19
 1238 0186 49       		.uleb128 0x49
 1239 0187 13       		.uleb128 0x13
 1240 0188 11       		.uleb128 0x11
 1241 0189 01       		.uleb128 0x1
 1242 018a 12       		.uleb128 0x12
 1243 018b 06       		.uleb128 0x6
 1244 018c 40       		.uleb128 0x40
 1245 018d 18       		.uleb128 0x18
 1246 018e 9742     		.uleb128 0x2117
 1247 0190 19       		.uleb128 0x19
 1248 0191 01       		.uleb128 0x1
 1249 0192 13       		.uleb128 0x13
 1250 0193 00       		.byte	0
 1251 0194 00       		.byte	0
 1252 0195 1E       		.uleb128 0x1e
 1253 0196 34       		.uleb128 0x34
 1254 0197 00       		.byte	0
 1255 0198 03       		.uleb128 0x3
 1256 0199 0E       		.uleb128 0xe
 1257 019a 3A       		.uleb128 0x3a
 1258 019b 0B       		.uleb128 0xb
 1259 019c 3B       		.uleb128 0x3b
 1260 019d 0B       		.uleb128 0xb
 1261 019e 49       		.uleb128 0x49
 1262 019f 13       		.uleb128 0x13
 1263 01a0 02       		.uleb128 0x2
 1264 01a1 17       		.uleb128 0x17
 1265 01a2 00       		.byte	0
 1266 01a3 00       		.byte	0
 1267 01a4 1F       		.uleb128 0x1f
 1268 01a5 2E       		.uleb128 0x2e
 1269 01a6 01       		.byte	0x1
 1270 01a7 3F       		.uleb128 0x3f
 1271 01a8 19       		.uleb128 0x19
 1272 01a9 03       		.uleb128 0x3
 1273 01aa 0E       		.uleb128 0xe
 1274 01ab 3A       		.uleb128 0x3a
 1275 01ac 0B       		.uleb128 0xb
ARM GAS  C:\Users\THOMPS~1\AppData\Local\Temp\ccdIlxtD.s 			page 31


 1276 01ad 3B       		.uleb128 0x3b
 1277 01ae 05       		.uleb128 0x5
 1278 01af 27       		.uleb128 0x27
 1279 01b0 19       		.uleb128 0x19
 1280 01b1 49       		.uleb128 0x49
 1281 01b2 13       		.uleb128 0x13
 1282 01b3 11       		.uleb128 0x11
 1283 01b4 01       		.uleb128 0x1
 1284 01b5 12       		.uleb128 0x12
 1285 01b6 06       		.uleb128 0x6
 1286 01b7 40       		.uleb128 0x40
 1287 01b8 18       		.uleb128 0x18
 1288 01b9 9742     		.uleb128 0x2117
 1289 01bb 19       		.uleb128 0x19
 1290 01bc 01       		.uleb128 0x1
 1291 01bd 13       		.uleb128 0x13
 1292 01be 00       		.byte	0
 1293 01bf 00       		.byte	0
 1294 01c0 20       		.uleb128 0x20
 1295 01c1 34       		.uleb128 0x34
 1296 01c2 00       		.byte	0
 1297 01c3 03       		.uleb128 0x3
 1298 01c4 0E       		.uleb128 0xe
 1299 01c5 3A       		.uleb128 0x3a
 1300 01c6 0B       		.uleb128 0xb
 1301 01c7 3B       		.uleb128 0x3b
 1302 01c8 05       		.uleb128 0x5
 1303 01c9 49       		.uleb128 0x49
 1304 01ca 13       		.uleb128 0x13
 1305 01cb 02       		.uleb128 0x2
 1306 01cc 17       		.uleb128 0x17
 1307 01cd 00       		.byte	0
 1308 01ce 00       		.byte	0
 1309 01cf 21       		.uleb128 0x21
 1310 01d0 2E       		.uleb128 0x2e
 1311 01d1 00       		.byte	0
 1312 01d2 31       		.uleb128 0x31
 1313 01d3 13       		.uleb128 0x13
 1314 01d4 11       		.uleb128 0x11
 1315 01d5 01       		.uleb128 0x1
 1316 01d6 12       		.uleb128 0x12
 1317 01d7 06       		.uleb128 0x6
 1318 01d8 40       		.uleb128 0x40
 1319 01d9 18       		.uleb128 0x18
 1320 01da 9742     		.uleb128 0x2117
 1321 01dc 19       		.uleb128 0x19
 1322 01dd 00       		.byte	0
 1323 01de 00       		.byte	0
 1324 01df 22       		.uleb128 0x22
 1325 01e0 2E       		.uleb128 0x2e
 1326 01e1 00       		.byte	0
 1327 01e2 3F       		.uleb128 0x3f
 1328 01e3 19       		.uleb128 0x19
 1329 01e4 03       		.uleb128 0x3
 1330 01e5 0E       		.uleb128 0xe
 1331 01e6 3A       		.uleb128 0x3a
 1332 01e7 0B       		.uleb128 0xb
ARM GAS  C:\Users\THOMPS~1\AppData\Local\Temp\ccdIlxtD.s 			page 32


 1333 01e8 3B       		.uleb128 0x3b
 1334 01e9 05       		.uleb128 0x5
 1335 01ea 27       		.uleb128 0x27
 1336 01eb 19       		.uleb128 0x19
 1337 01ec 49       		.uleb128 0x49
 1338 01ed 13       		.uleb128 0x13
 1339 01ee 11       		.uleb128 0x11
 1340 01ef 01       		.uleb128 0x1
 1341 01f0 12       		.uleb128 0x12
 1342 01f1 06       		.uleb128 0x6
 1343 01f2 40       		.uleb128 0x40
 1344 01f3 18       		.uleb128 0x18
 1345 01f4 9742     		.uleb128 0x2117
 1346 01f6 19       		.uleb128 0x19
 1347 01f7 00       		.byte	0
 1348 01f8 00       		.byte	0
 1349 01f9 23       		.uleb128 0x23
 1350 01fa 2E       		.uleb128 0x2e
 1351 01fb 00       		.byte	0
 1352 01fc 3F       		.uleb128 0x3f
 1353 01fd 19       		.uleb128 0x19
 1354 01fe 03       		.uleb128 0x3
 1355 01ff 0E       		.uleb128 0xe
 1356 0200 3A       		.uleb128 0x3a
 1357 0201 0B       		.uleb128 0xb
 1358 0202 3B       		.uleb128 0x3b
 1359 0203 05       		.uleb128 0x5
 1360 0204 27       		.uleb128 0x27
 1361 0205 19       		.uleb128 0x19
 1362 0206 11       		.uleb128 0x11
 1363 0207 01       		.uleb128 0x1
 1364 0208 12       		.uleb128 0x12
 1365 0209 06       		.uleb128 0x6
 1366 020a 40       		.uleb128 0x40
 1367 020b 18       		.uleb128 0x18
 1368 020c 9742     		.uleb128 0x2117
 1369 020e 19       		.uleb128 0x19
 1370 020f 00       		.byte	0
 1371 0210 00       		.byte	0
 1372 0211 00       		.byte	0
 1373              		.section	.debug_loc,"",%progbits
 1374              	.Ldebug_loc0:
 1375              	.LLST0:
 1376 0000 08000000 		.4byte	.LVL0
 1377 0004 14000000 		.4byte	.LVL2
 1378 0008 0600     		.2byte	0x6
 1379 000a 03       		.byte	0x3
 1380 000b 00000000 		.4byte	LFOutADC_IRQ_Interrupt
 1381 000f 9F       		.byte	0x9f
 1382 0010 00000000 		.4byte	0
 1383 0014 00000000 		.4byte	0
 1384              	.LLST1:
 1385 0018 0E000000 		.4byte	.LVL1
 1386 001c 14000000 		.4byte	.LVL2
 1387 0020 0100     		.2byte	0x1
 1388 0022 52       		.byte	0x52
 1389 0023 00000000 		.4byte	0
ARM GAS  C:\Users\THOMPS~1\AppData\Local\Temp\ccdIlxtD.s 			page 33


 1390 0027 00000000 		.4byte	0
 1391              	.LLST2:
 1392 002b 14000000 		.4byte	.LVL2
 1393 002f 1A000000 		.4byte	.LVL3
 1394 0033 0200     		.2byte	0x2
 1395 0035 37       		.byte	0x37
 1396 0036 9F       		.byte	0x9f
 1397 0037 00000000 		.4byte	0
 1398 003b 00000000 		.4byte	0
 1399              	.LLST3:
 1400 003f 08000000 		.4byte	.LVL5
 1401 0043 14000000 		.4byte	.LVL7
 1402 0047 0100     		.2byte	0x1
 1403 0049 50       		.byte	0x50
 1404 004a 00000000 		.4byte	0
 1405 004e 00000000 		.4byte	0
 1406              	.LLST4:
 1407 0052 0E000000 		.4byte	.LVL6
 1408 0056 14000000 		.4byte	.LVL7
 1409 005a 0100     		.2byte	0x1
 1410 005c 52       		.byte	0x52
 1411 005d 00000000 		.4byte	0
 1412 0061 00000000 		.4byte	0
 1413              	.LLST5:
 1414 0065 14000000 		.4byte	.LVL7
 1415 0069 18000000 		.4byte	.LVL8
 1416 006d 0200     		.2byte	0x2
 1417 006f 37       		.byte	0x37
 1418 0070 9F       		.byte	0x9f
 1419 0071 00000000 		.4byte	0
 1420 0075 00000000 		.4byte	0
 1421              	.LLST6:
 1422 0079 0E000000 		.4byte	.LVL10
 1423 007d 14000000 		.4byte	.LVL11
 1424 0081 0100     		.2byte	0x1
 1425 0083 53       		.byte	0x53
 1426 0084 00000000 		.4byte	0
 1427 0088 00000000 		.4byte	0
 1428              	.LLST7:
 1429 008c 00000000 		.4byte	.LVL14
 1430 0090 02000000 		.4byte	.LVL15
 1431 0094 0600     		.2byte	0x6
 1432 0096 11       		.byte	0x11
 1433 0097 88DA8380 		.sleb128 -536810232
 1433      7E
 1434 009c 02000000 		.4byte	.LVL15
 1435 00a0 04000000 		.4byte	.LVL16
 1436 00a4 0200     		.2byte	0x2
 1437 00a6 73       		.byte	0x73
 1438 00a7 00       		.sleb128 0
 1439 00a8 04000000 		.4byte	.LVL16
 1440 00ac 10000000 		.4byte	.LFE5
 1441 00b0 0100     		.2byte	0x1
 1442 00b2 53       		.byte	0x53
 1443 00b3 00000000 		.4byte	0
 1444 00b7 00000000 		.4byte	0
 1445              	.LLST8:
ARM GAS  C:\Users\THOMPS~1\AppData\Local\Temp\ccdIlxtD.s 			page 34


 1446 00bb 00000000 		.4byte	.LVL17
 1447 00bf 02000000 		.4byte	.LVL18
 1448 00c3 0100     		.2byte	0x1
 1449 00c5 50       		.byte	0x50
 1450 00c6 02000000 		.4byte	.LVL18
 1451 00ca 10000000 		.4byte	.LFE6
 1452 00ce 0400     		.2byte	0x4
 1453 00d0 F3       		.byte	0xf3
 1454 00d1 01       		.uleb128 0x1
 1455 00d2 50       		.byte	0x50
 1456 00d3 9F       		.byte	0x9f
 1457 00d4 00000000 		.4byte	0
 1458 00d8 00000000 		.4byte	0
 1459              	.LLST9:
 1460 00dc 04000000 		.4byte	.LVL19
 1461 00e0 06000000 		.4byte	.LVL20
 1462 00e4 0500     		.2byte	0x5
 1463 00e6 70       		.byte	0x70
 1464 00e7 00       		.sleb128 0
 1465 00e8 35       		.byte	0x35
 1466 00e9 25       		.byte	0x25
 1467 00ea 9F       		.byte	0x9f
 1468 00eb 00000000 		.4byte	0
 1469 00ef 00000000 		.4byte	0
 1470              		.section	.debug_aranges,"",%progbits
 1471 0000 7C000000 		.4byte	0x7c
 1472 0004 0200     		.2byte	0x2
 1473 0006 00000000 		.4byte	.Ldebug_info0
 1474 000a 04       		.byte	0x4
 1475 000b 00       		.byte	0
 1476 000c 0000     		.2byte	0
 1477 000e 0000     		.2byte	0
 1478 0010 00000000 		.4byte	.LFB3
 1479 0014 02000000 		.4byte	.LFE3-.LFB3
 1480 0018 00000000 		.4byte	.LFB0
 1481 001c 30000000 		.4byte	.LFE0-.LFB0
 1482 0020 00000000 		.4byte	.LFB1
 1483 0024 2C000000 		.4byte	.LFE1-.LFB1
 1484 0028 00000000 		.4byte	.LFB2
 1485 002c 20000000 		.4byte	.LFE2-.LFB2
 1486 0030 00000000 		.4byte	.LFB4
 1487 0034 10000000 		.4byte	.LFE4-.LFB4
 1488 0038 00000000 		.4byte	.LFB5
 1489 003c 10000000 		.4byte	.LFE5-.LFB5
 1490 0040 00000000 		.4byte	.LFB6
 1491 0044 10000000 		.4byte	.LFE6-.LFB6
 1492 0048 00000000 		.4byte	.LFB7
 1493 004c 0C000000 		.4byte	.LFE7-.LFB7
 1494 0050 00000000 		.4byte	.LFB8
 1495 0054 10000000 		.4byte	.LFE8-.LFB8
 1496 0058 00000000 		.4byte	.LFB9
 1497 005c 10000000 		.4byte	.LFE9-.LFB9
 1498 0060 00000000 		.4byte	.LFB10
 1499 0064 10000000 		.4byte	.LFE10-.LFB10
 1500 0068 00000000 		.4byte	.LFB11
 1501 006c 10000000 		.4byte	.LFE11-.LFB11
 1502 0070 00000000 		.4byte	.LFB12
ARM GAS  C:\Users\THOMPS~1\AppData\Local\Temp\ccdIlxtD.s 			page 35


 1503 0074 10000000 		.4byte	.LFE12-.LFB12
 1504 0078 00000000 		.4byte	0
 1505 007c 00000000 		.4byte	0
 1506              		.section	.debug_ranges,"",%progbits
 1507              	.Ldebug_ranges0:
 1508 0000 08000000 		.4byte	.LBB32
 1509 0004 0E000000 		.4byte	.LBE32
 1510 0008 10000000 		.4byte	.LBB38
 1511 000c 14000000 		.4byte	.LBE38
 1512 0010 00000000 		.4byte	0
 1513 0014 00000000 		.4byte	0
 1514 0018 0E000000 		.4byte	.LBB35
 1515 001c 10000000 		.4byte	.LBE35
 1516 0020 14000000 		.4byte	.LBB39
 1517 0024 18000000 		.4byte	.LBE39
 1518 0028 00000000 		.4byte	0
 1519 002c 00000000 		.4byte	0
 1520 0030 00000000 		.4byte	.LFB3
 1521 0034 02000000 		.4byte	.LFE3
 1522 0038 00000000 		.4byte	.LFB0
 1523 003c 30000000 		.4byte	.LFE0
 1524 0040 00000000 		.4byte	.LFB1
 1525 0044 2C000000 		.4byte	.LFE1
 1526 0048 00000000 		.4byte	.LFB2
 1527 004c 20000000 		.4byte	.LFE2
 1528 0050 00000000 		.4byte	.LFB4
 1529 0054 10000000 		.4byte	.LFE4
 1530 0058 00000000 		.4byte	.LFB5
 1531 005c 10000000 		.4byte	.LFE5
 1532 0060 00000000 		.4byte	.LFB6
 1533 0064 10000000 		.4byte	.LFE6
 1534 0068 00000000 		.4byte	.LFB7
 1535 006c 0C000000 		.4byte	.LFE7
 1536 0070 00000000 		.4byte	.LFB8
 1537 0074 10000000 		.4byte	.LFE8
 1538 0078 00000000 		.4byte	.LFB9
 1539 007c 10000000 		.4byte	.LFE9
 1540 0080 00000000 		.4byte	.LFB10
 1541 0084 10000000 		.4byte	.LFE10
 1542 0088 00000000 		.4byte	.LFB11
 1543 008c 10000000 		.4byte	.LFE11
 1544 0090 00000000 		.4byte	.LFB12
 1545 0094 10000000 		.4byte	.LFE12
 1546 0098 00000000 		.4byte	0
 1547 009c 00000000 		.4byte	0
 1548              		.section	.debug_line,"",%progbits
 1549              	.Ldebug_line0:
 1550 0000 58010000 		.section	.debug_str,"MS",%progbits,1
 1550      02004900 
 1550      00000201 
 1550      FB0E0D00 
 1550      01010101 
 1551              	.LASF32:
 1552 0000 4C464F75 		.ascii	"LFOutADC_IRQ_SetPending\000"
 1552      74414443 
 1552      5F495251 
 1552      5F536574 
ARM GAS  C:\Users\THOMPS~1\AppData\Local\Temp\ccdIlxtD.s 			page 36


 1552      50656E64 
 1553              	.LASF17:
 1554 0018 72656733 		.ascii	"reg32\000"
 1554      3200
 1555              	.LASF6:
 1556 001e 73686F72 		.ascii	"short unsigned int\000"
 1556      7420756E 
 1556      7369676E 
 1556      65642069 
 1556      6E7400
 1557              	.LASF14:
 1558 0031 666C6F61 		.ascii	"float\000"
 1558      7400
 1559              	.LASF4:
 1560 0037 756E7369 		.ascii	"unsigned char\000"
 1560      676E6564 
 1560      20636861 
 1560      7200
 1561              	.LASF25:
 1562 0045 4C464F75 		.ascii	"LFOutADC_IRQ_Start\000"
 1562      74414443 
 1562      5F495251 
 1562      5F537461 
 1562      727400
 1563              	.LASF16:
 1564 0058 72656738 		.ascii	"reg8\000"
 1564      00
 1565              	.LASF34:
 1566 005d 474E5520 		.ascii	"GNU C11 5.4.1 20160609 (release) [ARM/embedded-5-br"
 1566      43313120 
 1566      352E342E 
 1566      31203230 
 1566      31363036 
 1567 0090 616E6368 		.ascii	"anch revision 237715] -mcpu=cortex-m3 -mthumb -g -O"
 1567      20726576 
 1567      6973696F 
 1567      6E203233 
 1567      37373135 
 1568 00c3 73202D66 		.ascii	"s -ffunction-sections -ffat-lto-objects\000"
 1568      66756E63 
 1568      74696F6E 
 1568      2D736563 
 1568      74696F6E 
 1569              	.LASF12:
 1570 00eb 75696E74 		.ascii	"uint8\000"
 1570      3800
 1571              	.LASF21:
 1572 00f1 7072696F 		.ascii	"priority\000"
 1572      72697479 
 1572      00
 1573              	.LASF37:
 1574 00fa 4C464F75 		.ascii	"LFOutADC_IRQ_GetState\000"
 1574      74414443 
 1574      5F495251 
 1574      5F476574 
 1574      53746174 
 1575              	.LASF15:
ARM GAS  C:\Users\THOMPS~1\AppData\Local\Temp\ccdIlxtD.s 			page 37


 1576 0110 646F7562 		.ascii	"double\000"
 1576      6C6500
 1577              	.LASF13:
 1578 0117 75696E74 		.ascii	"uint32\000"
 1578      333200
 1579              	.LASF8:
 1580 011e 6C6F6E67 		.ascii	"long unsigned int\000"
 1580      20756E73 
 1580      69676E65 
 1580      6420696E 
 1580      7400
 1581              	.LASF0:
 1582 0130 756E7369 		.ascii	"unsigned int\000"
 1582      676E6564 
 1582      20696E74 
 1582      00
 1583              	.LASF27:
 1584 013d 4C464F75 		.ascii	"LFOutADC_IRQ_Stop\000"
 1584      74414443 
 1584      5F495251 
 1584      5F53746F 
 1584      7000
 1585              	.LASF22:
 1586 014f 61646472 		.ascii	"address\000"
 1586      65737300 
 1587              	.LASF9:
 1588 0157 6C6F6E67 		.ascii	"long long unsigned int\000"
 1588      206C6F6E 
 1588      6720756E 
 1588      7369676E 
 1588      65642069 
 1589              	.LASF18:
 1590 016e 63796973 		.ascii	"cyisraddress\000"
 1590      72616464 
 1590      72657373 
 1590      00
 1591              	.LASF20:
 1592 017b 4C464F75 		.ascii	"LFOutADC_IRQ_SetVector\000"
 1592      74414443 
 1592      5F495251 
 1592      5F536574 
 1592      56656374 
 1593              	.LASF26:
 1594 0192 4C464F75 		.ascii	"LFOutADC_IRQ_StartEx\000"
 1594      74414443 
 1594      5F495251 
 1594      5F537461 
 1594      72744578 
 1595              	.LASF23:
 1596 01a7 4C464F75 		.ascii	"LFOutADC_IRQ_Enable\000"
 1596      74414443 
 1596      5F495251 
 1596      5F456E61 
 1596      626C6500 
 1597              	.LASF29:
 1598 01bb 4C464F75 		.ascii	"LFOutADC_IRQ_GetPriority\000"
 1598      74414443 
ARM GAS  C:\Users\THOMPS~1\AppData\Local\Temp\ccdIlxtD.s 			page 38


 1598      5F495251 
 1598      5F476574 
 1598      5072696F 
 1599              	.LASF1:
 1600 01d4 6C6F6E67 		.ascii	"long long int\000"
 1600      206C6F6E 
 1600      6720696E 
 1600      7400
 1601              	.LASF10:
 1602 01e2 73697A65 		.ascii	"sizetype\000"
 1602      74797065 
 1602      00
 1603              	.LASF11:
 1604 01eb 63686172 		.ascii	"char\000"
 1604      00
 1605              	.LASF30:
 1606 01f0 72616D56 		.ascii	"ramVectorTable\000"
 1606      6563746F 
 1606      72546162 
 1606      6C6500
 1607              	.LASF35:
 1608 01ff 47656E65 		.ascii	"Generated_Source\\PSoC5\\LFOutADC_IRQ.c\000"
 1608      72617465 
 1608      645F536F 
 1608      75726365 
 1608      5C50536F 
 1609              	.LASF5:
 1610 0225 73686F72 		.ascii	"short int\000"
 1610      7420696E 
 1610      7400
 1611              	.LASF33:
 1612 022f 4C464F75 		.ascii	"LFOutADC_IRQ_ClearPending\000"
 1612      74414443 
 1612      5F495251 
 1612      5F436C65 
 1612      61725065 
 1613              	.LASF24:
 1614 0249 4C464F75 		.ascii	"LFOutADC_IRQ_Disable\000"
 1614      74414443 
 1614      5F495251 
 1614      5F446973 
 1614      61626C65 
 1615              	.LASF7:
 1616 025e 6C6F6E67 		.ascii	"long int\000"
 1616      20696E74 
 1616      00
 1617              	.LASF2:
 1618 0267 6C6F6E67 		.ascii	"long double\000"
 1618      20646F75 
 1618      626C6500 
 1619              	.LASF3:
 1620 0273 7369676E 		.ascii	"signed char\000"
 1620      65642063 
 1620      68617200 
 1621              	.LASF28:
 1622 027f 4C464F75 		.ascii	"LFOutADC_IRQ_GetVector\000"
 1622      74414443 
ARM GAS  C:\Users\THOMPS~1\AppData\Local\Temp\ccdIlxtD.s 			page 39


 1622      5F495251 
 1622      5F476574 
 1622      56656374 
 1623              	.LASF36:
 1624 0296 5C5C766C 		.ascii	"\\\\vladan\\Thompson Lab Documents\\Graham\\Arduino"
 1624      6164616E 
 1624      5C54686F 
 1624      6D70736F 
 1624      6E204C61 
 1625 02c4 5C547269 		.ascii	"\\Triggered Relocker\\src\\Adjustable Automated Rel"
 1625      67676572 
 1625      65642052 
 1625      656C6F63 
 1625      6B65725C 
 1626 02f4 6F636B65 		.ascii	"ocker Code\\Adjustable Automated Relocker Code.cyds"
 1626      7220436F 
 1626      64655C41 
 1626      646A7573 
 1626      7461626C 
 1627 0326 6E00     		.ascii	"n\000"
 1628              	.LASF31:
 1629 0328 4C464F75 		.ascii	"LFOutADC_IRQ_Interrupt\000"
 1629      74414443 
 1629      5F495251 
 1629      5F496E74 
 1629      65727275 
 1630              	.LASF19:
 1631 033f 4C464F75 		.ascii	"LFOutADC_IRQ_SetPriority\000"
 1631      74414443 
 1631      5F495251 
 1631      5F536574 
 1631      5072696F 
 1632              		.ident	"GCC: (GNU Tools for ARM Embedded Processors) 5.4.1 20160609 (release) [ARM/embedded-5-bran
