--------------- Build Started: 09/17/2019 10:27:20 Project: Adjustable Automated Relocker Code, Configuration: ARM GCC 5.4-2016-q2-update Debug ---------------
The code generation step is up to date.
arm-none-eabi-gcc.exe -mcpu=cortex-m3 -mthumb -I. -IGenerated_Source\PSoC5 -Wa,-alh=.\CortexM3\ARM_GCC_541\Debug/main.lst -g -D DEBUG -Wall -ffunction-sections -ffat-lto-objects -Og -c main.c -o .\CortexM3\ARM_GCC_541\Debug\main.o
main.c: In function 'main':
main.c:249:36: warning: 'errMonThreshold2' may be used uninitialized in this function [-Wmaybe-uninitialized]
         } else if (sweptPastThresh && (errorMonitorADC > errMonThreshold2)) {
                                    ^
main.c:246:12: warning: 'errMonThreshold1' may be used uninitialized in this function [-Wmaybe-uninitialized]
         if (errorMonitorADC < errMonThreshold1) {
            ^
arm-none-eabi-ar.exe -rs ".\CortexM3\ARM_GCC_541\Debug\Adjustable Automated Relocker Code.a" .\CortexM3\ARM_GCC_541\Debug\LFOutADC.o .\CortexM3\ARM_GCC_541\Debug\LFOutADC_PM.o .\CortexM3\ARM_GCC_541\Debug\LFOutADC_INT.o .\CortexM3\ARM_GCC_541\Debug\LFOutPin.o .\CortexM3\ARM_GCC_541\Debug\redLight.o .\CortexM3\ARM_GCC_541\Debug\aPin.o .\CortexM3\ARM_GCC_541\Debug\bPin.o .\CortexM3\ARM_GCC_541\Debug\fineDAC.o .\CortexM3\ARM_GCC_541\Debug\fineDAC_PM.o .\CortexM3\ARM_GCC_541\Debug\switches.o .\CortexM3\ARM_GCC_541\Debug\switches_PM.o .\CortexM3\ARM_GCC_541\Debug\calibratePin.o .\CortexM3\ARM_GCC_541\Debug\orangeLight.o .\CortexM3\ARM_GCC_541\Debug\yellowLight.o .\CortexM3\ARM_GCC_541\Debug\greenLight.o .\CortexM3\ARM_GCC_541\Debug\setting8V.o .\CortexM3\ARM_GCC_541\Debug\setting22V.o .\CortexM3\ARM_GCC_541\Debug\setting28V.o .\CortexM3\ARM_GCC_541\Debug\LFOutADC_AMux.o .\CortexM3\ARM_GCC_541\Debug\LFOutADC_Ext_CP_Clk.o .\CortexM3\ARM_GCC_541\Debug\LFOutADC_IRQ.o .\CortexM3\ARM_GCC_541\Debug\LFOutADC_theACLK.o .\CortexM3\ARM_GCC_541\Debug\CyDmac.o .\CortexM3\ARM_GCC_541\Debug\CyFlash.o .\CortexM3\ARM_GCC_541\Debug\CyLib.o .\CortexM3\ARM_GCC_541\Debug\cyPm.o .\CortexM3\ARM_GCC_541\Debug\CySpc.o .\CortexM3\ARM_GCC_541\Debug\cyutils.o .\CortexM3\ARM_GCC_541\Debug\coarseDAC.o .\CortexM3\ARM_GCC_541\Debug\coarseDAC_PM.o .\CortexM3\ARM_GCC_541\Debug\errMonADC.o .\CortexM3\ARM_GCC_541\Debug\errMonADC_INT.o .\CortexM3\ARM_GCC_541\Debug\errMonADC_PM.o .\CortexM3\ARM_GCC_541\Debug\errMonPin.o .\CortexM3\ARM_GCC_541\Debug\errMonADC_IRQ.o .\CortexM3\ARM_GCC_541\Debug\errMonADC_theACLK.o .\CortexM3\ARM_GCC_541\Debug\sampleErrorMonitor.o .\CortexM3\ARM_GCC_541\Debug\SW_Tx_UART_1.o .\CortexM3\ARM_GCC_541\Debug\blockLockPin.o .\CortexM3\ARM_GCC_541\Debug\fineDACOut.o .\CortexM3\ARM_GCC_541\Debug\coarseDACOut.o .\CortexM3\ARM_GCC_541\Debug\tempTrigger.o .\CortexM3\ARM_GCC_541\Debug\CyBootAsmGnu.o .\CortexM3\ARM_GCC_541\Debug\SW_Tx_UART_1_AsmGnu.o
arm-none-eabi-ar.exe: creating .\CortexM3\ARM_GCC_541\Debug\Adjustable Automated Relocker Code.a
arm-none-eabi-gcc.exe -Wl,--start-group -o "C:\Users\Thompson Lab\Local Data (D)\psoc_relocker\src\Adjustable Automated Relocker Code.cydsn\CortexM3\ARM_GCC_541\Debug\Adjustable Automated Relocker Code.elf" .\CortexM3\ARM_GCC_541\Debug\main.o .\CortexM3\ARM_GCC_541\Debug\utility.o .\CortexM3\ARM_GCC_541\Debug\cyfitter_cfg.o .\CortexM3\ARM_GCC_541\Debug\cymetadata.o .\CortexM3\ARM_GCC_541\Debug\Cm3Start.o ".\CortexM3\ARM_GCC_541\Debug\Adjustable Automated Relocker Code.a" "C:\Program Files (x86)\Cypress\PSoC Creator\4.2\PSoC Creator\psoc\content\cycomponentlibrary\CyComponentLibrary.cylib\CortexM3\ARM_GCC_541\Debug\CyComponentLibrary.a" -mcpu=cortex-m3 -mthumb -L Generated_Source\PSoC5 "-Wl,-Map,.\CortexM3\ARM_GCC_541\Debug/Adjustable Automated Relocker Code.map" -T Generated_Source\PSoC5\cm3gcc.ld -specs=nano.specs -u _printf_float -Wl,--gc-sections -g -ffunction-sections -Og -ffat-lto-objects -Wl,--end-group
cyelftool.exe -C "C:\Users\Thompson Lab\Local Data (D)\psoc_relocker\src\Adjustable Automated Relocker Code.cydsn\CortexM3\ARM_GCC_541\Debug\Adjustable Automated Relocker Code.elf" --flash_row_size 256 --flash_size 262144 --flash_offset 0x00000000
No ELF section .cychecksum found, creating one
Application checksum calculated and stored in ELF section .cychecksum
Checksum calculated and stored in ELF section .cymeta
cyelftool.exe -S "C:\Users\Thompson Lab\Local Data (D)\psoc_relocker\src\Adjustable Automated Relocker Code.cydsn\CortexM3\ARM_GCC_541\Debug\Adjustable Automated Relocker Code.elf"
Flash used: 20800 of 262144 bytes (7.9%).
SRAM used: 3025 of 65536 bytes (4.6%). Stack: 2048 bytes. Heap: 512 bytes.
--------------- Build Succeeded: 09/17/2019 10:27:22 ---------------
