ARM GAS  C:\Users\THOMPS~1\AppData\Local\Temp\ccZ6W6Te.s 			page 1


   1              		.syntax unified
   2              		.cpu cortex-m3
   3              		.fpu softvfp
   4              		.eabi_attribute 20, 1
   5              		.eabi_attribute 21, 1
   6              		.eabi_attribute 23, 3
   7              		.eabi_attribute 24, 1
   8              		.eabi_attribute 25, 1
   9              		.eabi_attribute 26, 1
  10              		.eabi_attribute 30, 1
  11              		.eabi_attribute 34, 1
  12              		.eabi_attribute 18, 4
  13              		.thumb
  14              		.file	"cymetadata.c"
  15              		.text
  16              	.Ltext0:
  17              		.cfi_sections	.debug_frame
  18              		.global	cy_metadata
  19              		.global	cy_meta_flashprotect
  20              		.global	cy_meta_wonvl
  21              		.global	cy_meta_custnvl
  22              		.global	cy_meta_configecc
  23              		.section	.cyconfigecc,"a",%progbits
  24              		.align	2
  25              		.type	cy_meta_configecc, %object
  26              		.size	cy_meta_configecc, 284
  27              	cy_meta_configecc:
  28 0000 03       		.byte	3
  29 0001 52       		.byte	82
  30 0002 00       		.byte	0
  31 0003 40       		.byte	64
  32 0004 01       		.byte	1
  33 0005 5B       		.byte	91
  34 0006 00       		.byte	0
  35 0007 40       		.byte	64
  36 0008 05       		.byte	5
  37 0009 06       		.byte	6
  38 000a 01       		.byte	1
  39 000b 40       		.byte	64
  40 000c 06       		.byte	6
  41 000d 07       		.byte	7
  42 000e 01       		.byte	1
  43 000f 40       		.byte	64
  44 0010 01       		.byte	1
  45 0011 09       		.byte	9
  46 0012 01       		.byte	1
  47 0013 40       		.byte	64
  48 0014 01       		.byte	1
  49 0015 15       		.byte	21
  50 0016 01       		.byte	1
  51 0017 40       		.byte	64
  52 0018 01       		.byte	1
  53 0019 17       		.byte	23
  54 001a 01       		.byte	1
  55 001b 40       		.byte	64
  56 001c 01       		.byte	1
  57 001d 19       		.byte	25
ARM GAS  C:\Users\THOMPS~1\AppData\Local\Temp\ccZ6W6Te.s 			page 2


  58 001e 01       		.byte	1
  59 001f 40       		.byte	64
  60 0020 01       		.byte	1
  61 0021 1B       		.byte	27
  62 0022 01       		.byte	1
  63 0023 40       		.byte	64
  64 0024 04       		.byte	4
  65 0025 40       		.byte	64
  66 0026 01       		.byte	1
  67 0027 40       		.byte	64
  68 0028 02       		.byte	2
  69 0029 41       		.byte	65
  70 002a 01       		.byte	1
  71 002b 40       		.byte	64
  72 002c 04       		.byte	4
  73 002d 42       		.byte	66
  74 002e 01       		.byte	1
  75 002f 40       		.byte	64
  76 0030 07       		.byte	7
  77 0031 43       		.byte	67
  78 0032 01       		.byte	1
  79 0033 40       		.byte	64
  80 0034 02       		.byte	2
  81 0035 44       		.byte	68
  82 0036 01       		.byte	1
  83 0037 40       		.byte	64
  84 0038 01       		.byte	1
  85 0039 45       		.byte	69
  86 003a 01       		.byte	1
  87 003b 40       		.byte	64
  88 003c 05       		.byte	5
  89 003d 46       		.byte	70
  90 003e 01       		.byte	1
  91 003f 40       		.byte	64
  92 0040 05       		.byte	5
  93 0041 47       		.byte	71
  94 0042 01       		.byte	1
  95 0043 40       		.byte	64
  96 0044 03       		.byte	3
  97 0045 48       		.byte	72
  98 0046 01       		.byte	1
  99 0047 40       		.byte	64
 100 0048 02       		.byte	2
 101 0049 49       		.byte	73
 102 004a 01       		.byte	1
 103 004b 40       		.byte	64
 104 004c 04       		.byte	4
 105 004d 4C       		.byte	76
 106 004e 01       		.byte	1
 107 004f 40       		.byte	64
 108 0050 03       		.byte	3
 109 0051 4D       		.byte	77
 110 0052 01       		.byte	1
 111 0053 40       		.byte	64
 112 0054 01       		.byte	1
 113 0055 51       		.byte	81
 114 0056 01       		.byte	1
ARM GAS  C:\Users\THOMPS~1\AppData\Local\Temp\ccZ6W6Te.s 			page 3


 115 0057 40       		.byte	64
 116 0058 20       		.byte	32
 117 0059 40       		.byte	64
 118 005a 21       		.byte	33
 119 005b 40       		.byte	64
 120 005c 61       		.byte	97
 121 005d 0A       		.byte	10
 122 005e 27       		.byte	39
 123 005f 84       		.byte	-124
 124 0060 38       		.byte	56
 125 0061 08       		.byte	8
 126 0062 3E       		.byte	62
 127 0063 04       		.byte	4
 128 0064 58       		.byte	88
 129 0065 04       		.byte	4
 130 0066 5B       		.byte	91
 131 0067 04       		.byte	4
 132 0068 5F       		.byte	95
 133 0069 01       		.byte	1
 134 006a 1E       		.byte	30
 135 006b 20       		.byte	32
 136 006c 6E       		.byte	110
 137 006d 80       		.byte	-128
 138 006e 6F       		.byte	111
 139 006f 01       		.byte	1
 140 0070 86       		.byte	-122
 141 0071 40       		.byte	64
 142 0072 87       		.byte	-121
 143 0073 01       		.byte	1
 144 0074 EE       		.byte	-18
 145 0075 04       		.byte	4
 146 0076 EE       		.byte	-18
 147 0077 04       		.byte	4
 148 0078 EC       		.byte	-20
 149 0079 30       		.byte	48
 150 007a B2       		.byte	-78
 151 007b 10       		.byte	16
 152 007c E8       		.byte	-24
 153 007d 80       		.byte	-128
 154 007e EC       		.byte	-20
 155 007f 30       		.byte	48
 156 0080 33       		.byte	51
 157 0081 20       		.byte	32
 158 0082 67       		.byte	103
 159 0083 04       		.byte	4
 160 0084 CC       		.byte	-52
 161 0085 10       		.byte	16
 162 0086 D8       		.byte	-40
 163 0087 80       		.byte	-128
 164 0088 97       		.byte	-105
 165 0089 04       		.byte	4
 166 008a A7       		.byte	-89
 167 008b 20       		.byte	32
 168 008c 53       		.byte	83
 169 008d 08       		.byte	8
 170 008e 97       		.byte	-105
 171 008f 04       		.byte	4
ARM GAS  C:\Users\THOMPS~1\AppData\Local\Temp\ccZ6W6Te.s 			page 4


 172 0090 A7       		.byte	-89
 173 0091 20       		.byte	32
 174 0092 D4       		.byte	-44
 175 0093 20       		.byte	32
 176 0094 87       		.byte	-121
 177 0095 0C       		.byte	12
 178 0096 97       		.byte	-105
 179 0097 04       		.byte	4
 180 0098 A7       		.byte	-89
 181 0099 08       		.byte	8
 182 009a AB       		.byte	-85
 183 009b 20       		.byte	32
 184 009c E2       		.byte	-30
 185 009d 40       		.byte	64
 186 009e E6       		.byte	-26
 187 009f 40       		.byte	64
 188 00a0 EE       		.byte	-18
 189 00a1 20       		.byte	32
 190 00a2 7C       		.byte	124
 191 00a3 20       		.byte	32
 192 00a4 DE       		.byte	-34
 193 00a5 01       		.byte	1
 194 00a6 9C       		.byte	-100
 195 00a7 20       		.byte	32
 196 00a8 1B       		.byte	27
 197 00a9 04       		.byte	4
 198 00aa 45       		.byte	69
 199 00ab 08       		.byte	8
 200 00ac 9C       		.byte	-100
 201 00ad 20       		.byte	32
 202 00ae C6       		.byte	-58
 203 00af 08       		.byte	8
 204 00b0 D0       		.byte	-48
 205 00b1 01       		.byte	1
 206 00b2 44       		.byte	68
 207 00b3 01       		.byte	1
 208 00b4 9C       		.byte	-100
 209 00b5 20       		.byte	32
 210 00b6 A5       		.byte	-91
 211 00b7 08       		.byte	8
 212 00b8 AB       		.byte	-85
 213 00b9 04       		.byte	4
 214 00ba D0       		.byte	-48
 215 00bb 04       		.byte	4
 216 00bc 20       		.byte	32
 217 00bd 80       		.byte	-128
 218 00be 25       		.byte	37
 219 00bf 10       		.byte	16
 220 00c0 C8       		.byte	-56
 221 00c1 60       		.byte	96
 222 00c2 B0       		.byte	-80
 223 00c3 40       		.byte	64
 224 00c4 B5       		.byte	-75
 225 00c5 10       		.byte	16
 226 00c6 9C       		.byte	-100
 227 00c7 01       		.byte	1
 228 00c8 A5       		.byte	-91
ARM GAS  C:\Users\THOMPS~1\AppData\Local\Temp\ccZ6W6Te.s 			page 5


 229 00c9 08       		.byte	8
 230 00ca B0       		.byte	-80
 231 00cb 20       		.byte	32
 232 00cc E8       		.byte	-24
 233 00cd 01       		.byte	1
 234 00ce B0       		.byte	-80
 235 00cf 01       		.byte	1
 236 00d0 B5       		.byte	-75
 237 00d1 08       		.byte	8
 238 00d2 EC       		.byte	-20
 239 00d3 0C       		.byte	12
 240 00d4 00       		.byte	0
 241 00d5 03       		.byte	3
 242 00d6 00       		.byte	0
 243 00d7 00       		.byte	0
 244 00d8 0B       		.byte	11
 245 00d9 C0       		.byte	-64
 246 00da C0       		.byte	-64
 247 00db 00       		.byte	0
 248 00dc 00       		.byte	0
 249 00dd 00       		.byte	0
 250 00de 00       		.byte	0
 251 00df 00       		.byte	0
 252 00e0 00       		.byte	0
 253 00e1 0A       		.byte	10
 254 00e2 0A       		.byte	10
 255 00e3 00       		.byte	0
 256 00e4 0A       		.byte	10
 257 00e5 00       		.byte	0
 258 00e6 00       		.byte	0
 259 00e7 00       		.byte	0
 260 00e8 00       		.byte	0
 261 00e9 0B       		.byte	11
 262 00ea 0B       		.byte	11
 263 00eb 00       		.byte	0
 264 00ec 00       		.byte	0
 265 00ed 00       		.byte	0
 266 00ee 00       		.byte	0
 267 00ef 00       		.byte	0
 268 00f0 02       		.byte	2
 269 00f1 00       		.byte	0
 270 00f2 00       		.byte	0
 271 00f3 00       		.byte	0
 272 00f4 00       		.byte	0
 273 00f5 00       		.byte	0
 274 00f6 00       		.byte	0
 275 00f7 00       		.byte	0
 276 00f8 00       		.byte	0
 277 00f9 00       		.byte	0
 278 00fa 00       		.byte	0
 279 00fb 00       		.byte	0
 280 00fc 00       		.byte	0
 281 00fd 00       		.byte	0
 282 00fe 84       		.byte	-124
 283 00ff 00       		.byte	0
 284 0100 04       		.byte	4
 285 0101 C0       		.byte	-64
ARM GAS  C:\Users\THOMPS~1\AppData\Local\Temp\ccZ6W6Te.s 			page 6


 286 0102 C0       		.byte	-64
 287 0103 00       		.byte	0
 288 0104 40       		.byte	64
 289 0105 00       		.byte	0
 290 0106 00       		.byte	0
 291 0107 00       		.byte	0
 292 0108 01       		.byte	1
 293 0109 00       		.byte	0
 294 010a 00       		.byte	0
 295 010b 00       		.byte	0
 296 010c 00       		.byte	0
 297 010d 00       		.byte	0
 298 010e 48       		.byte	72
 299 010f 00       		.byte	0
 300 0110 00       		.byte	0
 301 0111 80       		.byte	-128
 302 0112 80       		.byte	-128
 303 0113 00       		.byte	0
 304 0114 00       		.byte	0
 305 0115 00       		.byte	0
 306 0116 00       		.byte	0
 307 0117 00       		.byte	0
 308 0118 86       		.byte	-122
 309 0119 00       		.byte	0
 310 011a 18       		.byte	24
 311 011b 01       		.byte	1
 312              		.section	.cywolatch,"a",%progbits
 313              		.align	2
 314              		.type	cy_meta_wonvl, %object
 315              		.size	cy_meta_wonvl, 4
 316              	cy_meta_wonvl:
 317 0000 BC       		.byte	-68
 318 0001 90       		.byte	-112
 319 0002 AC       		.byte	-84
 320 0003 AF       		.byte	-81
 321              		.section	.cycustnvl,"a",%progbits
 322              		.align	2
 323              		.type	cy_meta_custnvl, %object
 324              		.size	cy_meta_custnvl, 4
 325              	cy_meta_custnvl:
 326 0000 00       		.byte	0
 327 0001 00       		.byte	0
 328 0002 40       		.byte	64
 329 0003 05       		.byte	5
 330              		.section	.cymeta,"a",%progbits
 331              		.align	2
 332              		.type	cy_metadata, %object
 333              		.size	cy_metadata, 12
 334              	cy_metadata:
 335 0000 00       		.byte	0
 336 0001 01       		.byte	1
 337 0002 2E       		.byte	46
 338 0003 12       		.byte	18
 339 0004 30       		.byte	48
 340 0005 69       		.byte	105
 341 0006 00       		.byte	0
 342 0007 01       		.byte	1
ARM GAS  C:\Users\THOMPS~1\AppData\Local\Temp\ccZ6W6Te.s 			page 7


 343 0008 00       		.byte	0
 344 0009 00       		.byte	0
 345 000a 00       		.byte	0
 346 000b 00       		.byte	0
 347              		.section	.cyflashprotect,"a",%progbits
 348              		.align	2
 349              		.type	cy_meta_flashprotect, %object
 350              		.size	cy_meta_flashprotect, 256
 351              	cy_meta_flashprotect:
 352 0000 00000000 		.space	256
 352      00000000 
 352      00000000 
 352      00000000 
 352      00000000 
 353              		.text
 354              	.Letext0:
 355              		.file 1 "Generated_Source\\PSoC5\\cymetadata.c"
 356              		.file 2 "Generated_Source\\PSoC5\\cytypes.h"
 357              		.section	.debug_info,"",%progbits
 358              	.Ldebug_info0:
 359 0000 37010000 		.4byte	0x137
 360 0004 0400     		.2byte	0x4
 361 0006 00000000 		.4byte	.Ldebug_abbrev0
 362 000a 04       		.byte	0x4
 363 000b 01       		.uleb128 0x1
 364 000c E7000000 		.4byte	.LASF18
 365 0010 01       		.byte	0x1
 366 0011 FD010000 		.4byte	.LASF19
 367 0015 45000000 		.4byte	.LASF20
 368 0019 00000000 		.4byte	.Ldebug_line0
 369 001d 02       		.uleb128 0x2
 370 001e 01       		.byte	0x1
 371 001f 06       		.byte	0x6
 372 0020 F1010000 		.4byte	.LASF0
 373 0024 02       		.uleb128 0x2
 374 0025 01       		.byte	0x1
 375 0026 08       		.byte	0x8
 376 0027 12000000 		.4byte	.LASF1
 377 002b 02       		.uleb128 0x2
 378 002c 02       		.byte	0x2
 379 002d 05       		.byte	0x5
 380 002e D8010000 		.4byte	.LASF2
 381 0032 02       		.uleb128 0x2
 382 0033 02       		.byte	0x2
 383 0034 07       		.byte	0x7
 384 0035 32000000 		.4byte	.LASF3
 385 0039 02       		.uleb128 0x2
 386 003a 04       		.byte	0x4
 387 003b 05       		.byte	0x5
 388 003c E8010000 		.4byte	.LASF4
 389 0040 02       		.uleb128 0x2
 390 0041 04       		.byte	0x4
 391 0042 07       		.byte	0x7
 392 0043 20000000 		.4byte	.LASF5
 393 0047 02       		.uleb128 0x2
 394 0048 08       		.byte	0x8
 395 0049 05       		.byte	0x5
ARM GAS  C:\Users\THOMPS~1\AppData\Local\Temp\ccZ6W6Te.s 			page 8


 396 004a C5010000 		.4byte	.LASF6
 397 004e 02       		.uleb128 0x2
 398 004f 08       		.byte	0x8
 399 0050 07       		.byte	0x7
 400 0051 82010000 		.4byte	.LASF7
 401 0055 03       		.uleb128 0x3
 402 0056 04       		.byte	0x4
 403 0057 05       		.byte	0x5
 404 0058 696E7400 		.ascii	"int\000"
 405 005c 02       		.uleb128 0x2
 406 005d 04       		.byte	0x4
 407 005e 07       		.byte	0x7
 408 005f 75010000 		.4byte	.LASF8
 409 0063 04       		.uleb128 0x4
 410 0064 E2010000 		.4byte	.LASF21
 411 0068 02       		.byte	0x2
 412 0069 9201     		.2byte	0x192
 413 006b 24000000 		.4byte	0x24
 414 006f 02       		.uleb128 0x2
 415 0070 04       		.byte	0x4
 416 0071 04       		.byte	0x4
 417 0072 0C000000 		.4byte	.LASF9
 418 0076 02       		.uleb128 0x2
 419 0077 08       		.byte	0x8
 420 0078 04       		.byte	0x4
 421 0079 BE000000 		.4byte	.LASF10
 422 007d 02       		.uleb128 0x2
 423 007e 01       		.byte	0x1
 424 007f 08       		.byte	0x8
 425 0080 D3010000 		.4byte	.LASF11
 426 0084 05       		.uleb128 0x5
 427 0085 63000000 		.4byte	0x63
 428 0089 95000000 		.4byte	0x95
 429 008d 06       		.uleb128 0x6
 430 008e 95000000 		.4byte	0x95
 431 0092 1B01     		.2byte	0x11b
 432 0094 00       		.byte	0
 433 0095 02       		.uleb128 0x2
 434 0096 04       		.byte	0x4
 435 0097 07       		.byte	0x7
 436 0098 BC010000 		.4byte	.LASF12
 437 009c 07       		.uleb128 0x7
 438 009d D5000000 		.4byte	.LASF13
 439 00a1 01       		.byte	0x1
 440 00a2 1F       		.byte	0x1f
 441 00a3 AD000000 		.4byte	0xad
 442 00a7 05       		.uleb128 0x5
 443 00a8 03       		.byte	0x3
 444 00a9 00000000 		.4byte	cy_meta_configecc
 445 00ad 08       		.uleb128 0x8
 446 00ae 84000000 		.4byte	0x84
 447 00b2 05       		.uleb128 0x5
 448 00b3 63000000 		.4byte	0x63
 449 00b7 C2000000 		.4byte	0xc2
 450 00bb 09       		.uleb128 0x9
 451 00bc 95000000 		.4byte	0x95
 452 00c0 03       		.byte	0x3
ARM GAS  C:\Users\THOMPS~1\AppData\Local\Temp\ccZ6W6Te.s 			page 9


 453 00c1 00       		.byte	0
 454 00c2 07       		.uleb128 0x7
 455 00c3 C5000000 		.4byte	.LASF14
 456 00c7 01       		.byte	0x1
 457 00c8 50       		.byte	0x50
 458 00c9 D3000000 		.4byte	0xd3
 459 00cd 05       		.uleb128 0x5
 460 00ce 03       		.byte	0x3
 461 00cf 00000000 		.4byte	cy_meta_custnvl
 462 00d3 08       		.uleb128 0x8
 463 00d4 B2000000 		.4byte	0xb2
 464 00d8 07       		.uleb128 0x7
 465 00d9 AE010000 		.4byte	.LASF15
 466 00dd 01       		.byte	0x1
 467 00de 5E       		.byte	0x5e
 468 00df E9000000 		.4byte	0xe9
 469 00e3 05       		.uleb128 0x5
 470 00e4 03       		.byte	0x3
 471 00e5 00000000 		.4byte	cy_meta_wonvl
 472 00e9 08       		.uleb128 0x8
 473 00ea B2000000 		.4byte	0xb2
 474 00ee 05       		.uleb128 0x5
 475 00ef 63000000 		.4byte	0x63
 476 00f3 FE000000 		.4byte	0xfe
 477 00f7 09       		.uleb128 0x9
 478 00f8 95000000 		.4byte	0x95
 479 00fc FF       		.byte	0xff
 480 00fd 00       		.byte	0
 481 00fe 07       		.uleb128 0x7
 482 00ff 99010000 		.4byte	.LASF16
 483 0103 01       		.byte	0x1
 484 0104 6C       		.byte	0x6c
 485 0105 0F010000 		.4byte	0x10f
 486 0109 05       		.uleb128 0x5
 487 010a 03       		.byte	0x3
 488 010b 00000000 		.4byte	cy_meta_flashprotect
 489 010f 08       		.uleb128 0x8
 490 0110 EE000000 		.4byte	0xee
 491 0114 05       		.uleb128 0x5
 492 0115 63000000 		.4byte	0x63
 493 0119 24010000 		.4byte	0x124
 494 011d 09       		.uleb128 0x9
 495 011e 95000000 		.4byte	0x95
 496 0122 0B       		.byte	0xb
 497 0123 00       		.byte	0
 498 0124 07       		.uleb128 0x7
 499 0125 00000000 		.4byte	.LASF17
 500 0129 01       		.byte	0x1
 501 012a 99       		.byte	0x99
 502 012b 35010000 		.4byte	0x135
 503 012f 05       		.uleb128 0x5
 504 0130 03       		.byte	0x3
 505 0131 00000000 		.4byte	cy_metadata
 506 0135 08       		.uleb128 0x8
 507 0136 14010000 		.4byte	0x114
 508 013a 00       		.byte	0
 509              		.section	.debug_abbrev,"",%progbits
ARM GAS  C:\Users\THOMPS~1\AppData\Local\Temp\ccZ6W6Te.s 			page 10


 510              	.Ldebug_abbrev0:
 511 0000 01       		.uleb128 0x1
 512 0001 11       		.uleb128 0x11
 513 0002 01       		.byte	0x1
 514 0003 25       		.uleb128 0x25
 515 0004 0E       		.uleb128 0xe
 516 0005 13       		.uleb128 0x13
 517 0006 0B       		.uleb128 0xb
 518 0007 03       		.uleb128 0x3
 519 0008 0E       		.uleb128 0xe
 520 0009 1B       		.uleb128 0x1b
 521 000a 0E       		.uleb128 0xe
 522 000b 10       		.uleb128 0x10
 523 000c 17       		.uleb128 0x17
 524 000d 00       		.byte	0
 525 000e 00       		.byte	0
 526 000f 02       		.uleb128 0x2
 527 0010 24       		.uleb128 0x24
 528 0011 00       		.byte	0
 529 0012 0B       		.uleb128 0xb
 530 0013 0B       		.uleb128 0xb
 531 0014 3E       		.uleb128 0x3e
 532 0015 0B       		.uleb128 0xb
 533 0016 03       		.uleb128 0x3
 534 0017 0E       		.uleb128 0xe
 535 0018 00       		.byte	0
 536 0019 00       		.byte	0
 537 001a 03       		.uleb128 0x3
 538 001b 24       		.uleb128 0x24
 539 001c 00       		.byte	0
 540 001d 0B       		.uleb128 0xb
 541 001e 0B       		.uleb128 0xb
 542 001f 3E       		.uleb128 0x3e
 543 0020 0B       		.uleb128 0xb
 544 0021 03       		.uleb128 0x3
 545 0022 08       		.uleb128 0x8
 546 0023 00       		.byte	0
 547 0024 00       		.byte	0
 548 0025 04       		.uleb128 0x4
 549 0026 16       		.uleb128 0x16
 550 0027 00       		.byte	0
 551 0028 03       		.uleb128 0x3
 552 0029 0E       		.uleb128 0xe
 553 002a 3A       		.uleb128 0x3a
 554 002b 0B       		.uleb128 0xb
 555 002c 3B       		.uleb128 0x3b
 556 002d 05       		.uleb128 0x5
 557 002e 49       		.uleb128 0x49
 558 002f 13       		.uleb128 0x13
 559 0030 00       		.byte	0
 560 0031 00       		.byte	0
 561 0032 05       		.uleb128 0x5
 562 0033 01       		.uleb128 0x1
 563 0034 01       		.byte	0x1
 564 0035 49       		.uleb128 0x49
 565 0036 13       		.uleb128 0x13
 566 0037 01       		.uleb128 0x1
ARM GAS  C:\Users\THOMPS~1\AppData\Local\Temp\ccZ6W6Te.s 			page 11


 567 0038 13       		.uleb128 0x13
 568 0039 00       		.byte	0
 569 003a 00       		.byte	0
 570 003b 06       		.uleb128 0x6
 571 003c 21       		.uleb128 0x21
 572 003d 00       		.byte	0
 573 003e 49       		.uleb128 0x49
 574 003f 13       		.uleb128 0x13
 575 0040 2F       		.uleb128 0x2f
 576 0041 05       		.uleb128 0x5
 577 0042 00       		.byte	0
 578 0043 00       		.byte	0
 579 0044 07       		.uleb128 0x7
 580 0045 34       		.uleb128 0x34
 581 0046 00       		.byte	0
 582 0047 03       		.uleb128 0x3
 583 0048 0E       		.uleb128 0xe
 584 0049 3A       		.uleb128 0x3a
 585 004a 0B       		.uleb128 0xb
 586 004b 3B       		.uleb128 0x3b
 587 004c 0B       		.uleb128 0xb
 588 004d 49       		.uleb128 0x49
 589 004e 13       		.uleb128 0x13
 590 004f 3F       		.uleb128 0x3f
 591 0050 19       		.uleb128 0x19
 592 0051 02       		.uleb128 0x2
 593 0052 18       		.uleb128 0x18
 594 0053 00       		.byte	0
 595 0054 00       		.byte	0
 596 0055 08       		.uleb128 0x8
 597 0056 26       		.uleb128 0x26
 598 0057 00       		.byte	0
 599 0058 49       		.uleb128 0x49
 600 0059 13       		.uleb128 0x13
 601 005a 00       		.byte	0
 602 005b 00       		.byte	0
 603 005c 09       		.uleb128 0x9
 604 005d 21       		.uleb128 0x21
 605 005e 00       		.byte	0
 606 005f 49       		.uleb128 0x49
 607 0060 13       		.uleb128 0x13
 608 0061 2F       		.uleb128 0x2f
 609 0062 0B       		.uleb128 0xb
 610 0063 00       		.byte	0
 611 0064 00       		.byte	0
 612 0065 00       		.byte	0
 613              		.section	.debug_aranges,"",%progbits
 614 0000 14000000 		.4byte	0x14
 615 0004 0200     		.2byte	0x2
 616 0006 00000000 		.4byte	.Ldebug_info0
 617 000a 04       		.byte	0x4
 618 000b 00       		.byte	0
 619 000c 0000     		.2byte	0
 620 000e 0000     		.2byte	0
 621 0010 00000000 		.4byte	0
 622 0014 00000000 		.4byte	0
 623              		.section	.debug_line,"",%progbits
ARM GAS  C:\Users\THOMPS~1\AppData\Local\Temp\ccZ6W6Te.s 			page 12


 624              	.Ldebug_line0:
 625 0000 4D000000 		.section	.debug_str,"MS",%progbits,1
 625      02004700 
 625      00000201 
 625      FB0E0D00 
 625      01010101 
 626              	.LASF17:
 627 0000 63795F6D 		.ascii	"cy_metadata\000"
 627      65746164 
 627      61746100 
 628              	.LASF9:
 629 000c 666C6F61 		.ascii	"float\000"
 629      7400
 630              	.LASF1:
 631 0012 756E7369 		.ascii	"unsigned char\000"
 631      676E6564 
 631      20636861 
 631      7200
 632              	.LASF5:
 633 0020 6C6F6E67 		.ascii	"long unsigned int\000"
 633      20756E73 
 633      69676E65 
 633      6420696E 
 633      7400
 634              	.LASF3:
 635 0032 73686F72 		.ascii	"short unsigned int\000"
 635      7420756E 
 635      7369676E 
 635      65642069 
 635      6E7400
 636              	.LASF20:
 637 0045 433A5C55 		.ascii	"C:\\Users\\Thompson Lab\\Documents\\PSoC Creator\\A"
 637      73657273 
 637      5C54686F 
 637      6D70736F 
 637      6E204C61 
 638 0073 646A7573 		.ascii	"djustable Automated Relocker Code\\Adjustable Autom"
 638      7461626C 
 638      65204175 
 638      746F6D61 
 638      74656420 
 639 00a5 61746564 		.ascii	"ated Relocker Code.cydsn\000"
 639      2052656C 
 639      6F636B65 
 639      7220436F 
 639      64652E63 
 640              	.LASF10:
 641 00be 646F7562 		.ascii	"double\000"
 641      6C6500
 642              	.LASF14:
 643 00c5 63795F6D 		.ascii	"cy_meta_custnvl\000"
 643      6574615F 
 643      63757374 
 643      6E766C00 
 644              	.LASF13:
 645 00d5 63795F6D 		.ascii	"cy_meta_configecc\000"
 645      6574615F 
ARM GAS  C:\Users\THOMPS~1\AppData\Local\Temp\ccZ6W6Te.s 			page 13


 645      636F6E66 
 645      69676563 
 645      6300
 646              	.LASF18:
 647 00e7 474E5520 		.ascii	"GNU C 4.9.3 20150303 (release) [ARM/embedded-4_9-br"
 647      4320342E 
 647      392E3320 
 647      32303135 
 647      30333033 
 648 011a 616E6368 		.ascii	"anch revision 221220] -mcpu=cortex-m3 -mthumb -g -O"
 648      20726576 
 648      6973696F 
 648      6E203232 
 648      31323230 
 649 014d 67202D66 		.ascii	"g -ffunction-sections -ffat-lto-objects\000"
 649      66756E63 
 649      74696F6E 
 649      2D736563 
 649      74696F6E 
 650              	.LASF8:
 651 0175 756E7369 		.ascii	"unsigned int\000"
 651      676E6564 
 651      20696E74 
 651      00
 652              	.LASF7:
 653 0182 6C6F6E67 		.ascii	"long long unsigned int\000"
 653      206C6F6E 
 653      6720756E 
 653      7369676E 
 653      65642069 
 654              	.LASF16:
 655 0199 63795F6D 		.ascii	"cy_meta_flashprotect\000"
 655      6574615F 
 655      666C6173 
 655      6870726F 
 655      74656374 
 656              	.LASF15:
 657 01ae 63795F6D 		.ascii	"cy_meta_wonvl\000"
 657      6574615F 
 657      776F6E76 
 657      6C00
 658              	.LASF12:
 659 01bc 73697A65 		.ascii	"sizetype\000"
 659      74797065 
 659      00
 660              	.LASF6:
 661 01c5 6C6F6E67 		.ascii	"long long int\000"
 661      206C6F6E 
 661      6720696E 
 661      7400
 662              	.LASF11:
 663 01d3 63686172 		.ascii	"char\000"
 663      00
 664              	.LASF2:
 665 01d8 73686F72 		.ascii	"short int\000"
 665      7420696E 
 665      7400
ARM GAS  C:\Users\THOMPS~1\AppData\Local\Temp\ccZ6W6Te.s 			page 14


 666              	.LASF21:
 667 01e2 75696E74 		.ascii	"uint8\000"
 667      3800
 668              	.LASF4:
 669 01e8 6C6F6E67 		.ascii	"long int\000"
 669      20696E74 
 669      00
 670              	.LASF0:
 671 01f1 7369676E 		.ascii	"signed char\000"
 671      65642063 
 671      68617200 
 672              	.LASF19:
 673 01fd 47656E65 		.ascii	"Generated_Source\\PSoC5\\cymetadata.c\000"
 673      72617465 
 673      645F536F 
 673      75726365 
 673      5C50536F 
 674              		.ident	"GCC: (GNU Tools for ARM Embedded Processors) 4.9.3 20150303 (release) [ARM/embedded-4_9-br
